INFO 2023-05-26 22:48:31,785 autoreload 643 Watching for file changes with StatReloader
INFO 2023-05-26 22:49:35,874 autoreload 643 Watching for file changes with StatReloader
INFO 2023-05-26 22:49:42,047 basehttp 179 "GET /static/index.html HTTP/1.1" 200 28828
INFO 2023-05-26 22:49:42,183 basehttp 179 "GET /static/plugins/bootstrap-icons/bootstrap-icons.css HTTP/1.1" 200 88585
INFO 2023-05-26 22:49:42,189 basehttp 179 "GET /static/dist/css/BSA.css HTTP/1.1" 200 20169
INFO 2023-05-26 22:49:42,190 basehttp 179 "GET /static/plugins/bootstrap/css/bootstrap.min.css HTTP/1.1" 200 163873
INFO 2023-05-26 22:49:42,224 basehttp 179 "GET /static/dist/img/logo-icon.png HTTP/1.1" 200 2065
INFO 2023-05-26 22:49:42,225 basehttp 179 "GET /static/dist/js/BSA.js HTTP/1.1" 200 24803
INFO 2023-05-26 22:49:42,227 basehttp 179 "GET /static/plugins/bootstrap/js/bootstrap.bundle.min.js HTTP/1.1" 200 78129
INFO 2023-05-26 22:49:42,242 basehttp 179 "GET /static/plugins/bootstrap-icons/fonts/bootstrap-icons.woff2?8d200481aa7f02a2d63a331fc782cfaf HTTP/1.1" 200 112440
INFO 2023-05-26 22:49:42,336 basehttp 179 "GET /home_page HTTP/1.1" 301 0
INFO 2023-05-26 22:49:42,386 basehttp 179 "GET /home_page/ HTTP/1.1" 200 21571
INFO 2023-05-26 22:49:42,454 basehttp 179 "GET /static/css/bootstrap.min.css HTTP/1.1" 200 194901
INFO 2023-05-26 22:49:42,468 basehttp 179 "GET /static/dist/css/BSA.css HTTP/1.1" 200 20169
INFO 2023-05-26 22:49:42,472 basehttp 179 "GET /static/js/axios-0.18.0.js HTTP/1.1" 200 12912
INFO 2023-05-26 22:49:42,478 basehttp 179 "GET /static/js/bootstrap.min.js HTTP/1.1" 200 60404
INFO 2023-05-26 22:49:42,481 basehttp 179 "GET /static/plugins/bootstrap/js/bootstrap.bundle.min.js HTTP/1.1" 200 78129
INFO 2023-05-26 22:49:42,486 basehttp 179 "GET /static/plugins/chart.js/chart.min.js HTTP/1.1" 200 197005
INFO 2023-05-26 22:49:42,486 basehttp 179 "GET /static/dist/js/BSA.js HTTP/1.1" 200 24803
INFO 2023-05-26 22:49:42,489 basehttp 179 "GET /static/js/vue.js HTTP/1.1" 200 408232
INFO 2023-05-26 22:49:43,030 basehttp 179 "GET /static/plugins/bootstrap/css/bootstrap.min.css.map HTTP/1.1" 200 451427
INFO 2023-05-26 22:49:43,052 basehttp 179 "GET /static/css/bootstrap.min.css.map HTTP/1.1" 200 522639
INFO 2023-05-26 22:49:43,215 basehttp 179 "GET /static/plugins/bootstrap/js/bootstrap.bundle.min.js.map HTTP/1.1" 200 331017
INFO 2023-05-26 22:49:43,217 basehttp 179 "GET /static/dist/js/BSA.js.map HTTP/1.1" 200 80969
INFO 2023-05-26 22:49:43,428 basehttp 179 "GET /static/dist/js/BSA.js.map HTTP/1.1" 200 80969
INFO 2023-05-26 22:49:43,431 basehttp 179 "GET /static/js/bootstrap.min.js.map HTTP/1.1" 200 216913
INFO 2023-05-26 22:49:43,433 basehttp 179 "GET /static/plugins/bootstrap/js/bootstrap.bundle.min.js.map HTTP/1.1" 200 331017
INFO 2023-05-26 22:49:43,808 basehttp 179 "GET /static/dist/img/favicon-32x32.png HTTP/1.1" 200 513
INFO 2023-05-26 22:50:15,723 basehttp 179 "GET /static/index.html HTTP/1.1" 200 28828
INFO 2023-05-26 22:50:16,118 basehttp 179 "GET /static/dist/img/logo-icon.png HTTP/1.1" 200 2065
INFO 2023-05-26 22:50:16,119 basehttp 179 "GET /static/dist/css/BSA.css HTTP/1.1" 200 20169
INFO 2023-05-26 22:50:16,122 basehttp 179 "GET /static/dist/js/BSA.js HTTP/1.1" 200 24803
INFO 2023-05-26 22:50:16,123 basehttp 179 "GET /static/plugins/bootstrap-icons/bootstrap-icons.css HTTP/1.1" 200 88585
INFO 2023-05-26 22:50:16,125 basehttp 179 "GET /static/plugins/bootstrap/js/bootstrap.bundle.min.js HTTP/1.1" 200 78129
INFO 2023-05-26 22:50:16,127 basehttp 179 "GET /static/plugins/bootstrap/css/bootstrap.min.css HTTP/1.1" 200 163873
INFO 2023-05-26 22:50:16,187 basehttp 179 "GET /static/plugins/bootstrap-icons/fonts/bootstrap-icons.woff2?8d200481aa7f02a2d63a331fc782cfaf HTTP/1.1" 200 112440
INFO 2023-05-26 22:50:16,206 basehttp 179 "GET /home_page HTTP/1.1" 301 0
INFO 2023-05-26 22:50:16,484 basehttp 179 "GET /home_page/ HTTP/1.1" 200 21486
INFO 2023-05-26 22:50:16,536 basehttp 179 "GET /static/dist/css/BSA.css HTTP/1.1" 200 20169
INFO 2023-05-26 22:50:16,541 basehttp 179 "GET /static/css/bootstrap.min.css HTTP/1.1" 200 194901
INFO 2023-05-26 22:50:16,586 basehttp 179 "GET /static/js/axios-0.18.0.js HTTP/1.1" 200 12912
INFO 2023-05-26 22:50:16,587 basehttp 179 "GET /static/dist/js/BSA.js HTTP/1.1" 200 24803
INFO 2023-05-26 22:50:16,591 basehttp 179 "GET /static/plugins/bootstrap/js/bootstrap.bundle.min.js HTTP/1.1" 200 78129
INFO 2023-05-26 22:50:16,593 basehttp 179 "GET /static/js/bootstrap.min.js HTTP/1.1" 200 60404
INFO 2023-05-26 22:50:16,597 basehttp 179 "GET /static/plugins/chart.js/chart.min.js HTTP/1.1" 200 197005
INFO 2023-05-26 22:50:16,600 basehttp 179 "GET /static/js/vue.js HTTP/1.1" 200 408232
INFO 2023-05-26 22:50:16,962 basehttp 179 "GET /static/plugins/bootstrap/css/bootstrap.min.css.map HTTP/1.1" 200 451427
INFO 2023-05-26 22:50:16,992 basehttp 179 "GET /static/css/bootstrap.min.css.map HTTP/1.1" 200 522639
INFO 2023-05-26 22:50:17,311 basehttp 179 "GET /static/dist/js/BSA.js.map HTTP/1.1" 200 80969
INFO 2023-05-26 22:50:17,314 basehttp 179 "GET /static/plugins/bootstrap/js/bootstrap.bundle.min.js.map HTTP/1.1" 200 331017
INFO 2023-05-26 22:50:17,344 basehttp 179 "GET /static/js/bootstrap.min.js.map HTTP/1.1" 200 216913
INFO 2023-05-26 22:50:17,366 basehttp 179 "GET /static/dist/js/BSA.js.map HTTP/1.1" 200 80969
INFO 2023-05-26 22:50:17,369 basehttp 179 "GET /static/plugins/bootstrap/js/bootstrap.bundle.min.js.map HTTP/1.1" 200 331017
INFO 2023-05-26 22:50:17,783 basehttp 179 "GET /static/dist/img/favicon-32x32.png HTTP/1.1" 200 513
INFO 2023-05-26 22:50:25,721 basehttp 179 "GET /static/index.html HTTP/1.1" 200 28828
INFO 2023-05-26 22:50:26,046 basehttp 179 "GET /static/plugins/bootstrap-icons/bootstrap-icons.css HTTP/1.1" 200 88585
INFO 2023-05-26 22:50:26,057 basehttp 179 "GET /static/dist/img/logo-icon.png HTTP/1.1" 200 2065
INFO 2023-05-26 22:50:26,058 basehttp 179 "GET /static/dist/css/BSA.css HTTP/1.1" 200 20169
INFO 2023-05-26 22:50:26,060 basehttp 179 "GET /static/dist/js/BSA.js HTTP/1.1" 200 24803
INFO 2023-05-26 22:50:26,063 basehttp 179 "GET /static/plugins/bootstrap/js/bootstrap.bundle.min.js HTTP/1.1" 200 78129
INFO 2023-05-26 22:50:26,064 basehttp 179 "GET /static/plugins/bootstrap/css/bootstrap.min.css HTTP/1.1" 200 163873
INFO 2023-05-26 22:50:26,100 basehttp 179 "GET /static/plugins/bootstrap-icons/fonts/bootstrap-icons.woff2?8d200481aa7f02a2d63a331fc782cfaf HTTP/1.1" 200 112440
INFO 2023-05-26 22:50:26,117 basehttp 179 "GET /home_page HTTP/1.1" 301 0
INFO 2023-05-26 22:50:26,139 basehttp 179 "GET /home_page/ HTTP/1.1" 200 21482
INFO 2023-05-26 22:50:26,171 basehttp 179 "GET /static/dist/css/BSA.css HTTP/1.1" 200 20169
INFO 2023-05-26 22:50:26,174 basehttp 179 "GET /static/css/bootstrap.min.css HTTP/1.1" 200 194901
INFO 2023-05-26 22:50:26,207 basehttp 179 "GET /static/js/axios-0.18.0.js HTTP/1.1" 200 12912
INFO 2023-05-26 22:50:26,208 basehttp 179 "GET /static/dist/js/BSA.js HTTP/1.1" 200 24803
INFO 2023-05-26 22:50:26,211 basehttp 179 "GET /static/js/bootstrap.min.js HTTP/1.1" 200 60404
INFO 2023-05-26 22:50:26,211 basehttp 179 "GET /static/plugins/bootstrap/js/bootstrap.bundle.min.js HTTP/1.1" 200 78129
INFO 2023-05-26 22:50:26,216 basehttp 179 "GET /static/plugins/chart.js/chart.min.js HTTP/1.1" 200 197005
INFO 2023-05-26 22:50:26,219 basehttp 179 "GET /static/js/vue.js HTTP/1.1" 200 408232
INFO 2023-05-26 22:50:26,719 basehttp 179 "GET /static/dist/img/favicon-32x32.png HTTP/1.1" 200 513
INFO 2023-05-26 22:50:26,750 basehttp 179 "GET /static/plugins/bootstrap/css/bootstrap.min.css.map HTTP/1.1" 200 451427
INFO 2023-05-26 22:50:26,777 basehttp 179 "GET /static/css/bootstrap.min.css.map HTTP/1.1" 200 522639
INFO 2023-05-26 22:50:27,083 basehttp 179 "GET /static/plugins/bootstrap/js/bootstrap.bundle.min.js.map HTTP/1.1" 200 331017
INFO 2023-05-26 22:50:27,084 basehttp 179 "GET /static/dist/js/BSA.js.map HTTP/1.1" 200 80969
INFO 2023-05-26 22:50:27,100 basehttp 179 "GET /static/dist/js/BSA.js.map HTTP/1.1" 200 80969
INFO 2023-05-26 22:50:27,104 basehttp 179 "GET /static/js/bootstrap.min.js.map HTTP/1.1" 200 216913
INFO 2023-05-26 22:50:27,105 basehttp 179 "GET /static/plugins/bootstrap/js/bootstrap.bundle.min.js.map HTTP/1.1" 200 331017
INFO 2023-05-26 22:50:38,215 basehttp 179 "GET /static/index.html HTTP/1.1" 200 28828
INFO 2023-05-26 22:50:38,285 basehttp 179 "GET /static/plugins/bootstrap-icons/bootstrap-icons.css HTTP/1.1" 200 88585
INFO 2023-05-26 22:50:38,289 basehttp 179 "GET /static/dist/css/BSA.css HTTP/1.1" 200 20169
INFO 2023-05-26 22:50:38,291 basehttp 179 "GET /static/plugins/bootstrap/css/bootstrap.min.css HTTP/1.1" 200 163873
INFO 2023-05-26 22:50:38,320 basehttp 179 "GET /static/dist/img/logo-icon.png HTTP/1.1" 200 2065
INFO 2023-05-26 22:50:38,336 basehttp 179 "GET /static/dist/js/BSA.js HTTP/1.1" 200 24803
INFO 2023-05-26 22:50:38,338 basehttp 179 "GET /static/plugins/bootstrap/js/bootstrap.bundle.min.js HTTP/1.1" 200 78129
INFO 2023-05-26 22:50:38,362 basehttp 179 "GET /static/plugins/bootstrap-icons/fonts/bootstrap-icons.woff2?8d200481aa7f02a2d63a331fc782cfaf HTTP/1.1" 200 112440
INFO 2023-05-26 22:50:38,619 basehttp 179 "GET /home_page HTTP/1.1" 301 0
INFO 2023-05-26 22:50:38,653 basehttp 179 "GET /home_page/ HTTP/1.1" 200 21488
INFO 2023-05-26 22:50:38,782 basehttp 179 "GET /static/css/bootstrap.min.css HTTP/1.1" 200 194901
INFO 2023-05-26 22:50:38,821 basehttp 179 "GET /static/dist/css/BSA.css HTTP/1.1" 200 20169
INFO 2023-05-26 22:50:38,824 basehttp 179 "GET /static/js/axios-0.18.0.js HTTP/1.1" 200 12912
INFO 2023-05-26 22:50:38,826 basehttp 179 "GET /static/js/bootstrap.min.js HTTP/1.1" 200 60404
INFO 2023-05-26 22:50:38,832 basehttp 179 "GET /static/plugins/chart.js/chart.min.js HTTP/1.1" 200 197005
INFO 2023-05-26 22:50:38,835 basehttp 179 "GET /static/js/vue.js HTTP/1.1" 200 408232
INFO 2023-05-26 22:50:38,858 basehttp 179 "GET /static/plugins/bootstrap/js/bootstrap.bundle.min.js HTTP/1.1" 200 78129
INFO 2023-05-26 22:50:38,914 basehttp 179 "GET /static/dist/js/BSA.js HTTP/1.1" 200 24803
INFO 2023-05-26 22:50:39,564 basehttp 179 "GET /static/plugins/bootstrap/css/bootstrap.min.css.map HTTP/1.1" 200 451427
INFO 2023-05-26 22:50:39,586 basehttp 179 "GET /static/css/bootstrap.min.css.map HTTP/1.1" 200 522639
INFO 2023-05-26 22:50:39,954 basehttp 179 "GET /static/dist/js/BSA.js.map HTTP/1.1" 200 80969
INFO 2023-05-26 22:50:39,955 basehttp 179 "GET /static/dist/js/BSA.js.map HTTP/1.1" 200 80969
INFO 2023-05-26 22:50:39,960 basehttp 179 "GET /static/js/bootstrap.min.js.map HTTP/1.1" 200 216913
INFO 2023-05-26 22:50:39,963 basehttp 179 "GET /static/plugins/bootstrap/js/bootstrap.bundle.min.js.map HTTP/1.1" 200 331017
INFO 2023-05-26 22:50:39,965 basehttp 179 "GET /static/plugins/bootstrap/js/bootstrap.bundle.min.js.map HTTP/1.1" 200 331017
INFO 2023-05-26 22:50:40,853 basehttp 179 "GET /static/dist/img/favicon-32x32.png HTTP/1.1" 200 513
INFO 2023-05-26 22:50:51,063 basehttp 179 "GET /static/index.html HTTP/1.1" 200 28828
INFO 2023-05-26 22:50:51,390 basehttp 179 "GET /static/plugins/bootstrap-icons/bootstrap-icons.css HTTP/1.1" 200 88585
INFO 2023-05-26 22:50:51,404 basehttp 179 "GET /static/dist/css/BSA.css HTTP/1.1" 200 20169
INFO 2023-05-26 22:50:51,406 basehttp 179 "GET /static/plugins/bootstrap/css/bootstrap.min.css HTTP/1.1" 200 163873
INFO 2023-05-26 22:50:51,420 basehttp 179 "GET /static/dist/img/logo-icon.png HTTP/1.1" 200 2065
INFO 2023-05-26 22:50:51,421 basehttp 179 "GET /static/dist/js/BSA.js HTTP/1.1" 200 24803
INFO 2023-05-26 22:50:51,425 basehttp 179 "GET /static/plugins/bootstrap/js/bootstrap.bundle.min.js HTTP/1.1" 200 78129
INFO 2023-05-26 22:50:51,469 basehttp 179 "GET /static/plugins/bootstrap-icons/fonts/bootstrap-icons.woff2?8d200481aa7f02a2d63a331fc782cfaf HTTP/1.1" 200 112440
INFO 2023-05-26 22:50:51,507 basehttp 179 "GET /home_page HTTP/1.1" 301 0
INFO 2023-05-26 22:50:51,535 basehttp 179 "GET /home_page/ HTTP/1.1" 200 21464
INFO 2023-05-26 22:50:51,616 basehttp 179 "GET /static/dist/css/BSA.css HTTP/1.1" 200 20169
INFO 2023-05-26 22:50:51,617 basehttp 179 "GET /static/js/axios-0.18.0.js HTTP/1.1" 200 12912
INFO 2023-05-26 22:50:51,619 basehttp 179 "GET /static/js/bootstrap.min.js HTTP/1.1" 200 60404
INFO 2023-05-26 22:50:51,623 basehttp 179 "GET /static/plugins/chart.js/chart.min.js HTTP/1.1" 200 197005
INFO 2023-05-26 22:50:51,626 basehttp 179 "GET /static/css/bootstrap.min.css HTTP/1.1" 200 194901
INFO 2023-05-26 22:50:51,628 basehttp 179 "GET /static/js/vue.js HTTP/1.1" 200 408232
INFO 2023-05-26 22:50:51,669 basehttp 179 "GET /static/dist/js/BSA.js HTTP/1.1" 200 24803
INFO 2023-05-26 22:50:51,671 basehttp 179 "GET /static/plugins/bootstrap/js/bootstrap.bundle.min.js HTTP/1.1" 200 78129
INFO 2023-05-26 22:50:52,075 basehttp 179 "GET /static/dist/img/favicon-32x32.png HTTP/1.1" 200 513
INFO 2023-05-26 22:50:52,517 basehttp 179 "GET /static/plugins/bootstrap/css/bootstrap.min.css.map HTTP/1.1" 200 451427
INFO 2023-05-26 22:50:52,555 basehttp 179 "GET /static/css/bootstrap.min.css.map HTTP/1.1" 200 522639
INFO 2023-05-26 22:50:52,856 basehttp 179 "GET /static/dist/js/BSA.js.map HTTP/1.1" 200 80969
INFO 2023-05-26 22:50:52,860 basehttp 179 "GET /static/plugins/bootstrap/js/bootstrap.bundle.min.js.map HTTP/1.1" 200 331017
INFO 2023-05-26 22:50:52,932 basehttp 179 "GET /static/js/bootstrap.min.js.map HTTP/1.1" 200 216913
INFO 2023-05-26 22:50:52,947 basehttp 179 "GET /static/dist/js/BSA.js.map HTTP/1.1" 200 80969
INFO 2023-05-26 22:50:52,950 basehttp 179 "GET /static/plugins/bootstrap/js/bootstrap.bundle.min.js.map HTTP/1.1" 200 331017
INFO 2023-05-26 22:50:58,708 basehttp 179 "GET /static/index.html HTTP/1.1" 200 28828
INFO 2023-05-26 22:50:59,042 basehttp 179 "GET /static/dist/img/logo-icon.png HTTP/1.1" 200 2065
INFO 2023-05-26 22:50:59,043 basehttp 179 "GET /static/dist/css/BSA.css HTTP/1.1" 200 20169
INFO 2023-05-26 22:50:59,044 basehttp 179 "GET /static/dist/js/BSA.js HTTP/1.1" 200 24803
INFO 2023-05-26 22:50:59,045 basehttp 179 "GET /static/plugins/bootstrap-icons/bootstrap-icons.css HTTP/1.1" 200 88585
INFO 2023-05-26 22:50:59,048 basehttp 179 "GET /static/plugins/bootstrap/js/bootstrap.bundle.min.js HTTP/1.1" 200 78129
INFO 2023-05-26 22:50:59,049 basehttp 179 "GET /static/plugins/bootstrap/css/bootstrap.min.css HTTP/1.1" 200 163873
INFO 2023-05-26 22:50:59,090 basehttp 179 "GET /static/plugins/bootstrap-icons/fonts/bootstrap-icons.woff2?8d200481aa7f02a2d63a331fc782cfaf HTTP/1.1" 200 112440
INFO 2023-05-26 22:50:59,110 basehttp 179 "GET /home_page HTTP/1.1" 301 0
INFO 2023-05-26 22:50:59,132 basehttp 179 "GET /home_page/ HTTP/1.1" 200 21491
INFO 2023-05-26 22:50:59,164 basehttp 179 "GET /static/dist/css/BSA.css HTTP/1.1" 200 20169
INFO 2023-05-26 22:50:59,167 basehttp 179 "GET /static/css/bootstrap.min.css HTTP/1.1" 200 194901
INFO 2023-05-26 22:50:59,210 basehttp 179 "GET /static/js/axios-0.18.0.js HTTP/1.1" 200 12912
INFO 2023-05-26 22:50:59,211 basehttp 179 "GET /static/dist/js/BSA.js HTTP/1.1" 200 24803
INFO 2023-05-26 22:50:59,213 basehttp 179 "GET /static/js/bootstrap.min.js HTTP/1.1" 200 60404
INFO 2023-05-26 22:50:59,215 basehttp 179 "GET /static/plugins/bootstrap/js/bootstrap.bundle.min.js HTTP/1.1" 200 78129
INFO 2023-05-26 22:50:59,218 basehttp 179 "GET /static/plugins/chart.js/chart.min.js HTTP/1.1" 200 197005
INFO 2023-05-26 22:50:59,221 basehttp 179 "GET /static/js/vue.js HTTP/1.1" 200 408232
INFO 2023-05-26 22:50:59,516 basehttp 179 "GET /static/dist/img/favicon-32x32.png HTTP/1.1" 200 513
INFO 2023-05-26 22:51:00,207 basehttp 179 "GET /static/plugins/bootstrap/css/bootstrap.min.css.map HTTP/1.1" 200 451427
INFO 2023-05-26 22:51:00,241 basehttp 179 "GET /static/css/bootstrap.min.css.map HTTP/1.1" 200 522639
INFO 2023-05-26 22:51:00,623 basehttp 179 "GET /static/dist/js/BSA.js.map HTTP/1.1" 200 80969
INFO 2023-05-26 22:51:00,624 basehttp 179 "GET /static/dist/js/BSA.js.map HTTP/1.1" 200 80969
INFO 2023-05-26 22:51:00,631 basehttp 179 "GET /static/js/bootstrap.min.js.map HTTP/1.1" 200 216913
INFO 2023-05-26 22:51:00,634 basehttp 179 "GET /static/plugins/bootstrap/js/bootstrap.bundle.min.js.map HTTP/1.1" 200 331017
INFO 2023-05-26 22:51:00,634 basehttp 179 "GET /static/plugins/bootstrap/js/bootstrap.bundle.min.js.map HTTP/1.1" 200 331017
INFO 2023-05-26 22:51:12,129 basehttp 179 "GET /static/index.html HTTP/1.1" 200 28828
INFO 2023-05-26 22:51:12,484 basehttp 179 "GET /static/plugins/bootstrap-icons/bootstrap-icons.css HTTP/1.1" 200 88585
INFO 2023-05-26 22:51:12,487 basehttp 179 "GET /static/plugins/bootstrap/css/bootstrap.min.css HTTP/1.1" 200 163873
INFO 2023-05-26 22:51:12,493 basehttp 179 "GET /static/dist/css/BSA.css HTTP/1.1" 200 20169
INFO 2023-05-26 22:51:12,498 basehttp 179 "GET /static/plugins/bootstrap/js/bootstrap.bundle.min.js HTTP/1.1" 200 78129
INFO 2023-05-26 22:51:12,508 basehttp 179 "GET /static/dist/img/logo-icon.png HTTP/1.1" 200 2065
INFO 2023-05-26 22:51:12,509 basehttp 179 "GET /static/dist/js/BSA.js HTTP/1.1" 200 24803
INFO 2023-05-26 22:51:12,537 basehttp 179 "GET /static/plugins/bootstrap-icons/fonts/bootstrap-icons.woff2?8d200481aa7f02a2d63a331fc782cfaf HTTP/1.1" 200 112440
INFO 2023-05-26 22:51:12,554 basehttp 179 "GET /home_page HTTP/1.1" 301 0
INFO 2023-05-26 22:51:12,575 basehttp 179 "GET /home_page/ HTTP/1.1" 200 21485
INFO 2023-05-26 22:51:12,609 basehttp 179 "GET /static/dist/css/BSA.css HTTP/1.1" 200 20169
INFO 2023-05-26 22:51:12,612 basehttp 179 "GET /static/css/bootstrap.min.css HTTP/1.1" 200 194901
INFO 2023-05-26 22:51:12,660 basehttp 179 "GET /static/js/axios-0.18.0.js HTTP/1.1" 200 12912
INFO 2023-05-26 22:51:12,661 basehttp 179 "GET /static/js/bootstrap.min.js HTTP/1.1" 200 60404
INFO 2023-05-26 22:51:12,667 basehttp 179 "GET /static/js/vue.js HTTP/1.1" 200 408232
INFO 2023-05-26 22:51:12,679 basehttp 179 "GET /static/dist/js/BSA.js HTTP/1.1" 200 24803
INFO 2023-05-26 22:51:12,681 basehttp 179 "GET /static/plugins/bootstrap/js/bootstrap.bundle.min.js HTTP/1.1" 200 78129
INFO 2023-05-26 22:51:12,684 basehttp 179 "GET /static/plugins/chart.js/chart.min.js HTTP/1.1" 200 197005
INFO 2023-05-26 22:51:13,151 basehttp 179 "GET /static/dist/img/favicon-32x32.png HTTP/1.1" 200 513
INFO 2023-05-26 22:51:13,499 basehttp 179 "GET /static/plugins/bootstrap/css/bootstrap.min.css.map HTTP/1.1" 200 451427
INFO 2023-05-26 22:51:13,533 basehttp 179 "GET /static/css/bootstrap.min.css.map HTTP/1.1" 200 522639
INFO 2023-05-26 22:51:13,834 basehttp 179 "GET /static/dist/js/BSA.js.map HTTP/1.1" 200 80969
INFO 2023-05-26 22:51:13,837 basehttp 179 "GET /static/plugins/bootstrap/js/bootstrap.bundle.min.js.map HTTP/1.1" 200 331017
INFO 2023-05-26 22:51:13,869 basehttp 179 "GET /static/js/bootstrap.min.js.map HTTP/1.1" 200 216913
INFO 2023-05-26 22:51:13,886 basehttp 179 "GET /static/dist/js/BSA.js.map HTTP/1.1" 200 80969
INFO 2023-05-26 22:51:13,890 basehttp 179 "GET /static/plugins/bootstrap/js/bootstrap.bundle.min.js.map HTTP/1.1" 200 331017
INFO 2023-05-26 22:51:20,895 basehttp 179 "GET /static/index.html HTTP/1.1" 200 28828
INFO 2023-05-26 22:51:21,234 basehttp 179 "GET /static/plugins/bootstrap-icons/bootstrap-icons.css HTTP/1.1" 200 88585
INFO 2023-05-26 22:51:21,244 basehttp 179 "GET /static/dist/css/BSA.css HTTP/1.1" 200 20169
INFO 2023-05-26 22:51:21,247 basehttp 179 "GET /static/plugins/bootstrap/css/bootstrap.min.css HTTP/1.1" 200 163873
INFO 2023-05-26 22:51:21,270 basehttp 179 "GET /static/plugins/bootstrap/js/bootstrap.bundle.min.js HTTP/1.1" 200 78129
INFO 2023-05-26 22:51:21,285 basehttp 179 "GET /static/dist/img/logo-icon.png HTTP/1.1" 200 2065
INFO 2023-05-26 22:51:21,286 basehttp 179 "GET /static/dist/js/BSA.js HTTP/1.1" 200 24803
INFO 2023-05-26 22:51:21,324 basehttp 179 "GET /static/plugins/bootstrap-icons/fonts/bootstrap-icons.woff2?8d200481aa7f02a2d63a331fc782cfaf HTTP/1.1" 200 112440
INFO 2023-05-26 22:51:21,375 basehttp 179 "GET /home_page HTTP/1.1" 301 0
INFO 2023-05-26 22:51:21,410 basehttp 179 "GET /home_page/ HTTP/1.1" 200 21481
INFO 2023-05-26 22:51:21,471 basehttp 179 "GET /static/css/bootstrap.min.css HTTP/1.1" 200 194901
INFO 2023-05-26 22:51:21,475 basehttp 179 "GET /static/dist/css/BSA.css HTTP/1.1" 200 20169
INFO 2023-05-26 22:51:21,522 basehttp 179 "GET /static/js/axios-0.18.0.js HTTP/1.1" 200 12912
INFO 2023-05-26 22:51:21,525 basehttp 179 "GET /static/dist/js/BSA.js HTTP/1.1" 200 24803
INFO 2023-05-26 22:51:21,525 basehttp 179 "GET /static/js/bootstrap.min.js HTTP/1.1" 200 60404
INFO 2023-05-26 22:51:21,527 basehttp 179 "GET /static/plugins/bootstrap/js/bootstrap.bundle.min.js HTTP/1.1" 200 78129
INFO 2023-05-26 22:51:21,530 basehttp 179 "GET /static/plugins/chart.js/chart.min.js HTTP/1.1" 200 197005
INFO 2023-05-26 22:51:21,533 basehttp 179 "GET /static/js/vue.js HTTP/1.1" 200 408232
INFO 2023-05-26 22:51:21,962 basehttp 179 "GET /static/dist/img/favicon-32x32.png HTTP/1.1" 200 513
INFO 2023-05-26 22:51:22,704 basehttp 179 "GET /static/plugins/bootstrap/css/bootstrap.min.css.map HTTP/1.1" 200 451427
INFO 2023-05-26 22:51:22,725 basehttp 179 "GET /static/css/bootstrap.min.css.map HTTP/1.1" 200 522639
INFO 2023-05-26 22:51:23,056 basehttp 179 "GET /static/dist/js/BSA.js.map HTTP/1.1" 200 80969
INFO 2023-05-26 22:51:23,058 basehttp 179 "GET /static/plugins/bootstrap/js/bootstrap.bundle.min.js.map HTTP/1.1" 200 331017
INFO 2023-05-26 22:51:23,085 basehttp 179 "GET /static/js/bootstrap.min.js.map HTTP/1.1" 200 216913
INFO 2023-05-26 22:51:23,102 basehttp 179 "GET /static/dist/js/BSA.js.map HTTP/1.1" 200 80969
INFO 2023-05-26 22:51:23,105 basehttp 179 "GET /static/plugins/bootstrap/js/bootstrap.bundle.min.js.map HTTP/1.1" 200 331017
INFO 2023-05-26 22:51:38,207 basehttp 179 "GET /static/index.html HTTP/1.1" 200 28828
INFO 2023-05-26 22:51:38,278 basehttp 179 "GET /static/dist/css/BSA.css HTTP/1.1" 200 20169
INFO 2023-05-26 22:51:38,280 basehttp 179 "GET /static/plugins/bootstrap-icons/bootstrap-icons.css HTTP/1.1" 200 88585
INFO 2023-05-26 22:51:38,283 basehttp 179 "GET /static/plugins/bootstrap/css/bootstrap.min.css HTTP/1.1" 200 163873
INFO 2023-05-26 22:51:38,570 basehttp 179 "GET /static/dist/img/logo-icon.png HTTP/1.1" 200 2065
INFO 2023-05-26 22:51:38,571 basehttp 179 "GET /static/dist/js/BSA.js HTTP/1.1" 200 24803
INFO 2023-05-26 22:51:38,575 basehttp 179 "GET /static/plugins/bootstrap/js/bootstrap.bundle.min.js HTTP/1.1" 200 78129
INFO 2023-05-26 22:51:38,578 basehttp 179 "GET /static/plugins/bootstrap-icons/fonts/bootstrap-icons.woff2?8d200481aa7f02a2d63a331fc782cfaf HTTP/1.1" 200 112440
INFO 2023-05-26 22:51:38,624 basehttp 179 "GET /home_page HTTP/1.1" 301 0
INFO 2023-05-26 22:51:38,646 basehttp 179 "GET /home_page/ HTTP/1.1" 200 21488
INFO 2023-05-26 22:51:38,727 basehttp 179 "GET /static/dist/css/BSA.css HTTP/1.1" 200 20169
INFO 2023-05-26 22:51:38,729 basehttp 179 "GET /static/css/bootstrap.min.css HTTP/1.1" 200 194901
INFO 2023-05-26 22:51:38,765 basehttp 179 "GET /static/js/axios-0.18.0.js HTTP/1.1" 200 12912
INFO 2023-05-26 22:51:38,767 basehttp 179 "GET /static/js/bootstrap.min.js HTTP/1.1" 200 60404
INFO 2023-05-26 22:51:38,770 basehttp 179 "GET /static/plugins/chart.js/chart.min.js HTTP/1.1" 200 197005
INFO 2023-05-26 22:51:38,773 basehttp 179 "GET /static/js/vue.js HTTP/1.1" 200 408232
INFO 2023-05-26 22:51:38,997 basehttp 179 "GET /static/plugins/bootstrap/js/bootstrap.bundle.min.js HTTP/1.1" 200 78129
INFO 2023-05-26 22:51:39,008 basehttp 179 "GET /static/dist/js/BSA.js HTTP/1.1" 200 24803
INFO 2023-05-26 22:51:39,241 basehttp 179 "GET /static/dist/img/favicon-32x32.png HTTP/1.1" 200 513
INFO 2023-05-26 22:51:39,872 basehttp 179 "GET /static/plugins/bootstrap/css/bootstrap.min.css.map HTTP/1.1" 200 451427
INFO 2023-05-26 22:51:39,898 basehttp 179 "GET /static/css/bootstrap.min.css.map HTTP/1.1" 200 522639
INFO 2023-05-26 22:51:40,238 basehttp 179 "GET /static/dist/js/BSA.js.map HTTP/1.1" 200 80969
INFO 2023-05-26 22:51:40,241 basehttp 179 "GET /static/plugins/bootstrap/js/bootstrap.bundle.min.js.map HTTP/1.1" 200 331017
INFO 2023-05-26 22:51:40,278 basehttp 179 "GET /static/js/bootstrap.min.js.map HTTP/1.1" 200 216913
INFO 2023-05-26 22:51:40,279 basehttp 179 "GET /static/dist/js/BSA.js.map HTTP/1.1" 200 80969
INFO 2023-05-26 22:51:40,283 basehttp 179 "GET /static/plugins/bootstrap/js/bootstrap.bundle.min.js.map HTTP/1.1" 200 331017
INFO 2023-05-26 22:51:44,694 basehttp 179 "GET /static/index.html HTTP/1.1" 200 28828
INFO 2023-05-26 22:51:44,759 basehttp 179 "GET /static/plugins/bootstrap-icons/bootstrap-icons.css HTTP/1.1" 200 88585
INFO 2023-05-26 22:51:44,763 basehttp 179 "GET /static/plugins/bootstrap/css/bootstrap.min.css HTTP/1.1" 200 163873
INFO 2023-05-26 22:51:44,766 basehttp 179 "GET /static/dist/css/BSA.css HTTP/1.1" 200 20169
INFO 2023-05-26 22:51:44,795 basehttp 179 "GET /static/dist/img/logo-icon.png HTTP/1.1" 200 2065
INFO 2023-05-26 22:51:45,068 basehttp 179 "GET /static/plugins/bootstrap/js/bootstrap.bundle.min.js HTTP/1.1" 200 78129
INFO 2023-05-26 22:51:45,078 basehttp 179 "GET /static/dist/js/BSA.js HTTP/1.1" 200 24803
INFO 2023-05-26 22:51:45,101 basehttp 179 "GET /static/plugins/bootstrap-icons/fonts/bootstrap-icons.woff2?8d200481aa7f02a2d63a331fc782cfaf HTTP/1.1" 200 112440
INFO 2023-05-26 22:51:45,134 basehttp 179 "GET /home_page HTTP/1.1" 301 0
INFO 2023-05-26 22:51:45,171 basehttp 179 "GET /home_page/ HTTP/1.1" 200 21491
INFO 2023-05-26 22:51:45,234 basehttp 179 "GET /static/dist/css/BSA.css HTTP/1.1" 200 20169
INFO 2023-05-26 22:51:45,236 basehttp 179 "GET /static/css/bootstrap.min.css HTTP/1.1" 200 194901
INFO 2023-05-26 22:51:45,246 basehttp 179 "GET /static/js/axios-0.18.0.js HTTP/1.1" 200 12912
INFO 2023-05-26 22:51:45,248 basehttp 179 "GET /static/js/bootstrap.min.js HTTP/1.1" 200 60404
INFO 2023-05-26 22:51:45,251 basehttp 179 "GET /static/plugins/chart.js/chart.min.js HTTP/1.1" 200 197005
INFO 2023-05-26 22:51:45,258 basehttp 179 "GET /static/plugins/bootstrap/js/bootstrap.bundle.min.js HTTP/1.1" 200 78129
INFO 2023-05-26 22:51:45,259 basehttp 179 "GET /static/dist/js/BSA.js HTTP/1.1" 200 24803
INFO 2023-05-26 22:51:45,259 basehttp 179 "GET /static/js/vue.js HTTP/1.1" 200 408232
INFO 2023-05-26 22:51:45,651 basehttp 179 "GET /static/dist/img/favicon-32x32.png HTTP/1.1" 200 513
INFO 2023-05-26 22:51:46,614 basehttp 179 "GET /static/plugins/bootstrap/css/bootstrap.min.css.map HTTP/1.1" 200 451427
INFO 2023-05-26 22:51:46,640 basehttp 179 "GET /static/css/bootstrap.min.css.map HTTP/1.1" 200 522639
INFO 2023-05-26 22:51:46,988 basehttp 179 "GET /static/dist/js/BSA.js.map HTTP/1.1" 200 80969
INFO 2023-05-26 22:51:46,991 basehttp 179 "GET /static/plugins/bootstrap/js/bootstrap.bundle.min.js.map HTTP/1.1" 200 331017
INFO 2023-05-26 22:51:47,021 basehttp 179 "GET /static/js/bootstrap.min.js.map HTTP/1.1" 200 216913
INFO 2023-05-26 22:51:47,038 basehttp 179 "GET /static/dist/js/BSA.js.map HTTP/1.1" 200 80969
INFO 2023-05-26 22:51:47,040 basehttp 179 "GET /static/plugins/bootstrap/js/bootstrap.bundle.min.js.map HTTP/1.1" 200 331017
INFO 2023-05-26 22:52:58,963 basehttp 179 "GET /static/index.html HTTP/1.1" 200 28828
INFO 2023-05-26 22:52:59,031 basehttp 179 "GET /static/plugins/bootstrap-icons/bootstrap-icons.css HTTP/1.1" 200 88585
INFO 2023-05-26 22:52:59,037 basehttp 179 "GET /static/plugins/bootstrap/css/bootstrap.min.css HTTP/1.1" 200 163873
INFO 2023-05-26 22:52:59,050 basehttp 179 "GET /static/dist/css/BSA.css HTTP/1.1" 200 20169
INFO 2023-05-26 22:52:59,288 basehttp 179 "GET /static/dist/img/logo-icon.png HTTP/1.1" 200 2065
INFO 2023-05-26 22:52:59,288 basehttp 179 "GET /static/dist/js/BSA.js HTTP/1.1" 200 24803
INFO 2023-05-26 22:52:59,290 basehttp 179 "GET /static/plugins/bootstrap/js/bootstrap.bundle.min.js HTTP/1.1" 200 78129
INFO 2023-05-26 22:52:59,322 basehttp 179 "GET /static/plugins/bootstrap-icons/fonts/bootstrap-icons.woff2?8d200481aa7f02a2d63a331fc782cfaf HTTP/1.1" 200 112440
INFO 2023-05-26 22:52:59,348 basehttp 179 "GET /home_page HTTP/1.1" 301 0
INFO 2023-05-26 22:52:59,375 basehttp 179 "GET /home_page/ HTTP/1.1" 200 21817
INFO 2023-05-26 22:52:59,416 basehttp 179 "GET /static/css/bootstrap.min.css HTTP/1.1" 200 194901
INFO 2023-05-26 22:52:59,417 basehttp 179 "GET /static/dist/css/BSA.css HTTP/1.1" 200 20169
INFO 2023-05-26 22:52:59,428 basehttp 179 "GET /static/js/axios-0.18.0.js HTTP/1.1" 200 12912
INFO 2023-05-26 22:52:59,433 basehttp 179 "GET /static/js/vue.js HTTP/1.1" 200 408232
INFO 2023-05-26 22:52:59,458 basehttp 179 "GET /static/dist/js/BSA.js HTTP/1.1" 200 24803
INFO 2023-05-26 22:52:59,459 basehttp 179 "GET /static/js/bootstrap.min.js HTTP/1.1" 200 60404
INFO 2023-05-26 22:52:59,461 basehttp 179 "GET /static/plugins/bootstrap/js/bootstrap.bundle.min.js HTTP/1.1" 200 78129
INFO 2023-05-26 22:52:59,463 basehttp 179 "GET /static/plugins/chart.js/chart.min.js HTTP/1.1" 200 197005
INFO 2023-05-26 22:53:00,156 basehttp 179 "GET /static/dist/img/favicon-32x32.png HTTP/1.1" 200 513
INFO 2023-05-26 22:53:00,984 basehttp 179 "GET /static/plugins/bootstrap/css/bootstrap.min.css.map HTTP/1.1" 200 451427
INFO 2023-05-26 22:53:01,199 basehttp 179 "GET /static/css/bootstrap.min.css.map HTTP/1.1" 200 522639
INFO 2023-05-26 22:53:01,332 basehttp 179 "GET /static/dist/js/BSA.js.map HTTP/1.1" 200 80969
INFO 2023-05-26 22:53:01,335 basehttp 179 "GET /static/plugins/bootstrap/js/bootstrap.bundle.min.js.map HTTP/1.1" 200 331017
INFO 2023-05-26 22:53:01,360 basehttp 179 "GET /static/js/bootstrap.min.js.map HTTP/1.1" 200 216913
INFO 2023-05-26 22:53:01,365 basehttp 179 "GET /static/dist/js/BSA.js.map HTTP/1.1" 200 80969
INFO 2023-05-26 22:53:01,367 basehttp 179 "GET /static/plugins/bootstrap/js/bootstrap.bundle.min.js.map HTTP/1.1" 200 331017
INFO 2023-05-26 22:53:11,834 basehttp 179 "GET /static/index.html HTTP/1.1" 200 28828
INFO 2023-05-26 22:53:12,187 basehttp 179 "GET /static/dist/img/logo-icon.png HTTP/1.1" 200 2065
INFO 2023-05-26 22:53:12,189 basehttp 179 "GET /static/dist/css/BSA.css HTTP/1.1" 200 20169
INFO 2023-05-26 22:53:12,191 basehttp 179 "GET /static/dist/js/BSA.js HTTP/1.1" 200 24803
INFO 2023-05-26 22:53:12,193 basehttp 179 "GET /static/plugins/bootstrap-icons/bootstrap-icons.css HTTP/1.1" 200 88585
INFO 2023-05-26 22:53:12,194 basehttp 179 "GET /static/plugins/bootstrap/js/bootstrap.bundle.min.js HTTP/1.1" 200 78129
INFO 2023-05-26 22:53:12,196 basehttp 179 "GET /static/plugins/bootstrap/css/bootstrap.min.css HTTP/1.1" 200 163873
INFO 2023-05-26 22:53:12,230 basehttp 179 "GET /static/plugins/bootstrap-icons/fonts/bootstrap-icons.woff2?8d200481aa7f02a2d63a331fc782cfaf HTTP/1.1" 200 112440
INFO 2023-05-26 22:53:12,270 basehttp 179 "GET /home_page HTTP/1.1" 301 0
INFO 2023-05-26 22:53:12,294 basehttp 179 "GET /home_page/ HTTP/1.1" 200 21854
INFO 2023-05-26 22:53:12,341 basehttp 179 "GET /static/dist/css/BSA.css HTTP/1.1" 200 20169
INFO 2023-05-26 22:53:12,343 basehttp 179 "GET /static/css/bootstrap.min.css HTTP/1.1" 200 194901
INFO 2023-05-26 22:53:12,507 basehttp 179 "GET /static/js/vue.js HTTP/1.1" 200 408232
INFO 2023-05-26 22:53:12,537 basehttp 179 "GET /static/js/axios-0.18.0.js HTTP/1.1" 200 12912
INFO 2023-05-26 22:53:12,546 basehttp 179 "GET /static/js/bootstrap.min.js HTTP/1.1" 200 60404
INFO 2023-05-26 22:53:12,546 basehttp 179 "GET /static/dist/js/BSA.js HTTP/1.1" 200 24803
INFO 2023-05-26 22:53:12,549 basehttp 179 "GET /static/plugins/bootstrap/js/bootstrap.bundle.min.js HTTP/1.1" 200 78129
INFO 2023-05-26 22:53:12,552 basehttp 179 "GET /static/plugins/chart.js/chart.min.js HTTP/1.1" 200 197005
INFO 2023-05-26 22:53:12,762 basehttp 179 "GET /static/dist/img/favicon-32x32.png HTTP/1.1" 200 513
INFO 2023-05-26 22:53:13,906 basehttp 179 "GET /static/plugins/bootstrap/css/bootstrap.min.css.map HTTP/1.1" 200 451427
INFO 2023-05-26 22:53:13,935 basehttp 179 "GET /static/css/bootstrap.min.css.map HTTP/1.1" 200 522639
INFO 2023-05-26 22:53:14,339 basehttp 179 "GET /static/dist/js/BSA.js.map HTTP/1.1" 200 80969
INFO 2023-05-26 22:53:14,342 basehttp 179 "GET /static/plugins/bootstrap/js/bootstrap.bundle.min.js.map HTTP/1.1" 200 331017
INFO 2023-05-26 22:53:14,369 basehttp 179 "GET /static/js/bootstrap.min.js.map HTTP/1.1" 200 216913
INFO 2023-05-26 22:53:14,389 basehttp 179 "GET /static/dist/js/BSA.js.map HTTP/1.1" 200 80969
INFO 2023-05-26 22:53:14,392 basehttp 179 "GET /static/plugins/bootstrap/js/bootstrap.bundle.min.js.map HTTP/1.1" 200 331017
INFO 2023-05-26 22:54:41,263 basehttp 179 "GET /static/index.html HTTP/1.1" 200 28828
INFO 2023-05-26 22:54:41,333 basehttp 179 "GET /static/dist/css/BSA.css HTTP/1.1" 200 20169
INFO 2023-05-26 22:54:41,335 basehttp 179 "GET /static/plugins/bootstrap-icons/bootstrap-icons.css HTTP/1.1" 200 88585
INFO 2023-05-26 22:54:41,337 basehttp 179 "GET /static/plugins/bootstrap/css/bootstrap.min.css HTTP/1.1" 200 163873
INFO 2023-05-26 22:54:41,632 basehttp 179 "GET /static/plugins/bootstrap/js/bootstrap.bundle.min.js HTTP/1.1" 200 78129
INFO 2023-05-26 22:54:41,637 basehttp 179 "GET /static/dist/js/BSA.js HTTP/1.1" 200 24803
INFO 2023-05-26 22:54:41,638 basehttp 179 "GET /static/dist/img/logo-icon.png HTTP/1.1" 200 2065
INFO 2023-05-26 22:54:41,649 basehttp 179 "GET /static/plugins/bootstrap-icons/fonts/bootstrap-icons.woff2?8d200481aa7f02a2d63a331fc782cfaf HTTP/1.1" 200 112440
INFO 2023-05-26 22:54:41,708 basehttp 179 "GET /home_page HTTP/1.1" 301 0
INFO 2023-05-26 22:54:41,742 basehttp 179 "GET /home_page/ HTTP/1.1" 200 21922
INFO 2023-05-26 22:54:41,807 basehttp 179 "GET /static/css/bootstrap.min.css HTTP/1.1" 200 194901
INFO 2023-05-26 22:54:41,809 basehttp 179 "GET /static/dist/css/BSA.css HTTP/1.1" 200 20169
INFO 2023-05-26 22:54:41,817 basehttp 179 "GET /static/js/axios-0.18.0.js HTTP/1.1" 200 12912
INFO 2023-05-26 22:54:41,824 basehttp 179 "GET /static/js/bootstrap.min.js HTTP/1.1" 200 60404
INFO 2023-05-26 22:54:41,826 basehttp 179 "GET /static/dist/js/BSA.js HTTP/1.1" 200 24803
INFO 2023-05-26 22:54:41,829 basehttp 179 "GET /static/plugins/bootstrap/js/bootstrap.bundle.min.js HTTP/1.1" 200 78129
INFO 2023-05-26 22:54:41,832 basehttp 179 "GET /static/plugins/chart.js/chart.min.js HTTP/1.1" 200 197005
INFO 2023-05-26 22:54:41,834 basehttp 179 "GET /static/js/vue.js HTTP/1.1" 200 408232
INFO 2023-05-26 22:54:42,481 basehttp 179 "GET /static/dist/img/favicon-32x32.png HTTP/1.1" 200 513
INFO 2023-05-26 22:54:43,290 basehttp 179 "GET /static/plugins/bootstrap/css/bootstrap.min.css.map HTTP/1.1" 200 451427
INFO 2023-05-26 22:54:43,320 basehttp 179 "GET /static/css/bootstrap.min.css.map HTTP/1.1" 200 522639
INFO 2023-05-26 22:54:43,716 basehttp 179 "GET /static/dist/js/BSA.js.map HTTP/1.1" 200 80969
INFO 2023-05-26 22:54:43,720 basehttp 179 "GET /static/plugins/bootstrap/js/bootstrap.bundle.min.js.map HTTP/1.1" 200 331017
INFO 2023-05-26 22:54:43,762 basehttp 179 "GET /static/js/bootstrap.min.js.map HTTP/1.1" 200 216913
INFO 2023-05-26 22:54:43,785 basehttp 179 "GET /static/dist/js/BSA.js.map HTTP/1.1" 200 80969
INFO 2023-05-26 22:54:43,790 basehttp 179 "GET /static/plugins/bootstrap/js/bootstrap.bundle.min.js.map HTTP/1.1" 200 331017
INFO 2023-05-26 22:54:48,573 basehttp 179 "GET /static/index.html HTTP/1.1" 200 28828
INFO 2023-05-26 22:54:49,017 basehttp 179 "GET /static/plugins/bootstrap-icons/bootstrap-icons.css HTTP/1.1" 200 88585
INFO 2023-05-26 22:54:49,045 basehttp 179 "GET /static/dist/css/BSA.css HTTP/1.1" 200 20169
INFO 2023-05-26 22:54:49,047 basehttp 179 "GET /static/plugins/bootstrap/css/bootstrap.min.css HTTP/1.1" 200 163873
INFO 2023-05-26 22:54:49,071 basehttp 179 "GET /static/dist/img/logo-icon.png HTTP/1.1" 200 2065
INFO 2023-05-26 22:54:49,073 basehttp 179 "GET /static/dist/js/BSA.js HTTP/1.1" 200 24803
INFO 2023-05-26 22:54:49,075 basehttp 179 "GET /static/plugins/bootstrap/js/bootstrap.bundle.min.js HTTP/1.1" 200 78129
INFO 2023-05-26 22:54:49,159 basehttp 179 "GET /static/plugins/bootstrap-icons/fonts/bootstrap-icons.woff2?8d200481aa7f02a2d63a331fc782cfaf HTTP/1.1" 200 112440
INFO 2023-05-26 22:54:49,383 basehttp 179 "GET /home_page HTTP/1.1" 301 0
INFO 2023-05-26 22:54:49,440 basehttp 179 "GET /home_page/ HTTP/1.1" 200 21914
INFO 2023-05-26 22:54:49,552 basehttp 179 "GET /static/dist/css/BSA.css HTTP/1.1" 200 20169
INFO 2023-05-26 22:54:49,556 basehttp 179 "GET /static/css/bootstrap.min.css HTTP/1.1" 200 194901
INFO 2023-05-26 22:54:49,564 basehttp 179 "GET /static/js/axios-0.18.0.js HTTP/1.1" 200 12912
INFO 2023-05-26 22:54:49,571 basehttp 179 "GET /static/js/vue.js HTTP/1.1" 200 408232
INFO 2023-05-26 22:54:49,601 basehttp 179 "GET /static/dist/js/BSA.js HTTP/1.1" 200 24803
INFO 2023-05-26 22:54:49,606 basehttp 179 "GET /static/js/bootstrap.min.js HTTP/1.1" 200 60404
INFO 2023-05-26 22:54:49,608 basehttp 179 "GET /static/plugins/bootstrap/js/bootstrap.bundle.min.js HTTP/1.1" 200 78129
INFO 2023-05-26 22:54:49,611 basehttp 179 "GET /static/plugins/chart.js/chart.min.js HTTP/1.1" 200 197005
INFO 2023-05-26 22:54:50,043 basehttp 179 "GET /static/dist/img/favicon-32x32.png HTTP/1.1" 200 513
INFO 2023-05-26 22:54:51,087 basehttp 179 "GET /static/plugins/bootstrap/css/bootstrap.min.css.map HTTP/1.1" 200 451427
INFO 2023-05-26 22:54:51,112 basehttp 179 "GET /static/css/bootstrap.min.css.map HTTP/1.1" 200 522639
INFO 2023-05-26 22:54:51,501 basehttp 179 "GET /static/dist/js/BSA.js.map HTTP/1.1" 200 80969
INFO 2023-05-26 22:54:51,503 basehttp 179 "GET /static/plugins/bootstrap/js/bootstrap.bundle.min.js.map HTTP/1.1" 200 331017
INFO 2023-05-26 22:54:51,542 basehttp 179 "GET /static/js/bootstrap.min.js.map HTTP/1.1" 200 216913
INFO 2023-05-26 22:54:51,559 basehttp 179 "GET /static/dist/js/BSA.js.map HTTP/1.1" 200 80969
INFO 2023-05-26 22:54:51,561 basehttp 179 "GET /static/plugins/bootstrap/js/bootstrap.bundle.min.js.map HTTP/1.1" 200 331017
INFO 2023-05-26 22:55:05,523 basehttp 179 "GET /static/index.html HTTP/1.1" 200 28828
INFO 2023-05-26 22:55:05,603 basehttp 179 "GET /static/plugins/bootstrap-icons/bootstrap-icons.css HTTP/1.1" 200 88585
INFO 2023-05-26 22:55:05,607 basehttp 179 "GET /static/dist/css/BSA.css HTTP/1.1" 200 20169
INFO 2023-05-26 22:55:05,608 basehttp 179 "GET /static/plugins/bootstrap/css/bootstrap.min.css HTTP/1.1" 200 163873
INFO 2023-05-26 22:55:05,634 basehttp 179 "GET /static/dist/img/logo-icon.png HTTP/1.1" 200 2065
INFO 2023-05-26 22:55:05,647 basehttp 179 "GET /static/plugins/bootstrap-icons/fonts/bootstrap-icons.woff2?8d200481aa7f02a2d63a331fc782cfaf HTTP/1.1" 200 112440
INFO 2023-05-26 22:55:05,707 basehttp 179 "GET /static/dist/js/BSA.js HTTP/1.1" 200 24803
INFO 2023-05-26 22:55:05,708 basehttp 179 "GET /static/plugins/bootstrap/js/bootstrap.bundle.min.js HTTP/1.1" 200 78129
INFO 2023-05-26 22:55:05,747 basehttp 179 "GET /home_page HTTP/1.1" 301 0
INFO 2023-05-26 22:55:06,030 basehttp 179 "GET /home_page/ HTTP/1.1" 200 21930
INFO 2023-05-26 22:55:06,083 basehttp 179 "GET /static/css/bootstrap.min.css HTTP/1.1" 200 194901
INFO 2023-05-26 22:55:06,087 basehttp 179 "GET /static/dist/css/BSA.css HTTP/1.1" 200 20169
INFO 2023-05-26 22:55:06,095 basehttp 179 "GET /static/js/axios-0.18.0.js HTTP/1.1" 200 12912
INFO 2023-05-26 22:55:06,104 basehttp 179 "GET /static/js/bootstrap.min.js HTTP/1.1" 200 60404
INFO 2023-05-26 22:55:06,106 basehttp 179 "GET /static/plugins/bootstrap/js/bootstrap.bundle.min.js HTTP/1.1" 200 78129
INFO 2023-05-26 22:55:06,110 basehttp 179 "GET /static/plugins/chart.js/chart.min.js HTTP/1.1" 200 197005
INFO 2023-05-26 22:55:06,111 basehttp 179 "GET /static/js/vue.js HTTP/1.1" 200 408232
INFO 2023-05-26 22:55:06,115 basehttp 179 "GET /static/dist/js/BSA.js HTTP/1.1" 200 24803
INFO 2023-05-26 22:55:06,403 basehttp 179 "GET /static/dist/img/favicon-32x32.png HTTP/1.1" 200 513
INFO 2023-05-26 22:55:07,809 basehttp 179 "GET /static/plugins/bootstrap/css/bootstrap.min.css.map HTTP/1.1" 200 451427
INFO 2023-05-26 22:55:07,848 basehttp 179 "GET /static/css/bootstrap.min.css.map HTTP/1.1" 200 522639
INFO 2023-05-26 22:55:08,259 basehttp 179 "GET /static/plugins/bootstrap/js/bootstrap.bundle.min.js.map HTTP/1.1" 200 331017
INFO 2023-05-26 22:55:08,262 basehttp 179 "GET /static/dist/js/BSA.js.map HTTP/1.1" 200 80969
INFO 2023-05-26 22:55:08,306 basehttp 179 "GET /static/dist/js/BSA.js.map HTTP/1.1" 200 80969
INFO 2023-05-26 22:55:08,310 basehttp 179 "GET /static/js/bootstrap.min.js.map HTTP/1.1" 200 216913
INFO 2023-05-26 22:55:08,312 basehttp 179 "GET /static/plugins/bootstrap/js/bootstrap.bundle.min.js.map HTTP/1.1" 200 331017
INFO 2023-05-26 22:55:12,992 basehttp 179 "GET /static/index.html HTTP/1.1" 200 28828
INFO 2023-05-26 22:55:13,404 basehttp 179 "GET /static/plugins/bootstrap-icons/bootstrap-icons.css HTTP/1.1" 200 88585
INFO 2023-05-26 22:55:13,407 basehttp 179 "GET /static/plugins/bootstrap/css/bootstrap.min.css HTTP/1.1" 200 163873
INFO 2023-05-26 22:55:13,417 basehttp 179 "GET /static/dist/css/BSA.css HTTP/1.1" 200 20169
INFO 2023-05-26 22:55:13,417 basehttp 179 "GET /static/dist/img/logo-icon.png HTTP/1.1" 200 2065
INFO 2023-05-26 22:55:13,418 basehttp 179 "GET /static/dist/js/BSA.js HTTP/1.1" 200 24803
INFO 2023-05-26 22:55:13,421 basehttp 179 "GET /static/plugins/bootstrap/js/bootstrap.bundle.min.js HTTP/1.1" 200 78129
INFO 2023-05-26 22:55:13,478 basehttp 179 "GET /static/plugins/bootstrap-icons/fonts/bootstrap-icons.woff2?8d200481aa7f02a2d63a331fc782cfaf HTTP/1.1" 200 112440
INFO 2023-05-26 22:55:13,521 basehttp 179 "GET /home_page HTTP/1.1" 301 0
INFO 2023-05-26 22:55:13,776 basehttp 179 "GET /home_page/ HTTP/1.1" 200 21930
INFO 2023-05-26 22:55:13,828 basehttp 179 "GET /static/dist/css/BSA.css HTTP/1.1" 200 20169
INFO 2023-05-26 22:55:13,834 basehttp 179 "GET /static/css/bootstrap.min.css HTTP/1.1" 200 194901
INFO 2023-05-26 22:55:13,852 basehttp 179 "GET /static/js/axios-0.18.0.js HTTP/1.1" 200 12912
INFO 2023-05-26 22:55:13,855 basehttp 179 "GET /static/js/bootstrap.min.js HTTP/1.1" 200 60404
INFO 2023-05-26 22:55:13,861 basehttp 179 "GET /static/plugins/bootstrap/js/bootstrap.bundle.min.js HTTP/1.1" 200 78129
INFO 2023-05-26 22:55:13,864 basehttp 179 "GET /static/dist/js/BSA.js HTTP/1.1" 200 24803
INFO 2023-05-26 22:55:13,867 basehttp 179 "GET /static/plugins/chart.js/chart.min.js HTTP/1.1" 200 197005
INFO 2023-05-26 22:55:13,869 basehttp 179 "GET /static/js/vue.js HTTP/1.1" 200 408232
INFO 2023-05-26 22:55:14,824 basehttp 179 "GET /static/dist/img/favicon-32x32.png HTTP/1.1" 200 513
INFO 2023-05-26 22:55:15,890 basehttp 179 "GET /static/plugins/bootstrap/css/bootstrap.min.css.map HTTP/1.1" 200 451427
INFO 2023-05-26 22:55:15,907 basehttp 179 "GET /static/css/bootstrap.min.css.map HTTP/1.1" 200 522639
INFO 2023-05-26 22:55:16,183 basehttp 179 "GET /static/dist/js/BSA.js.map HTTP/1.1" 200 80969
INFO 2023-05-26 22:55:16,186 basehttp 179 "GET /static/plugins/bootstrap/js/bootstrap.bundle.min.js.map HTTP/1.1" 200 331017
INFO 2023-05-26 22:55:16,215 basehttp 179 "GET /static/js/bootstrap.min.js.map HTTP/1.1" 200 216913
INFO 2023-05-26 22:55:16,220 basehttp 179 "GET /static/plugins/bootstrap/js/bootstrap.bundle.min.js.map HTTP/1.1" 200 331017
INFO 2023-05-26 22:55:16,233 basehttp 179 "GET /static/dist/js/BSA.js.map HTTP/1.1" 200 80969
INFO 2023-05-26 22:55:24,114 basehttp 179 "GET /static/index.html HTTP/1.1" 200 28828
INFO 2023-05-26 22:55:24,389 basehttp 179 "GET /static/plugins/bootstrap-icons/bootstrap-icons.css HTTP/1.1" 200 88585
INFO 2023-05-26 22:55:24,395 basehttp 179 "GET /static/dist/css/BSA.css HTTP/1.1" 200 20169
INFO 2023-05-26 22:55:24,398 basehttp 179 "GET /static/plugins/bootstrap/css/bootstrap.min.css HTTP/1.1" 200 163873
INFO 2023-05-26 22:55:24,438 basehttp 179 "GET /static/plugins/bootstrap/js/bootstrap.bundle.min.js HTTP/1.1" 200 78129
INFO 2023-05-26 22:55:24,454 basehttp 179 "GET /static/dist/img/logo-icon.png HTTP/1.1" 200 2065
INFO 2023-05-26 22:55:24,454 basehttp 179 "GET /static/dist/js/BSA.js HTTP/1.1" 200 24803
INFO 2023-05-26 22:55:24,487 basehttp 179 "GET /static/plugins/bootstrap-icons/fonts/bootstrap-icons.woff2?8d200481aa7f02a2d63a331fc782cfaf HTTP/1.1" 200 112440
INFO 2023-05-26 22:55:24,539 basehttp 179 "GET /home_page HTTP/1.1" 301 0
INFO 2023-05-26 22:55:24,566 basehttp 179 "GET /home_page/ HTTP/1.1" 200 21926
INFO 2023-05-26 22:55:24,604 basehttp 179 "GET /static/dist/css/BSA.css HTTP/1.1" 200 20169
INFO 2023-05-26 22:55:24,607 basehttp 179 "GET /static/css/bootstrap.min.css HTTP/1.1" 200 194901
INFO 2023-05-26 22:55:24,629 basehttp 179 "GET /static/js/vue.js HTTP/1.1" 200 408232
INFO 2023-05-26 22:55:24,639 basehttp 179 "GET /static/dist/js/BSA.js HTTP/1.1" 200 24803
INFO 2023-05-26 22:55:24,640 basehttp 179 "GET /static/js/axios-0.18.0.js HTTP/1.1" 200 12912
INFO 2023-05-26 22:55:24,642 basehttp 179 "GET /static/js/bootstrap.min.js HTTP/1.1" 200 60404
INFO 2023-05-26 22:55:24,644 basehttp 179 "GET /static/plugins/bootstrap/js/bootstrap.bundle.min.js HTTP/1.1" 200 78129
INFO 2023-05-26 22:55:24,646 basehttp 179 "GET /static/plugins/chart.js/chart.min.js HTTP/1.1" 200 197005
INFO 2023-05-26 22:55:25,055 basehttp 179 "GET /static/dist/img/favicon-32x32.png HTTP/1.1" 200 513
INFO 2023-05-26 22:55:26,693 basehttp 179 "GET /static/plugins/bootstrap/css/bootstrap.min.css.map HTTP/1.1" 200 451427
INFO 2023-05-26 22:55:26,731 basehttp 179 "GET /static/css/bootstrap.min.css.map HTTP/1.1" 200 522639
INFO 2023-05-26 22:55:27,164 basehttp 179 "GET /static/dist/js/BSA.js.map HTTP/1.1" 200 80969
INFO 2023-05-26 22:55:27,166 basehttp 179 "GET /static/plugins/bootstrap/js/bootstrap.bundle.min.js.map HTTP/1.1" 200 331017
INFO 2023-05-26 22:55:27,212 basehttp 179 "GET /static/js/bootstrap.min.js.map HTTP/1.1" 200 216913
INFO 2023-05-26 22:55:27,232 basehttp 179 "GET /static/dist/js/BSA.js.map HTTP/1.1" 200 80969
INFO 2023-05-26 22:55:27,235 basehttp 179 "GET /static/plugins/bootstrap/js/bootstrap.bundle.min.js.map HTTP/1.1" 200 331017
INFO 2023-05-26 22:55:56,376 basehttp 179 "GET /static/index.html HTTP/1.1" 200 28828
INFO 2023-05-26 22:55:56,454 basehttp 179 "GET /static/plugins/bootstrap-icons/bootstrap-icons.css HTTP/1.1" 200 88585
INFO 2023-05-26 22:55:56,458 basehttp 179 "GET /static/dist/css/BSA.css HTTP/1.1" 200 20169
INFO 2023-05-26 22:55:56,459 basehttp 179 "GET /static/plugins/bootstrap/css/bootstrap.min.css HTTP/1.1" 200 163873
INFO 2023-05-26 22:55:56,486 basehttp 179 "GET /static/dist/img/logo-icon.png HTTP/1.1" 200 2065
INFO 2023-05-26 22:55:56,508 basehttp 179 "GET /static/plugins/bootstrap-icons/fonts/bootstrap-icons.woff2?8d200481aa7f02a2d63a331fc782cfaf HTTP/1.1" 200 112440
INFO 2023-05-26 22:55:56,530 basehttp 179 "GET /static/plugins/bootstrap/js/bootstrap.bundle.min.js HTTP/1.1" 200 78129
INFO 2023-05-26 22:55:56,540 basehttp 179 "GET /static/dist/js/BSA.js HTTP/1.1" 200 24803
INFO 2023-05-26 22:55:56,569 basehttp 179 "GET /home_page HTTP/1.1" 301 0
INFO 2023-05-26 22:55:56,604 basehttp 179 "GET /home_page/ HTTP/1.1" 200 21930
INFO 2023-05-26 22:55:56,658 basehttp 179 "GET /static/css/bootstrap.min.css HTTP/1.1" 200 194901
INFO 2023-05-26 22:55:56,665 basehttp 179 "GET /static/dist/css/BSA.css HTTP/1.1" 200 20169
INFO 2023-05-26 22:55:56,699 basehttp 179 "GET /static/js/vue.js HTTP/1.1" 200 408232
INFO 2023-05-26 22:55:56,703 basehttp 179 "GET /static/js/axios-0.18.0.js HTTP/1.1" 200 12912
INFO 2023-05-26 22:55:56,711 basehttp 179 "GET /static/js/bootstrap.min.js HTTP/1.1" 200 60404
INFO 2023-05-26 22:55:56,712 basehttp 179 "GET /static/plugins/bootstrap/js/bootstrap.bundle.min.js HTTP/1.1" 200 78129
INFO 2023-05-26 22:55:56,717 basehttp 179 "GET /static/plugins/chart.js/chart.min.js HTTP/1.1" 200 197005
INFO 2023-05-26 22:55:56,718 basehttp 179 "GET /static/dist/js/BSA.js HTTP/1.1" 200 24803
INFO 2023-05-26 22:55:57,105 basehttp 179 "GET /static/dist/img/favicon-32x32.png HTTP/1.1" 200 513
INFO 2023-05-26 22:55:59,066 basehttp 179 "GET /static/plugins/bootstrap/css/bootstrap.min.css.map HTTP/1.1" 200 451427
INFO 2023-05-26 22:55:59,107 basehttp 179 "GET /static/css/bootstrap.min.css.map HTTP/1.1" 200 522639
INFO 2023-05-26 22:55:59,524 basehttp 179 "GET /static/dist/js/BSA.js.map HTTP/1.1" 200 80969
INFO 2023-05-26 22:55:59,525 basehttp 179 "GET /static/plugins/bootstrap/js/bootstrap.bundle.min.js.map HTTP/1.1" 200 331017
INFO 2023-05-26 22:55:59,566 basehttp 179 "GET /static/js/bootstrap.min.js.map HTTP/1.1" 200 216913
INFO 2023-05-26 22:55:59,586 basehttp 179 "GET /static/dist/js/BSA.js.map HTTP/1.1" 200 80969
INFO 2023-05-26 22:55:59,589 basehttp 179 "GET /static/plugins/bootstrap/js/bootstrap.bundle.min.js.map HTTP/1.1" 200 331017
INFO 2023-05-26 22:56:49,503 basehttp 179 "GET /static/index.html HTTP/1.1" 200 28828
INFO 2023-05-26 22:56:49,892 basehttp 179 "GET /static/plugins/bootstrap-icons/bootstrap-icons.css HTTP/1.1" 200 88585
INFO 2023-05-26 22:56:49,904 basehttp 179 "GET /static/plugins/bootstrap/css/bootstrap.min.css HTTP/1.1" 200 163873
INFO 2023-05-26 22:56:49,905 basehttp 179 "GET /static/dist/img/logo-icon.png HTTP/1.1" 200 2065
INFO 2023-05-26 22:56:49,907 basehttp 179 "GET /static/dist/css/BSA.css HTTP/1.1" 200 20169
INFO 2023-05-26 22:56:49,908 basehttp 179 "GET /static/dist/js/BSA.js HTTP/1.1" 200 24803
INFO 2023-05-26 22:56:49,911 basehttp 179 "GET /static/plugins/bootstrap/js/bootstrap.bundle.min.js HTTP/1.1" 200 78129
INFO 2023-05-26 22:56:49,949 basehttp 179 "GET /static/plugins/bootstrap-icons/fonts/bootstrap-icons.woff2?8d200481aa7f02a2d63a331fc782cfaf HTTP/1.1" 200 112440
INFO 2023-05-26 22:56:49,983 basehttp 179 "GET /home_page HTTP/1.1" 301 0
INFO 2023-05-26 22:56:50,013 basehttp 179 "GET /home_page/ HTTP/1.1" 200 21934
INFO 2023-05-26 22:56:50,236 basehttp 179 "GET /static/dist/css/BSA.css HTTP/1.1" 200 20169
INFO 2023-05-26 22:56:50,239 basehttp 179 "GET /static/css/bootstrap.min.css HTTP/1.1" 200 194901
INFO 2023-05-26 22:56:50,247 basehttp 179 "GET /static/js/axios-0.18.0.js HTTP/1.1" 200 12912
INFO 2023-05-26 22:56:50,255 basehttp 179 "GET /static/js/bootstrap.min.js HTTP/1.1" 200 60404
INFO 2023-05-26 22:56:50,256 basehttp 179 "GET /static/plugins/bootstrap/js/bootstrap.bundle.min.js HTTP/1.1" 200 78129
INFO 2023-05-26 22:56:50,262 basehttp 179 "GET /static/plugins/chart.js/chart.min.js HTTP/1.1" 200 197005
INFO 2023-05-26 22:56:50,262 basehttp 179 "GET /static/dist/js/BSA.js HTTP/1.1" 200 24803
INFO 2023-05-26 22:56:50,266 basehttp 179 "GET /static/js/vue.js HTTP/1.1" 200 408232
INFO 2023-05-26 22:56:50,492 basehttp 179 "GET /static/dist/img/favicon-32x32.png HTTP/1.1" 200 513
INFO 2023-05-26 22:56:52,360 basehttp 179 "GET /static/plugins/bootstrap/css/bootstrap.min.css.map HTTP/1.1" 200 451427
INFO 2023-05-26 22:56:52,380 basehttp 179 "GET /static/css/bootstrap.min.css.map HTTP/1.1" 200 522639
INFO 2023-05-26 22:56:52,770 basehttp 179 "GET /static/dist/js/BSA.js.map HTTP/1.1" 200 80969
INFO 2023-05-26 22:56:52,773 basehttp 179 "GET /static/plugins/bootstrap/js/bootstrap.bundle.min.js.map HTTP/1.1" 200 331017
INFO 2023-05-26 22:56:52,788 basehttp 179 "GET /static/dist/js/BSA.js.map HTTP/1.1" 200 80969
INFO 2023-05-26 22:56:52,792 basehttp 179 "GET /static/js/bootstrap.min.js.map HTTP/1.1" 200 216913
INFO 2023-05-26 22:56:52,793 basehttp 179 "GET /static/plugins/bootstrap/js/bootstrap.bundle.min.js.map HTTP/1.1" 200 331017
INFO 2023-05-26 22:56:58,118 basehttp 179 "GET /static/index.html HTTP/1.1" 200 28828
INFO 2023-05-26 22:56:58,491 basehttp 179 "GET /static/plugins/bootstrap-icons/bootstrap-icons.css HTTP/1.1" 200 88585
INFO 2023-05-26 22:56:58,503 basehttp 179 "GET /static/dist/css/BSA.css HTTP/1.1" 200 20169
INFO 2023-05-26 22:56:58,506 basehttp 179 "GET /static/plugins/bootstrap/css/bootstrap.min.css HTTP/1.1" 200 163873
INFO 2023-05-26 22:56:58,521 basehttp 179 "GET /static/dist/img/logo-icon.png HTTP/1.1" 200 2065
INFO 2023-05-26 22:56:58,522 basehttp 179 "GET /static/dist/js/BSA.js HTTP/1.1" 200 24803
INFO 2023-05-26 22:56:58,524 basehttp 179 "GET /static/plugins/bootstrap/js/bootstrap.bundle.min.js HTTP/1.1" 200 78129
INFO 2023-05-26 22:56:58,565 basehttp 179 "GET /static/plugins/bootstrap-icons/fonts/bootstrap-icons.woff2?8d200481aa7f02a2d63a331fc782cfaf HTTP/1.1" 200 112440
INFO 2023-05-26 22:56:58,611 basehttp 179 "GET /home_page HTTP/1.1" 301 0
INFO 2023-05-26 22:56:58,649 basehttp 179 "GET /home_page/ HTTP/1.1" 200 21919
INFO 2023-05-26 22:56:58,888 basehttp 179 "GET /static/css/bootstrap.min.css HTTP/1.1" 200 194901
INFO 2023-05-26 22:56:58,898 basehttp 179 "GET /static/dist/css/BSA.css HTTP/1.1" 200 20169
INFO 2023-05-26 22:56:58,902 basehttp 179 "GET /static/js/axios-0.18.0.js HTTP/1.1" 200 12912
INFO 2023-05-26 22:56:58,906 basehttp 179 "GET /static/js/bootstrap.min.js HTTP/1.1" 200 60404
INFO 2023-05-26 22:56:58,916 basehttp 179 "GET /static/dist/js/BSA.js HTTP/1.1" 200 24803
INFO 2023-05-26 22:56:58,919 basehttp 179 "GET /static/plugins/chart.js/chart.min.js HTTP/1.1" 200 197005
INFO 2023-05-26 22:56:58,919 basehttp 179 "GET /static/plugins/bootstrap/js/bootstrap.bundle.min.js HTTP/1.1" 200 78129
INFO 2023-05-26 22:56:58,923 basehttp 179 "GET /static/js/vue.js HTTP/1.1" 200 408232
INFO 2023-05-26 22:56:59,332 basehttp 179 "GET /static/dist/img/favicon-32x32.png HTTP/1.1" 200 513
INFO 2023-05-26 22:57:01,351 basehttp 179 "GET /static/plugins/bootstrap/css/bootstrap.min.css.map HTTP/1.1" 200 451427
INFO 2023-05-26 22:57:01,383 basehttp 179 "GET /static/css/bootstrap.min.css.map HTTP/1.1" 200 522639
INFO 2023-05-26 22:57:01,806 basehttp 179 "GET /static/dist/js/BSA.js.map HTTP/1.1" 200 80969
INFO 2023-05-26 22:57:01,809 basehttp 179 "GET /static/plugins/bootstrap/js/bootstrap.bundle.min.js.map HTTP/1.1" 200 331017
INFO 2023-05-26 22:57:01,849 basehttp 179 "GET /static/dist/js/BSA.js.map HTTP/1.1" 200 80969
INFO 2023-05-26 22:57:01,852 basehttp 179 "GET /static/js/bootstrap.min.js.map HTTP/1.1" 200 216913
INFO 2023-05-26 22:57:01,855 basehttp 179 "GET /static/plugins/bootstrap/js/bootstrap.bundle.min.js.map HTTP/1.1" 200 331017
INFO 2023-05-26 22:57:07,059 basehttp 179 "GET /static/index.html HTTP/1.1" 200 28828
INFO 2023-05-26 22:57:07,428 basehttp 179 "GET /static/dist/img/logo-icon.png HTTP/1.1" 200 2065
INFO 2023-05-26 22:57:07,429 basehttp 179 "GET /static/dist/css/BSA.css HTTP/1.1" 200 20169
INFO 2023-05-26 22:57:07,431 basehttp 179 "GET /static/plugins/bootstrap-icons/bootstrap-icons.css HTTP/1.1" 200 88585
INFO 2023-05-26 22:57:07,431 basehttp 179 "GET /static/dist/js/BSA.js HTTP/1.1" 200 24803
INFO 2023-05-26 22:57:07,435 basehttp 179 "GET /static/plugins/bootstrap/js/bootstrap.bundle.min.js HTTP/1.1" 200 78129
INFO 2023-05-26 22:57:07,435 basehttp 179 "GET /static/plugins/bootstrap/css/bootstrap.min.css HTTP/1.1" 200 163873
INFO 2023-05-26 22:57:07,486 basehttp 179 "GET /static/plugins/bootstrap-icons/fonts/bootstrap-icons.woff2?8d200481aa7f02a2d63a331fc782cfaf HTTP/1.1" 200 112440
INFO 2023-05-26 22:57:07,518 basehttp 179 "GET /home_page HTTP/1.1" 301 0
INFO 2023-05-26 22:57:07,547 basehttp 179 "GET /home_page/ HTTP/1.1" 200 21922
INFO 2023-05-26 22:57:07,822 basehttp 179 "GET /static/css/bootstrap.min.css HTTP/1.1" 200 194901
INFO 2023-05-26 22:57:07,823 basehttp 179 "GET /static/dist/css/BSA.css HTTP/1.1" 200 20169
INFO 2023-05-26 22:57:07,837 basehttp 179 "GET /static/js/axios-0.18.0.js HTTP/1.1" 200 12912
INFO 2023-05-26 22:57:07,845 basehttp 179 "GET /static/js/bootstrap.min.js HTTP/1.1" 200 60404
INFO 2023-05-26 22:57:07,857 basehttp 179 "GET /static/dist/js/BSA.js HTTP/1.1" 200 24803
INFO 2023-05-26 22:57:07,859 basehttp 179 "GET /static/plugins/bootstrap/js/bootstrap.bundle.min.js HTTP/1.1" 200 78129
INFO 2023-05-26 22:57:07,862 basehttp 179 "GET /static/plugins/chart.js/chart.min.js HTTP/1.1" 200 197005
INFO 2023-05-26 22:57:07,869 basehttp 179 "GET /static/js/vue.js HTTP/1.1" 200 408232
INFO 2023-05-26 22:57:08,193 basehttp 179 "GET /static/dist/img/favicon-32x32.png HTTP/1.1" 200 513
INFO 2023-05-26 22:57:10,420 basehttp 179 "GET /static/plugins/bootstrap/css/bootstrap.min.css.map HTTP/1.1" 200 451427
INFO 2023-05-26 22:57:10,450 basehttp 179 "GET /static/css/bootstrap.min.css.map HTTP/1.1" 200 522639
INFO 2023-05-26 22:57:10,916 basehttp 179 "GET /static/dist/js/BSA.js.map HTTP/1.1" 200 80969
INFO 2023-05-26 22:57:10,920 basehttp 179 "GET /static/plugins/bootstrap/js/bootstrap.bundle.min.js.map HTTP/1.1" 200 331017
INFO 2023-05-26 22:57:10,954 basehttp 179 "GET /static/js/bootstrap.min.js.map HTTP/1.1" 200 216913
INFO 2023-05-26 22:57:10,972 basehttp 179 "GET /static/dist/js/BSA.js.map HTTP/1.1" 200 80969
INFO 2023-05-26 22:57:10,976 basehttp 179 "GET /static/plugins/bootstrap/js/bootstrap.bundle.min.js.map HTTP/1.1" 200 331017
INFO 2023-05-26 22:57:16,333 basehttp 179 "GET /spiders HTTP/1.1" 301 0
INFO 2023-05-26 22:57:16,360 basehttp 179 "GET /spiders/ HTTP/1.1" 200 5148
INFO 2023-05-26 22:57:16,461 basehttp 179 "GET /static/dist/css/BSA.css HTTP/1.1" 200 20169
INFO 2023-05-26 22:57:16,464 basehttp 179 "GET /static/plugins/bootstrap/js/bootstrap.bundle.min.js HTTP/1.1" 200 78129
INFO 2023-05-26 22:57:16,464 basehttp 179 "GET /static/js/bootstrap.min.js HTTP/1.1" 200 60404
INFO 2023-05-26 22:57:16,465 basehttp 179 "GET /static/js/axios-0.18.0.js HTTP/1.1" 200 12912
INFO 2023-05-26 22:57:16,474 basehttp 179 "GET /static/css/bootstrap.min.css HTTP/1.1" 200 194901
INFO 2023-05-26 22:57:16,477 basehttp 179 "GET /static/dist/js/BSA.js HTTP/1.1" 200 24803
INFO 2023-05-26 22:57:16,480 basehttp 179 "GET /static/js/vue.js HTTP/1.1" 200 408232
INFO 2023-05-26 22:57:16,778 basehttp 179 "GET /static/css/bootstrap.min.css.map HTTP/1.1" 200 522639
INFO 2023-05-26 22:57:16,876 basehttp 179 "GET /static/dist/js/BSA.js.map HTTP/1.1" 200 80969
INFO 2023-05-26 22:57:16,878 basehttp 179 "GET /static/js/bootstrap.min.js.map HTTP/1.1" 200 216913
INFO 2023-05-26 22:57:16,881 basehttp 179 "GET /static/plugins/bootstrap/js/bootstrap.bundle.min.js.map HTTP/1.1" 200 331017
WARNING 2023-05-26 22:57:40,291 log 225 Not Found: /spiders/jobs
WARNING 2023-05-26 22:57:40,291 basehttp 179 "GET /spiders/jobs HTTP/1.1" 404 3071
INFO 2023-05-26 22:57:42,059 basehttp 179 "GET /static/pages/page-list.html HTTP/1.1" 200 6782
INFO 2023-05-26 22:57:42,091 basehttp 179 "GET /static/dist/css/BSA.css HTTP/1.1" 200 20169
INFO 2023-05-26 22:57:42,093 basehttp 179 "GET /static/plugins/bootstrap-icons/bootstrap-icons.css HTTP/1.1" 200 88585
INFO 2023-05-26 22:57:42,095 basehttp 179 "GET /static/plugins/bootstrap/css/bootstrap.min.css HTTP/1.1" 200 163873
INFO 2023-05-26 22:57:42,163 basehttp 179 "GET /static/plugins/bootstrap-icons/fonts/bootstrap-icons.woff2?8d200481aa7f02a2d63a331fc782cfaf HTTP/1.1" 200 112440
INFO 2023-05-26 22:57:42,259 basehttp 179 "GET /static/plugins/bootstrap/css/bootstrap.min.css.map HTTP/1.1" 200 451427
INFO 2023-05-26 22:57:42,364 basehttp 179 "GET /static/dist/js/BSA.js HTTP/1.1" 200 24803
INFO 2023-05-26 22:57:42,366 basehttp 179 "GET /static/plugins/bootstrap/js/bootstrap.bundle.min.js HTTP/1.1" 200 78129
INFO 2023-05-26 22:57:42,388 basehttp 179 "GET /static/dist/js/BSA.js.map HTTP/1.1" 200 80969
INFO 2023-05-26 22:57:42,391 basehttp 179 "GET /static/plugins/bootstrap/js/bootstrap.bundle.min.js.map HTTP/1.1" 200 331017
INFO 2023-05-26 22:57:43,883 basehttp 179 "GET /static/pages/page-comment.html HTTP/1.1" 200 20626
INFO 2023-05-26 22:57:43,912 basehttp 179 "GET /static/plugins/bootstrap-icons/bootstrap-icons.css HTTP/1.1" 200 88585
INFO 2023-05-26 22:57:43,914 basehttp 179 "GET /static/dist/css/BSA.css HTTP/1.1" 200 20169
INFO 2023-05-26 22:57:43,916 basehttp 179 "GET /static/plugins/bootstrap/css/bootstrap.min.css HTTP/1.1" 200 163873
INFO 2023-05-26 22:57:43,994 basehttp 179 "GET /static/plugins/bootstrap-icons/fonts/bootstrap-icons.woff2?8d200481aa7f02a2d63a331fc782cfaf HTTP/1.1" 200 112440
INFO 2023-05-26 22:57:44,068 basehttp 179 "GET /static/plugins/bootstrap/css/bootstrap.min.css.map HTTP/1.1" 200 451427
INFO 2023-05-26 22:57:44,217 basehttp 179 "GET /static/dist/js/BSA.js HTTP/1.1" 200 24803
INFO 2023-05-26 22:57:44,218 basehttp 179 "GET /static/plugins/bootstrap/js/bootstrap.bundle.min.js HTTP/1.1" 200 78129
INFO 2023-05-26 22:57:44,239 basehttp 179 "GET /static/dist/js/BSA.js.map HTTP/1.1" 200 80969
INFO 2023-05-26 22:57:44,242 basehttp 179 "GET /static/plugins/bootstrap/js/bootstrap.bundle.min.js.map HTTP/1.1" 200 331017
INFO 2023-05-26 22:57:49,359 basehttp 179 "GET /static/pages/page-article-list.html HTTP/1.1" 200 15018
INFO 2023-05-26 22:57:49,389 basehttp 179 "GET /static/dist/css/BSA.css HTTP/1.1" 200 20169
INFO 2023-05-26 22:57:49,391 basehttp 179 "GET /static/plugins/bootstrap-icons/bootstrap-icons.css HTTP/1.1" 200 88585
INFO 2023-05-26 22:57:49,393 basehttp 179 "GET /static/plugins/bootstrap/css/bootstrap.min.css HTTP/1.1" 200 163873
INFO 2023-05-26 22:57:49,485 basehttp 179 "GET /static/plugins/bootstrap-icons/fonts/bootstrap-icons.woff2?8d200481aa7f02a2d63a331fc782cfaf HTTP/1.1" 200 112440
INFO 2023-05-26 22:57:49,505 basehttp 179 "GET /static/plugins/bootstrap/css/bootstrap.min.css.map HTTP/1.1" 200 451427
INFO 2023-05-26 22:57:49,608 basehttp 179 "GET /static/dist/js/BSA.js HTTP/1.1" 200 24803
INFO 2023-05-26 22:57:49,610 basehttp 179 "GET /static/plugins/bootstrap/js/bootstrap.bundle.min.js HTTP/1.1" 200 78129
INFO 2023-05-26 22:57:49,633 basehttp 179 "GET /static/dist/js/BSA.js.map HTTP/1.1" 200 80969
INFO 2023-05-26 22:57:49,635 basehttp 179 "GET /static/plugins/bootstrap/js/bootstrap.bundle.min.js.map HTTP/1.1" 200 331017
INFO 2023-05-26 23:01:12,131 basehttp 179 "GET /static/index.html HTTP/1.1" 200 28828
INFO 2023-05-26 23:01:12,468 basehttp 179 "GET /static/plugins/bootstrap-icons/bootstrap-icons.css HTTP/1.1" 200 88585
INFO 2023-05-26 23:01:12,479 basehttp 179 "GET /static/dist/img/logo-icon.png HTTP/1.1" 200 2065
INFO 2023-05-26 23:01:12,480 basehttp 179 "GET /static/dist/css/BSA.css HTTP/1.1" 200 20169
INFO 2023-05-26 23:01:12,482 basehttp 179 "GET /static/plugins/bootstrap/css/bootstrap.min.css HTTP/1.1" 200 163873
INFO 2023-05-26 23:01:12,494 basehttp 179 "GET /static/dist/js/BSA.js HTTP/1.1" 200 24803
INFO 2023-05-26 23:01:12,496 basehttp 179 "GET /static/plugins/bootstrap/js/bootstrap.bundle.min.js HTTP/1.1" 200 78129
INFO 2023-05-26 23:01:12,539 basehttp 179 "GET /static/plugins/bootstrap-icons/fonts/bootstrap-icons.woff2?8d200481aa7f02a2d63a331fc782cfaf HTTP/1.1" 200 112440
INFO 2023-05-26 23:01:12,573 basehttp 179 "GET /home_page HTTP/1.1" 301 0
INFO 2023-05-26 23:01:12,597 basehttp 179 "GET /home_page/ HTTP/1.1" 200 21918
INFO 2023-05-26 23:01:12,632 basehttp 179 "GET /static/dist/css/BSA.css HTTP/1.1" 200 20169
INFO 2023-05-26 23:01:12,633 basehttp 179 "GET /static/css/bootstrap.min.css HTTP/1.1" 200 194901
INFO 2023-05-26 23:01:12,649 basehttp 179 "GET /static/js/axios-0.18.0.js HTTP/1.1" 200 12912
INFO 2023-05-26 23:01:12,653 basehttp 179 "GET /static/js/vue.js HTTP/1.1" 200 408232
INFO 2023-05-26 23:01:12,663 basehttp 179 "GET /static/dist/js/BSA.js HTTP/1.1" 200 24803
INFO 2023-05-26 23:01:12,664 basehttp 179 "GET /static/js/bootstrap.min.js HTTP/1.1" 200 60404
INFO 2023-05-26 23:01:12,666 basehttp 179 "GET /static/plugins/bootstrap/js/bootstrap.bundle.min.js HTTP/1.1" 200 78129
INFO 2023-05-26 23:01:12,669 basehttp 179 "GET /static/plugins/chart.js/chart.min.js HTTP/1.1" 200 197005
INFO 2023-05-26 23:01:15,795 basehttp 179 "GET /static/plugins/bootstrap/css/bootstrap.min.css.map HTTP/1.1" 200 451427
INFO 2023-05-26 23:01:15,819 basehttp 179 "GET /static/css/bootstrap.min.css.map HTTP/1.1" 200 522639
INFO 2023-05-26 23:01:16,259 basehttp 179 "GET /static/dist/js/BSA.js.map HTTP/1.1" 200 80969
INFO 2023-05-26 23:01:16,262 basehttp 179 "GET /static/plugins/bootstrap/js/bootstrap.bundle.min.js.map HTTP/1.1" 200 331017
INFO 2023-05-26 23:01:16,291 basehttp 179 "GET /static/js/bootstrap.min.js.map HTTP/1.1" 200 216913
INFO 2023-05-26 23:01:16,314 basehttp 179 "GET /static/dist/js/BSA.js.map HTTP/1.1" 200 80969
INFO 2023-05-26 23:01:16,317 basehttp 179 "GET /static/plugins/bootstrap/js/bootstrap.bundle.min.js.map HTTP/1.1" 200 331017
INFO 2023-05-26 23:01:23,842 basehttp 179 "GET /static/dist/img/favicon-32x32.png HTTP/1.1" 200 513
INFO 2023-05-26 23:01:31,874 basehttp 179 "GET /static/index.html HTTP/1.1" 200 28828
INFO 2023-05-26 23:01:31,946 basehttp 179 "GET /static/dist/css/BSA.css HTTP/1.1" 200 20169
INFO 2023-05-26 23:01:31,948 basehttp 179 "GET /static/plugins/bootstrap-icons/bootstrap-icons.css HTTP/1.1" 200 88585
INFO 2023-05-26 23:01:31,950 basehttp 179 "GET /static/plugins/bootstrap/css/bootstrap.min.css HTTP/1.1" 200 163873
INFO 2023-05-26 23:01:32,225 basehttp 179 "GET /static/dist/js/BSA.js HTTP/1.1" 200 24803
INFO 2023-05-26 23:01:32,226 basehttp 179 "GET /static/dist/img/logo-icon.png HTTP/1.1" 200 2065
INFO 2023-05-26 23:01:32,228 basehttp 179 "GET /static/plugins/bootstrap/js/bootstrap.bundle.min.js HTTP/1.1" 200 78129
INFO 2023-05-26 23:01:32,230 basehttp 179 "GET /static/plugins/bootstrap-icons/fonts/bootstrap-icons.woff2?8d200481aa7f02a2d63a331fc782cfaf HTTP/1.1" 200 112440
INFO 2023-05-26 23:01:32,278 basehttp 179 "GET /home_page HTTP/1.1" 301 0
INFO 2023-05-26 23:01:32,306 basehttp 179 "GET /home_page/ HTTP/1.1" 200 21920
INFO 2023-05-26 23:01:32,348 basehttp 179 "GET /static/dist/css/BSA.css HTTP/1.1" 200 20169
INFO 2023-05-26 23:01:32,350 basehttp 179 "GET /static/css/bootstrap.min.css HTTP/1.1" 200 194901
INFO 2023-05-26 23:01:32,363 basehttp 179 "GET /static/js/axios-0.18.0.js HTTP/1.1" 200 12912
INFO 2023-05-26 23:01:32,368 basehttp 179 "GET /static/js/vue.js HTTP/1.1" 200 408232
INFO 2023-05-26 23:01:32,445 basehttp 179 "GET /static/plugins/bootstrap/js/bootstrap.bundle.min.js HTTP/1.1" 200 78129
INFO 2023-05-26 23:01:32,446 basehttp 179 "GET /static/js/bootstrap.min.js HTTP/1.1" 200 60404
INFO 2023-05-26 23:01:32,450 basehttp 179 "GET /static/dist/js/BSA.js HTTP/1.1" 200 24803
INFO 2023-05-26 23:01:32,452 basehttp 179 "GET /static/plugins/chart.js/chart.min.js HTTP/1.1" 200 197005
INFO 2023-05-26 23:01:32,844 basehttp 179 "GET /static/dist/img/favicon-32x32.png HTTP/1.1" 200 513
INFO 2023-05-26 23:01:35,789 basehttp 179 "GET /static/plugins/bootstrap/css/bootstrap.min.css.map HTTP/1.1" 200 451427
INFO 2023-05-26 23:01:35,820 basehttp 179 "GET /static/css/bootstrap.min.css.map HTTP/1.1" 200 522639
INFO 2023-05-26 23:01:36,362 basehttp 179 "GET /static/dist/js/BSA.js.map HTTP/1.1" 200 80969
INFO 2023-05-26 23:01:36,381 basehttp 179 "GET /static/plugins/bootstrap/js/bootstrap.bundle.min.js.map HTTP/1.1" 200 331017
INFO 2023-05-26 23:01:36,425 basehttp 179 "GET /static/dist/js/BSA.js.map HTTP/1.1" 200 80969
INFO 2023-05-26 23:01:36,429 basehttp 179 "GET /static/js/bootstrap.min.js.map HTTP/1.1" 200 216913
INFO 2023-05-26 23:01:36,433 basehttp 179 "GET /static/plugins/bootstrap/js/bootstrap.bundle.min.js.map HTTP/1.1" 200 331017
INFO 2023-05-26 23:01:39,416 basehttp 179 "GET /static/index.html HTTP/1.1" 200 28828
INFO 2023-05-26 23:01:39,491 basehttp 179 "GET /static/plugins/bootstrap-icons/bootstrap-icons.css HTTP/1.1" 200 88585
INFO 2023-05-26 23:01:39,497 basehttp 179 "GET /static/plugins/bootstrap/css/bootstrap.min.css HTTP/1.1" 200 163873
INFO 2023-05-26 23:01:39,503 basehttp 179 "GET /static/dist/css/BSA.css HTTP/1.1" 200 20169
INFO 2023-05-26 23:01:39,796 basehttp 179 "GET /static/dist/img/logo-icon.png HTTP/1.1" 200 2065
INFO 2023-05-26 23:01:39,797 basehttp 179 "GET /static/dist/js/BSA.js HTTP/1.1" 200 24803
INFO 2023-05-26 23:01:39,799 basehttp 179 "GET /static/plugins/bootstrap/js/bootstrap.bundle.min.js HTTP/1.1" 200 78129
INFO 2023-05-26 23:01:39,804 basehttp 179 "GET /static/plugins/bootstrap-icons/fonts/bootstrap-icons.woff2?8d200481aa7f02a2d63a331fc782cfaf HTTP/1.1" 200 112440
INFO 2023-05-26 23:01:39,850 basehttp 179 "GET /home_page HTTP/1.1" 301 0
INFO 2023-05-26 23:01:39,879 basehttp 179 "GET /home_page/ HTTP/1.1" 200 21918
INFO 2023-05-26 23:01:39,940 basehttp 179 "GET /static/dist/css/BSA.css HTTP/1.1" 200 20169
INFO 2023-05-26 23:01:39,944 basehttp 179 "GET /static/css/bootstrap.min.css HTTP/1.1" 200 194901
INFO 2023-05-26 23:01:40,088 basehttp 179 "GET /static/js/vue.js HTTP/1.1" 200 408232
INFO 2023-05-26 23:01:40,128 basehttp 179 "GET /static/js/axios-0.18.0.js HTTP/1.1" 200 12912
INFO 2023-05-26 23:01:40,129 basehttp 179 "GET /static/dist/js/BSA.js HTTP/1.1" 200 24803
INFO 2023-05-26 23:01:40,132 basehttp 179 "GET /static/js/bootstrap.min.js HTTP/1.1" 200 60404
INFO 2023-05-26 23:01:40,133 basehttp 179 "GET /static/plugins/bootstrap/js/bootstrap.bundle.min.js HTTP/1.1" 200 78129
INFO 2023-05-26 23:01:40,136 basehttp 179 "GET /static/plugins/chart.js/chart.min.js HTTP/1.1" 200 197005
INFO 2023-05-26 23:01:40,378 basehttp 179 "GET /static/dist/img/favicon-32x32.png HTTP/1.1" 200 513
INFO 2023-05-26 23:01:43,498 basehttp 179 "GET /static/plugins/bootstrap/css/bootstrap.min.css.map HTTP/1.1" 200 451427
INFO 2023-05-26 23:01:43,525 basehttp 179 "GET /static/css/bootstrap.min.css.map HTTP/1.1" 200 522639
INFO 2023-05-26 23:01:44,147 basehttp 179 "GET /static/dist/js/BSA.js.map HTTP/1.1" 200 80969
INFO 2023-05-26 23:01:44,151 basehttp 179 "GET /static/plugins/bootstrap/js/bootstrap.bundle.min.js.map HTTP/1.1" 200 331017
INFO 2023-05-26 23:01:44,189 basehttp 179 "GET /static/js/bootstrap.min.js.map HTTP/1.1" 200 216913
INFO 2023-05-26 23:01:44,198 basehttp 179 "GET /static/plugins/bootstrap/js/bootstrap.bundle.min.js.map HTTP/1.1" 200 331017
INFO 2023-05-26 23:01:44,218 basehttp 179 "GET /static/dist/js/BSA.js.map HTTP/1.1" 200 80969
INFO 2023-05-26 23:01:57,071 basehttp 179 "GET /static/index.html HTTP/1.1" 200 28828
INFO 2023-05-26 23:01:57,395 basehttp 179 "GET /static/plugins/bootstrap-icons/bootstrap-icons.css HTTP/1.1" 200 88585
INFO 2023-05-26 23:01:57,406 basehttp 179 "GET /static/dist/css/BSA.css HTTP/1.1" 200 20169
INFO 2023-05-26 23:01:57,410 basehttp 179 "GET /static/dist/img/logo-icon.png HTTP/1.1" 200 2065
INFO 2023-05-26 23:01:57,412 basehttp 179 "GET /static/plugins/bootstrap/css/bootstrap.min.css HTTP/1.1" 200 163873
INFO 2023-05-26 23:01:57,424 basehttp 179 "GET /static/plugins/bootstrap/js/bootstrap.bundle.min.js HTTP/1.1" 200 78129
INFO 2023-05-26 23:01:57,428 basehttp 179 "GET /static/dist/js/BSA.js HTTP/1.1" 200 24803
INFO 2023-05-26 23:01:57,471 basehttp 179 "GET /static/plugins/bootstrap-icons/fonts/bootstrap-icons.woff2?8d200481aa7f02a2d63a331fc782cfaf HTTP/1.1" 200 112440
INFO 2023-05-26 23:01:57,509 basehttp 179 "GET /home_page HTTP/1.1" 301 0
INFO 2023-05-26 23:01:57,533 basehttp 179 "GET /home_page/ HTTP/1.1" 200 21919
INFO 2023-05-26 23:01:57,808 basehttp 179 "GET /static/css/bootstrap.min.css HTTP/1.1" 200 194901
INFO 2023-05-26 23:01:57,811 basehttp 179 "GET /static/dist/css/BSA.css HTTP/1.1" 200 20169
INFO 2023-05-26 23:01:57,820 basehttp 179 "GET /static/js/axios-0.18.0.js HTTP/1.1" 200 12912
INFO 2023-05-26 23:01:57,823 basehttp 179 "GET /static/js/bootstrap.min.js HTTP/1.1" 200 60404
INFO 2023-05-26 23:01:57,827 basehttp 179 "GET /static/plugins/chart.js/chart.min.js HTTP/1.1" 200 197005
INFO 2023-05-26 23:01:57,828 basehttp 179 "GET /static/js/vue.js HTTP/1.1" 200 408232
INFO 2023-05-26 23:01:57,833 basehttp 179 "GET /static/plugins/bootstrap/js/bootstrap.bundle.min.js HTTP/1.1" 200 78129
INFO 2023-05-26 23:01:57,854 basehttp 179 "GET /static/dist/js/BSA.js HTTP/1.1" 200 24803
INFO 2023-05-26 23:01:58,185 basehttp 179 "GET /static/dist/img/favicon-32x32.png HTTP/1.1" 200 513
INFO 2023-05-26 23:02:01,456 basehttp 179 "GET /static/plugins/bootstrap/css/bootstrap.min.css.map HTTP/1.1" 200 451427
INFO 2023-05-26 23:02:01,483 basehttp 179 "GET /static/css/bootstrap.min.css.map HTTP/1.1" 200 522639
INFO 2023-05-26 23:02:02,022 basehttp 179 "GET /static/dist/js/BSA.js.map HTTP/1.1" 200 80969
INFO 2023-05-26 23:02:02,024 basehttp 179 "GET /static/plugins/bootstrap/js/bootstrap.bundle.min.js.map HTTP/1.1" 200 331017
INFO 2023-05-26 23:02:02,064 basehttp 179 "GET /static/dist/js/BSA.js.map HTTP/1.1" 200 80969
INFO 2023-05-26 23:02:02,066 basehttp 179 "GET /static/js/bootstrap.min.js.map HTTP/1.1" 200 216913
INFO 2023-05-26 23:02:02,069 basehttp 179 "GET /static/plugins/bootstrap/js/bootstrap.bundle.min.js.map HTTP/1.1" 200 331017
INFO 2023-05-26 23:02:45,766 basehttp 179 "GET /static/index.html HTTP/1.1" 200 28828
INFO 2023-05-26 23:02:46,097 basehttp 179 "GET /static/plugins/bootstrap-icons/bootstrap-icons.css HTTP/1.1" 200 88585
INFO 2023-05-26 23:02:46,113 basehttp 179 "GET /static/plugins/bootstrap/css/bootstrap.min.css HTTP/1.1" 200 163873
INFO 2023-05-26 23:02:46,127 basehttp 179 "GET /static/dist/css/BSA.css HTTP/1.1" 200 20169
INFO 2023-05-26 23:02:46,127 basehttp 179 "GET /static/dist/img/logo-icon.png HTTP/1.1" 200 2065
INFO 2023-05-26 23:02:46,128 basehttp 179 "GET /static/dist/js/BSA.js HTTP/1.1" 200 24803
INFO 2023-05-26 23:02:46,130 basehttp 179 "GET /static/plugins/bootstrap/js/bootstrap.bundle.min.js HTTP/1.1" 200 78129
INFO 2023-05-26 23:02:46,188 basehttp 179 "GET /static/plugins/bootstrap-icons/fonts/bootstrap-icons.woff2?8d200481aa7f02a2d63a331fc782cfaf HTTP/1.1" 200 112440
INFO 2023-05-26 23:02:46,223 basehttp 179 "GET /home_page HTTP/1.1" 301 0
INFO 2023-05-26 23:02:46,249 basehttp 179 "GET /home_page/ HTTP/1.1" 200 21939
INFO 2023-05-26 23:02:46,341 basehttp 179 "GET /static/dist/css/BSA.css HTTP/1.1" 200 20169
INFO 2023-05-26 23:02:46,344 basehttp 179 "GET /static/css/bootstrap.min.css HTTP/1.1" 200 194901
INFO 2023-05-26 23:02:46,354 basehttp 179 "GET /static/js/axios-0.18.0.js HTTP/1.1" 200 12912
INFO 2023-05-26 23:02:46,359 basehttp 179 "GET /static/js/bootstrap.min.js HTTP/1.1" 200 60404
INFO 2023-05-26 23:02:46,362 basehttp 179 "GET /static/plugins/chart.js/chart.min.js HTTP/1.1" 200 197005
INFO 2023-05-26 23:02:46,365 basehttp 179 "GET /static/js/vue.js HTTP/1.1" 200 408232
INFO 2023-05-26 23:02:46,388 basehttp 179 "GET /static/dist/js/BSA.js HTTP/1.1" 200 24803
INFO 2023-05-26 23:02:46,390 basehttp 179 "GET /static/plugins/bootstrap/js/bootstrap.bundle.min.js HTTP/1.1" 200 78129
INFO 2023-05-26 23:02:46,832 basehttp 179 "GET /static/dist/img/favicon-32x32.png HTTP/1.1" 200 513
INFO 2023-05-26 23:02:50,733 basehttp 179 "GET /static/plugins/bootstrap/css/bootstrap.min.css.map HTTP/1.1" 200 451427
INFO 2023-05-26 23:02:50,768 basehttp 179 "GET /static/css/bootstrap.min.css.map HTTP/1.1" 200 522639
INFO 2023-05-26 23:02:51,334 basehttp 179 "GET /static/dist/js/BSA.js.map HTTP/1.1" 200 80969
INFO 2023-05-26 23:02:51,337 basehttp 179 "GET /static/plugins/bootstrap/js/bootstrap.bundle.min.js.map HTTP/1.1" 200 331017
INFO 2023-05-26 23:02:51,366 basehttp 179 "GET /static/js/bootstrap.min.js.map HTTP/1.1" 200 216913
INFO 2023-05-26 23:02:51,373 basehttp 179 "GET /static/dist/js/BSA.js.map HTTP/1.1" 200 80969
INFO 2023-05-26 23:02:51,377 basehttp 179 "GET /static/plugins/bootstrap/js/bootstrap.bundle.min.js.map HTTP/1.1" 200 331017
INFO 2023-05-26 23:02:52,232 basehttp 179 "GET /static/index.html HTTP/1.1" 200 28828
INFO 2023-05-26 23:02:52,591 basehttp 179 "GET /static/plugins/bootstrap-icons/bootstrap-icons.css HTTP/1.1" 200 88585
INFO 2023-05-26 23:02:52,596 basehttp 179 "GET /static/plugins/bootstrap/css/bootstrap.min.css HTTP/1.1" 200 163873
INFO 2023-05-26 23:02:52,605 basehttp 179 "GET /static/dist/img/logo-icon.png HTTP/1.1" 200 2065
INFO 2023-05-26 23:02:52,606 basehttp 179 "GET /static/dist/js/BSA.js HTTP/1.1" 200 24803
INFO 2023-05-26 23:02:52,606 basehttp 179 "GET /static/dist/css/BSA.css HTTP/1.1" 200 20169
INFO 2023-05-26 23:02:52,608 basehttp 179 "GET /static/plugins/bootstrap/js/bootstrap.bundle.min.js HTTP/1.1" 200 78129
INFO 2023-05-26 23:02:52,829 basehttp 179 "GET /static/plugins/bootstrap-icons/fonts/bootstrap-icons.woff2?8d200481aa7f02a2d63a331fc782cfaf HTTP/1.1" 200 112440
INFO 2023-05-26 23:02:52,837 basehttp 179 "GET /home_page HTTP/1.1" 301 0
INFO 2023-05-26 23:02:52,913 basehttp 179 "GET /home_page/ HTTP/1.1" 200 21941
INFO 2023-05-26 23:02:53,009 basehttp 179 "GET /static/dist/css/BSA.css HTTP/1.1" 200 20169
INFO 2023-05-26 23:02:53,009 basehttp 179 "GET /static/js/axios-0.18.0.js HTTP/1.1" 200 12912
INFO 2023-05-26 23:02:53,013 basehttp 179 "GET /static/js/bootstrap.min.js HTTP/1.1" 200 60404
INFO 2023-05-26 23:02:53,018 basehttp 179 "GET /static/plugins/chart.js/chart.min.js HTTP/1.1" 200 197005
INFO 2023-05-26 23:02:53,022 basehttp 179 "GET /static/css/bootstrap.min.css HTTP/1.1" 200 194901
INFO 2023-05-26 23:02:53,026 basehttp 179 "GET /static/dist/js/BSA.js HTTP/1.1" 200 24803
INFO 2023-05-26 23:02:53,027 basehttp 179 "GET /static/plugins/bootstrap/js/bootstrap.bundle.min.js HTTP/1.1" 200 78129
INFO 2023-05-26 23:02:53,030 basehttp 179 "GET /static/js/vue.js HTTP/1.1" 200 408232
INFO 2023-05-26 23:02:53,394 basehttp 179 "GET /static/dist/img/favicon-32x32.png HTTP/1.1" 200 513
INFO 2023-05-26 23:02:57,301 basehttp 179 "GET /static/plugins/bootstrap/css/bootstrap.min.css.map HTTP/1.1" 200 451427
INFO 2023-05-26 23:02:57,319 basehttp 179 "GET /static/css/bootstrap.min.css.map HTTP/1.1" 200 522639
INFO 2023-05-26 23:02:57,861 basehttp 179 "GET /static/dist/js/BSA.js.map HTTP/1.1" 200 80969
INFO 2023-05-26 23:02:57,864 basehttp 179 "GET /static/plugins/bootstrap/js/bootstrap.bundle.min.js.map HTTP/1.1" 200 331017
INFO 2023-05-26 23:02:57,893 basehttp 179 "GET /static/js/bootstrap.min.js.map HTTP/1.1" 200 216913
INFO 2023-05-26 23:02:57,902 basehttp 179 "GET /static/dist/js/BSA.js.map HTTP/1.1" 200 80969
INFO 2023-05-26 23:02:57,904 basehttp 179 "GET /static/plugins/bootstrap/js/bootstrap.bundle.min.js.map HTTP/1.1" 200 331017
INFO 2023-05-26 23:03:17,796 basehttp 179 "GET /static/index.html HTTP/1.1" 200 28828
INFO 2023-05-26 23:03:18,150 basehttp 179 "GET /static/plugins/bootstrap-icons/bootstrap-icons.css HTTP/1.1" 200 88585
INFO 2023-05-26 23:03:18,158 basehttp 179 "GET /static/dist/css/BSA.css HTTP/1.1" 200 20169
INFO 2023-05-26 23:03:18,159 basehttp 179 "GET /static/dist/img/logo-icon.png HTTP/1.1" 200 2065
INFO 2023-05-26 23:03:18,160 basehttp 179 "GET /static/plugins/bootstrap/css/bootstrap.min.css HTTP/1.1" 200 163873
INFO 2023-05-26 23:03:18,166 basehttp 179 "GET /static/dist/js/BSA.js HTTP/1.1" 200 24803
INFO 2023-05-26 23:03:18,168 basehttp 179 "GET /static/plugins/bootstrap/js/bootstrap.bundle.min.js HTTP/1.1" 200 78129
INFO 2023-05-26 23:03:18,222 basehttp 179 "GET /static/plugins/bootstrap-icons/fonts/bootstrap-icons.woff2?8d200481aa7f02a2d63a331fc782cfaf HTTP/1.1" 200 112440
INFO 2023-05-26 23:03:18,250 basehttp 179 "GET /home_page HTTP/1.1" 301 0
INFO 2023-05-26 23:03:18,279 basehttp 179 "GET /home_page/ HTTP/1.1" 200 21942
INFO 2023-05-26 23:03:18,506 basehttp 179 "GET /static/css/bootstrap.min.css HTTP/1.1" 200 194901
INFO 2023-05-26 23:03:18,510 basehttp 179 "GET /static/dist/css/BSA.css HTTP/1.1" 200 20169
INFO 2023-05-26 23:03:18,518 basehttp 179 "GET /static/js/axios-0.18.0.js HTTP/1.1" 200 12912
INFO 2023-05-26 23:03:18,521 basehttp 179 "GET /static/js/bootstrap.min.js HTTP/1.1" 200 60404
INFO 2023-05-26 23:03:18,525 basehttp 179 "GET /static/plugins/chart.js/chart.min.js HTTP/1.1" 200 197005
INFO 2023-05-26 23:03:18,527 basehttp 179 "GET /static/js/vue.js HTTP/1.1" 200 408232
INFO 2023-05-26 23:03:18,532 basehttp 179 "GET /static/plugins/bootstrap/js/bootstrap.bundle.min.js HTTP/1.1" 200 78129
INFO 2023-05-26 23:03:18,550 basehttp 179 "GET /static/dist/js/BSA.js HTTP/1.1" 200 24803
INFO 2023-05-26 23:03:18,804 basehttp 179 "GET /static/dist/img/favicon-32x32.png HTTP/1.1" 200 513
INFO 2023-05-26 23:03:23,163 basehttp 179 "GET /static/plugins/bootstrap/css/bootstrap.min.css.map HTTP/1.1" 200 451427
INFO 2023-05-26 23:03:23,186 basehttp 179 "GET /static/css/bootstrap.min.css.map HTTP/1.1" 200 522639
INFO 2023-05-26 23:03:23,791 basehttp 179 "GET /static/dist/js/BSA.js.map HTTP/1.1" 200 80969
INFO 2023-05-26 23:03:23,794 basehttp 179 "GET /static/plugins/bootstrap/js/bootstrap.bundle.min.js.map HTTP/1.1" 200 331017
INFO 2023-05-26 23:03:23,823 basehttp 179 "GET /static/js/bootstrap.min.js.map HTTP/1.1" 200 216913
INFO 2023-05-26 23:03:23,829 basehttp 179 "GET /static/plugins/bootstrap/js/bootstrap.bundle.min.js.map HTTP/1.1" 200 331017
INFO 2023-05-26 23:03:23,844 basehttp 179 "GET /static/dist/js/BSA.js.map HTTP/1.1" 200 80969
INFO 2023-05-26 23:03:30,751 basehttp 179 "GET /static/index.html HTTP/1.1" 200 28828
INFO 2023-05-26 23:03:30,840 basehttp 179 "GET /static/dist/css/BSA.css HTTP/1.1" 200 20169
INFO 2023-05-26 23:03:30,842 basehttp 179 "GET /static/plugins/bootstrap-icons/bootstrap-icons.css HTTP/1.1" 200 88585
INFO 2023-05-26 23:03:30,843 basehttp 179 "GET /static/plugins/bootstrap/css/bootstrap.min.css HTTP/1.1" 200 163873
INFO 2023-05-26 23:03:31,101 basehttp 179 "GET /static/plugins/bootstrap/js/bootstrap.bundle.min.js HTTP/1.1" 200 78129
INFO 2023-05-26 23:03:31,115 basehttp 179 "GET /static/dist/img/logo-icon.png HTTP/1.1" 200 2065
INFO 2023-05-26 23:03:31,116 basehttp 179 "GET /static/dist/js/BSA.js HTTP/1.1" 200 24803
INFO 2023-05-26 23:03:31,130 basehttp 179 "GET /static/plugins/bootstrap-icons/fonts/bootstrap-icons.woff2?8d200481aa7f02a2d63a331fc782cfaf HTTP/1.1" 200 112440
INFO 2023-05-26 23:03:31,167 basehttp 179 "GET /home_page HTTP/1.1" 301 0
INFO 2023-05-26 23:03:31,192 basehttp 179 "GET /home_page/ HTTP/1.1" 200 21943
INFO 2023-05-26 23:03:31,226 basehttp 179 "GET /static/dist/css/BSA.css HTTP/1.1" 200 20169
INFO 2023-05-26 23:03:31,228 basehttp 179 "GET /static/css/bootstrap.min.css HTTP/1.1" 200 194901
INFO 2023-05-26 23:03:31,259 basehttp 179 "GET /static/js/axios-0.18.0.js HTTP/1.1" 200 12912
INFO 2023-05-26 23:03:31,260 basehttp 179 "GET /static/dist/js/BSA.js HTTP/1.1" 200 24803
INFO 2023-05-26 23:03:31,262 basehttp 179 "GET /static/plugins/bootstrap/js/bootstrap.bundle.min.js HTTP/1.1" 200 78129
INFO 2023-05-26 23:03:31,262 basehttp 179 "GET /static/js/bootstrap.min.js HTTP/1.1" 200 60404
INFO 2023-05-26 23:03:31,267 basehttp 179 "GET /static/plugins/chart.js/chart.min.js HTTP/1.1" 200 197005
INFO 2023-05-26 23:03:31,269 basehttp 179 "GET /static/js/vue.js HTTP/1.1" 200 408232
INFO 2023-05-26 23:03:31,819 basehttp 179 "GET /static/dist/img/favicon-32x32.png HTTP/1.1" 200 513
INFO 2023-05-26 23:03:36,109 basehttp 179 "GET /static/plugins/bootstrap/css/bootstrap.min.css.map HTTP/1.1" 200 451427
INFO 2023-05-26 23:03:36,378 basehttp 179 "GET /static/css/bootstrap.min.css.map HTTP/1.1" 200 522639
INFO 2023-05-26 23:03:36,934 basehttp 179 "GET /static/dist/js/BSA.js.map HTTP/1.1" 200 80969
INFO 2023-05-26 23:03:36,935 basehttp 179 "GET /static/dist/js/BSA.js.map HTTP/1.1" 200 80969
INFO 2023-05-26 23:03:36,940 basehttp 179 "GET /static/js/bootstrap.min.js.map HTTP/1.1" 200 216913
INFO 2023-05-26 23:03:36,943 basehttp 179 "GET /static/plugins/bootstrap/js/bootstrap.bundle.min.js.map HTTP/1.1" 200 331017
INFO 2023-05-26 23:03:36,944 basehttp 179 "GET /static/plugins/bootstrap/js/bootstrap.bundle.min.js.map HTTP/1.1" 200 331017
INFO 2023-05-26 23:03:45,430 basehttp 179 "GET /static/index.html HTTP/1.1" 200 28828
INFO 2023-05-26 23:03:45,525 basehttp 179 "GET /static/plugins/bootstrap-icons/bootstrap-icons.css HTTP/1.1" 200 88585
INFO 2023-05-26 23:03:45,527 basehttp 179 "GET /static/plugins/bootstrap/css/bootstrap.min.css HTTP/1.1" 200 163873
INFO 2023-05-26 23:03:45,533 basehttp 179 "GET /static/dist/css/BSA.css HTTP/1.1" 200 20169
INFO 2023-05-26 23:03:45,557 basehttp 179 "GET /static/dist/img/logo-icon.png HTTP/1.1" 200 2065
INFO 2023-05-26 23:03:45,731 basehttp 179 "GET /static/plugins/bootstrap/js/bootstrap.bundle.min.js HTTP/1.1" 200 78129
INFO 2023-05-26 23:03:45,736 basehttp 179 "GET /static/dist/js/BSA.js HTTP/1.1" 200 24803
INFO 2023-05-26 23:03:45,740 basehttp 179 "GET /static/plugins/bootstrap-icons/fonts/bootstrap-icons.woff2?8d200481aa7f02a2d63a331fc782cfaf HTTP/1.1" 200 112440
INFO 2023-05-26 23:03:45,784 basehttp 179 "GET /home_page HTTP/1.1" 301 0
INFO 2023-05-26 23:03:45,813 basehttp 179 "GET /home_page/ HTTP/1.1" 200 21943
INFO 2023-05-26 23:03:45,855 basehttp 179 "GET /static/dist/css/BSA.css HTTP/1.1" 200 20169
INFO 2023-05-26 23:03:45,860 basehttp 179 "GET /static/css/bootstrap.min.css HTTP/1.1" 200 194901
INFO 2023-05-26 23:03:45,869 basehttp 179 "GET /static/js/vue.js HTTP/1.1" 200 408232
INFO 2023-05-26 23:03:45,877 basehttp 179 "GET /static/js/axios-0.18.0.js HTTP/1.1" 200 12912
INFO 2023-05-26 23:03:45,889 basehttp 179 "GET /static/dist/js/BSA.js HTTP/1.1" 200 24803
INFO 2023-05-26 23:03:45,892 basehttp 179 "GET /static/js/bootstrap.min.js HTTP/1.1" 200 60404
INFO 2023-05-26 23:03:45,894 basehttp 179 "GET /static/plugins/bootstrap/js/bootstrap.bundle.min.js HTTP/1.1" 200 78129
INFO 2023-05-26 23:03:45,896 basehttp 179 "GET /static/plugins/chart.js/chart.min.js HTTP/1.1" 200 197005
INFO 2023-05-26 23:03:50,706 basehttp 179 "GET /static/plugins/bootstrap/css/bootstrap.min.css.map HTTP/1.1" 200 451427
INFO 2023-05-26 23:03:50,923 basehttp 179 "GET /static/css/bootstrap.min.css.map HTTP/1.1" 200 522639
INFO 2023-05-26 23:03:51,452 basehttp 179 "GET /static/dist/js/BSA.js.map HTTP/1.1" 200 80969
INFO 2023-05-26 23:03:51,452 basehttp 179 "GET /static/dist/js/BSA.js.map HTTP/1.1" 200 80969
INFO 2023-05-26 23:03:51,456 basehttp 179 "GET /static/js/bootstrap.min.js.map HTTP/1.1" 200 216913
INFO 2023-05-26 23:03:51,459 basehttp 179 "GET /static/plugins/bootstrap/js/bootstrap.bundle.min.js.map HTTP/1.1" 200 331017
INFO 2023-05-26 23:03:51,459 basehttp 179 "GET /static/plugins/bootstrap/js/bootstrap.bundle.min.js.map HTTP/1.1" 200 331017
INFO 2023-05-26 23:03:53,645 basehttp 179 "GET /static/pages/welcome.html?id=2 HTTP/1.1" 200 20301
INFO 2023-05-26 23:03:53,712 basehttp 179 "GET /static/dist/css/BSA.css HTTP/1.1" 200 20169
INFO 2023-05-26 23:03:53,714 basehttp 179 "GET /static/plugins/bootstrap-icons/bootstrap-icons.css HTTP/1.1" 200 88585
INFO 2023-05-26 23:03:53,716 basehttp 179 "GET /static/plugins/bootstrap/css/bootstrap.min.css HTTP/1.1" 200 163873
INFO 2023-05-26 23:03:53,892 basehttp 179 "GET /static/plugins/bootstrap-icons/fonts/bootstrap-icons.woff2?8d200481aa7f02a2d63a331fc782cfaf HTTP/1.1" 200 112440
INFO 2023-05-26 23:03:53,970 basehttp 179 "GET /static/plugins/bootstrap/css/bootstrap.min.css.map HTTP/1.1" 200 451427
INFO 2023-05-26 23:03:53,978 basehttp 179 "GET /static/plugins/bootstrap/js/bootstrap.bundle.min.js HTTP/1.1" 200 78129
INFO 2023-05-26 23:03:53,980 basehttp 179 "GET /static/dist/js/BSA.js HTTP/1.1" 200 24803
INFO 2023-05-26 23:03:53,988 basehttp 179 "GET /static/plugins/chart.js/chart.min.js HTTP/1.1" 200 197005
INFO 2023-05-26 23:03:54,016 basehttp 179 "GET /static/plugins/bootstrap/js/bootstrap.bundle.min.js.map HTTP/1.1" 200 331017
INFO 2023-05-26 23:03:54,129 basehttp 179 "GET /static/dist/js/BSA.js.map HTTP/1.1" 200 80969
INFO 2023-05-26 23:07:42,918 autoreload 257 C:\env\Anaconda3\envs\django4\Lib\site-packages\django\apps\registry.py changed, reloading.
INFO 2023-05-26 23:09:20,953 autoreload 677 Watching for file changes with StatReloader
INFO 2023-05-26 23:10:05,106 basehttp 187 "GET /static/index.html HTTP/1.1" 200 28828
INFO 2023-05-26 23:10:05,430 basehttp 187 "GET /static/plugins/bootstrap-icons/bootstrap-icons.css HTTP/1.1" 200 88585
INFO 2023-05-26 23:10:05,431 basehttp 187 "GET /static/dist/css/BSA.css HTTP/1.1" 200 20169
INFO 2023-05-26 23:10:05,434 basehttp 187 "GET /static/plugins/bootstrap/css/bootstrap.min.css HTTP/1.1" 200 163873
INFO 2023-05-26 23:10:05,599 basehttp 187 "GET /static/dist/img/logo-icon.png HTTP/1.1" 200 2065
INFO 2023-05-26 23:10:05,622 basehttp 187 "GET /static/plugins/bootstrap/js/bootstrap.bundle.min.js HTTP/1.1" 200 78129
INFO 2023-05-26 23:10:05,629 basehttp 187 "GET /static/dist/js/BSA.js HTTP/1.1" 200 24803
INFO 2023-05-26 23:10:05,631 basehttp 187 "GET /static/plugins/bootstrap-icons/fonts/bootstrap-icons.woff2?8d200481aa7f02a2d63a331fc782cfaf HTTP/1.1" 200 112440
INFO 2023-05-26 23:10:05,731 basehttp 187 "GET /home_page HTTP/1.1" 301 0
INFO 2023-05-26 23:10:05,771 basehttp 187 "GET /home_page/ HTTP/1.1" 200 22094
INFO 2023-05-26 23:10:05,823 basehttp 187 "GET /static/dist/css/BSA.css HTTP/1.1" 200 20169
INFO 2023-05-26 23:10:05,826 basehttp 187 "GET /static/css/bootstrap.min.css HTTP/1.1" 200 194901
INFO 2023-05-26 23:10:05,863 basehttp 187 "GET /static/js/axios-0.18.0.js HTTP/1.1" 200 12912
INFO 2023-05-26 23:10:05,869 basehttp 187 "GET /static/dist/js/BSA.js HTTP/1.1" 200 24803
INFO 2023-05-26 23:10:05,869 basehttp 187 "GET /static/js/bootstrap.min.js HTTP/1.1" 200 60404
INFO 2023-05-26 23:10:05,870 basehttp 187 "GET /static/plugins/bootstrap/js/bootstrap.bundle.min.js HTTP/1.1" 200 78129
INFO 2023-05-26 23:10:05,875 basehttp 187 "GET /static/plugins/chart.js/chart.min.js HTTP/1.1" 200 197005
INFO 2023-05-26 23:10:05,880 basehttp 187 "GET /static/js/vue.js HTTP/1.1" 200 408232
INFO 2023-05-26 23:10:08,823 basehttp 187 "GET /static/dist/img/favicon-32x32.png HTTP/1.1" 200 513
INFO 2023-05-26 23:10:11,631 basehttp 187 "GET /static/plugins/bootstrap/css/bootstrap.min.css.map HTTP/1.1" 200 451427
INFO 2023-05-26 23:10:11,657 basehttp 187 "GET /static/css/bootstrap.min.css.map HTTP/1.1" 200 522639
INFO 2023-05-26 23:10:12,353 basehttp 187 "GET /static/dist/js/BSA.js.map HTTP/1.1" 200 80969
INFO 2023-05-26 23:10:12,356 basehttp 187 "GET /static/plugins/bootstrap/js/bootstrap.bundle.min.js.map HTTP/1.1" 200 331017
INFO 2023-05-26 23:10:12,382 basehttp 187 "GET /static/js/bootstrap.min.js.map HTTP/1.1" 200 216913
INFO 2023-05-26 23:10:12,389 basehttp 187 "GET /static/dist/js/BSA.js.map HTTP/1.1" 200 80969
INFO 2023-05-26 23:10:12,393 basehttp 187 "GET /static/plugins/bootstrap/js/bootstrap.bundle.min.js.map HTTP/1.1" 200 331017
INFO 2023-05-26 23:10:20,437 basehttp 187 "GET /static/index.html HTTP/1.1" 200 28828
INFO 2023-05-26 23:10:20,832 basehttp 187 "GET /static/plugins/bootstrap-icons/bootstrap-icons.css HTTP/1.1" 200 88585
INFO 2023-05-26 23:10:20,835 basehttp 187 "GET /static/plugins/bootstrap/css/bootstrap.min.css HTTP/1.1" 200 163873
INFO 2023-05-26 23:10:20,843 basehttp 187 "GET /static/dist/img/logo-icon.png HTTP/1.1" 200 2065
INFO 2023-05-26 23:10:20,843 basehttp 187 "GET /static/dist/css/BSA.css HTTP/1.1" 200 20169
INFO 2023-05-26 23:10:20,849 basehttp 187 "GET /static/dist/js/BSA.js HTTP/1.1" 200 24803
INFO 2023-05-26 23:10:20,851 basehttp 187 "GET /static/plugins/bootstrap/js/bootstrap.bundle.min.js HTTP/1.1" 200 78129
INFO 2023-05-26 23:10:20,885 basehttp 187 "GET /static/plugins/bootstrap-icons/fonts/bootstrap-icons.woff2?8d200481aa7f02a2d63a331fc782cfaf HTTP/1.1" 200 112440
INFO 2023-05-26 23:10:20,922 basehttp 187 "GET /home_page HTTP/1.1" 301 0
INFO 2023-05-26 23:10:20,955 basehttp 187 "GET /home_page/ HTTP/1.1" 200 22143
INFO 2023-05-26 23:10:21,052 basehttp 187 "GET /static/css/bootstrap.min.css HTTP/1.1" 200 194901
INFO 2023-05-26 23:10:21,059 basehttp 187 "GET /static/dist/css/BSA.css HTTP/1.1" 200 20169
INFO 2023-05-26 23:10:21,097 basehttp 187 "GET /static/js/axios-0.18.0.js HTTP/1.1" 200 12912
INFO 2023-05-26 23:10:21,099 basehttp 187 "GET /static/dist/js/BSA.js HTTP/1.1" 200 24803
INFO 2023-05-26 23:10:21,100 basehttp 187 "GET /static/js/bootstrap.min.js HTTP/1.1" 200 60404
INFO 2023-05-26 23:10:21,103 basehttp 187 "GET /static/plugins/bootstrap/js/bootstrap.bundle.min.js HTTP/1.1" 200 78129
INFO 2023-05-26 23:10:21,106 basehttp 187 "GET /static/plugins/chart.js/chart.min.js HTTP/1.1" 200 197005
INFO 2023-05-26 23:10:21,109 basehttp 187 "GET /static/js/vue.js HTTP/1.1" 200 408232
INFO 2023-05-26 23:10:21,449 basehttp 187 "GET /static/dist/img/favicon-32x32.png HTTP/1.1" 200 513
INFO 2023-05-26 23:10:26,343 basehttp 187 "GET /static/plugins/bootstrap/css/bootstrap.min.css.map HTTP/1.1" 200 451427
INFO 2023-05-26 23:10:26,364 basehttp 187 "GET /static/css/bootstrap.min.css.map HTTP/1.1" 200 522639
INFO 2023-05-26 23:10:26,987 basehttp 187 "GET /static/dist/js/BSA.js.map HTTP/1.1" 200 80969
INFO 2023-05-26 23:10:26,992 basehttp 187 "GET /static/plugins/bootstrap/js/bootstrap.bundle.min.js.map HTTP/1.1" 200 331017
INFO 2023-05-26 23:10:27,041 basehttp 187 "GET /static/dist/js/BSA.js.map HTTP/1.1" 200 80969
INFO 2023-05-26 23:10:27,046 basehttp 187 "GET /static/js/bootstrap.min.js.map HTTP/1.1" 200 216913
INFO 2023-05-26 23:10:27,051 basehttp 187 "GET /static/plugins/bootstrap/js/bootstrap.bundle.min.js.map HTTP/1.1" 200 331017
INFO 2023-05-26 23:10:34,841 basehttp 187 "GET /static/index.html HTTP/1.1" 200 28828
INFO 2023-05-26 23:10:34,917 basehttp 187 "GET /static/plugins/bootstrap-icons/bootstrap-icons.css HTTP/1.1" 200 88585
INFO 2023-05-26 23:10:35,071 basehttp 187 "GET /static/dist/css/BSA.css HTTP/1.1" 200 20169
INFO 2023-05-26 23:10:35,075 basehttp 187 "GET /static/plugins/bootstrap/css/bootstrap.min.css HTTP/1.1" 200 163873
INFO 2023-05-26 23:10:35,224 basehttp 187 "GET /static/dist/img/logo-icon.png HTTP/1.1" 200 2065
INFO 2023-05-26 23:10:35,225 basehttp 187 "GET /static/dist/js/BSA.js HTTP/1.1" 200 24803
INFO 2023-05-26 23:10:35,227 basehttp 187 "GET /static/plugins/bootstrap/js/bootstrap.bundle.min.js HTTP/1.1" 200 78129
INFO 2023-05-26 23:10:35,256 basehttp 187 "GET /static/plugins/bootstrap-icons/fonts/bootstrap-icons.woff2?8d200481aa7f02a2d63a331fc782cfaf HTTP/1.1" 200 112440
INFO 2023-05-26 23:10:35,286 basehttp 187 "GET /home_page HTTP/1.1" 301 0
INFO 2023-05-26 23:10:35,313 basehttp 187 "GET /home_page/ HTTP/1.1" 200 22159
INFO 2023-05-26 23:10:35,585 basehttp 187 "GET /static/css/bootstrap.min.css HTTP/1.1" 200 194901
INFO 2023-05-26 23:10:35,605 basehttp 187 "GET /static/dist/css/BSA.css HTTP/1.1" 200 20169
INFO 2023-05-26 23:10:35,607 basehttp 187 "GET /static/js/axios-0.18.0.js HTTP/1.1" 200 12912
INFO 2023-05-26 23:10:35,618 basehttp 187 "GET /static/js/vue.js HTTP/1.1" 200 408232
INFO 2023-05-26 23:10:35,620 basehttp 187 "GET /static/js/bootstrap.min.js HTTP/1.1" 200 60404
INFO 2023-05-26 23:10:35,623 basehttp 187 "GET /static/plugins/bootstrap/js/bootstrap.bundle.min.js HTTP/1.1" 200 78129
INFO 2023-05-26 23:10:35,624 basehttp 187 "GET /static/plugins/chart.js/chart.min.js HTTP/1.1" 200 197005
INFO 2023-05-26 23:10:35,639 basehttp 187 "GET /static/dist/js/BSA.js HTTP/1.1" 200 24803
INFO 2023-05-26 23:10:37,186 basehttp 187 "GET /static/dist/img/favicon-32x32.png HTTP/1.1" 200 513
INFO 2023-05-26 23:10:41,168 basehttp 187 "GET /static/plugins/bootstrap/css/bootstrap.min.css.map HTTP/1.1" 200 451427
INFO 2023-05-26 23:10:41,193 basehttp 187 "GET /static/css/bootstrap.min.css.map HTTP/1.1" 200 522639
INFO 2023-05-26 23:10:41,817 basehttp 187 "GET /static/plugins/bootstrap/js/bootstrap.bundle.min.js.map HTTP/1.1" 200 331017
INFO 2023-05-26 23:10:41,817 basehttp 187 "GET /static/dist/js/BSA.js.map HTTP/1.1" 200 80969
INFO 2023-05-26 23:10:41,856 basehttp 187 "GET /static/js/bootstrap.min.js.map HTTP/1.1" 200 216913
INFO 2023-05-26 23:10:41,867 basehttp 187 "GET /static/dist/js/BSA.js.map HTTP/1.1" 200 80969
INFO 2023-05-26 23:10:41,870 basehttp 187 "GET /static/plugins/bootstrap/js/bootstrap.bundle.min.js.map HTTP/1.1" 200 331017
INFO 2023-05-26 23:19:53,593 autoreload 266 B:\02_Important\Python\0a_project\zol_phone\apps\crawler\models.py changed, reloading.
INFO 2023-05-26 23:19:54,435 autoreload 677 Watching for file changes with StatReloader
INFO 2023-05-26 23:20:24,483 autoreload 266 B:\02_Important\Python\0a_project\zol_phone\apps\crawler\models.py changed, reloading.
INFO 2023-05-26 23:20:25,292 autoreload 677 Watching for file changes with StatReloader
INFO 2023-05-26 23:21:07,107 autoreload 266 B:\02_Important\Python\0a_project\zol_phone\apps\crawler\models.py changed, reloading.
INFO 2023-05-26 23:21:07,889 autoreload 677 Watching for file changes with StatReloader
INFO 2023-05-26 23:21:52,640 autoreload 266 B:\02_Important\Python\0a_project\zol_phone\apps\crawler\models.py changed, reloading.
INFO 2023-05-26 23:21:53,413 autoreload 677 Watching for file changes with StatReloader
INFO 2023-05-26 23:22:23,500 autoreload 266 B:\02_Important\Python\0a_project\zol_phone\apps\crawler\models.py changed, reloading.
INFO 2023-05-26 23:22:24,284 autoreload 677 Watching for file changes with StatReloader
INFO 2023-05-26 23:22:32,293 autoreload 266 B:\02_Important\Python\0a_project\zol_phone\apps\crawler\models.py changed, reloading.
INFO 2023-05-26 23:22:33,130 autoreload 677 Watching for file changes with StatReloader
INFO 2023-05-26 23:22:41,408 autoreload 266 B:\02_Important\Python\0a_project\zol_phone\apps\crawler\models.py changed, reloading.
INFO 2023-05-26 23:22:42,248 autoreload 677 Watching for file changes with StatReloader
INFO 2023-05-26 23:23:30,162 autoreload 266 B:\02_Important\Python\0a_project\zol_phone\apps\crawler\models.py changed, reloading.
INFO 2023-05-26 23:23:30,991 autoreload 677 Watching for file changes with StatReloader
INFO 2023-05-26 23:23:43,175 autoreload 266 B:\02_Important\Python\0a_project\zol_phone\apps\crawler\models.py changed, reloading.
INFO 2023-05-26 23:23:43,974 autoreload 677 Watching for file changes with StatReloader
INFO 2023-05-26 23:23:51,935 autoreload 266 B:\02_Important\Python\0a_project\zol_phone\apps\crawler\models.py changed, reloading.
INFO 2023-05-26 23:23:52,864 autoreload 677 Watching for file changes with StatReloader
INFO 2023-05-26 23:24:20,763 autoreload 266 B:\02_Important\Python\0a_project\zol_phone\apps\crawler\models.py changed, reloading.
INFO 2023-05-26 23:24:21,568 autoreload 677 Watching for file changes with StatReloader
INFO 2023-05-26 23:35:45,986 autoreload 266 B:\02_Important\Python\0a_project\zol_phone\apps\crawler\models.py changed, reloading.
INFO 2023-05-26 23:35:46,767 autoreload 677 Watching for file changes with StatReloader
INFO 2023-05-26 23:35:54,250 autoreload 266 B:\02_Important\Python\0a_project\zol_phone\apps\crawler\models.py changed, reloading.
INFO 2023-05-26 23:35:54,922 autoreload 677 Watching for file changes with StatReloader
INFO 2023-05-26 23:36:27,133 autoreload 266 B:\02_Important\Python\0a_project\zol_phone\apps\crawler\models.py changed, reloading.
INFO 2023-05-26 23:36:27,897 autoreload 677 Watching for file changes with StatReloader
INFO 2023-05-26 23:38:58,642 autoreload 266 B:\02_Important\Python\0a_project\zol_phone\apps\crawler\models.py changed, reloading.
INFO 2023-05-26 23:38:59,480 autoreload 677 Watching for file changes with StatReloader
INFO 2023-05-26 23:39:34,854 autoreload 266 B:\02_Important\Python\0a_project\zol_phone\apps\crawler\models.py changed, reloading.
INFO 2023-05-26 23:39:35,718 autoreload 677 Watching for file changes with StatReloader
INFO 2023-05-26 23:43:05,317 autoreload 266 B:\02_Important\Python\0a_project\zol_phone\apps\crawler\migrations\0001_initial.py changed, reloading.
INFO 2023-05-26 23:43:06,106 autoreload 677 Watching for file changes with StatReloader
INFO 2023-05-26 23:43:16,233 autoreload 266 B:\02_Important\Python\0a_project\zol_phone\apps\crawler\migrations\0001_initial.py changed, reloading.
INFO 2023-05-26 23:43:17,038 autoreload 677 Watching for file changes with StatReloader
INFO 2023-05-26 23:44:00,713 autoreload 266 B:\02_Important\Python\0a_project\zol_phone\apps\crawler\models.py changed, reloading.
INFO 2023-05-26 23:44:01,494 autoreload 677 Watching for file changes with StatReloader
INFO 2023-05-26 23:44:25,288 autoreload 266 B:\02_Important\Python\0a_project\zol_phone\apps\crawler\migrations\0001_initial.py changed, reloading.
INFO 2023-05-26 23:44:26,060 autoreload 677 Watching for file changes with StatReloader
INFO 2023-05-27 00:33:57,199 autoreload 266 B:\02_Important\Python\0a_project\zol_phone\apps\crawler\models.py changed, reloading.
