INFO 2023-05-27 00:33:58,140 autoreload 677 Watching for file changes with StatReloader
INFO 2023-05-27 00:34:24,012 autoreload 266 B:\02_Important\Python\0a_project\zol_phone\apps\crawler\models.py changed, reloading.
INFO 2023-05-27 00:34:24,790 autoreload 677 Watching for file changes with StatReloader
INFO 2023-05-27 00:37:32,184 autoreload 266 B:\02_Important\Python\0a_project\zol_phone\apps\crawler\models.py changed, reloading.
INFO 2023-05-27 00:37:33,004 autoreload 677 Watching for file changes with StatReloader
INFO 2023-05-27 01:03:02,205 basehttp 187 "GET /static/index.html HTTP/1.1" 200 28828
INFO 2023-05-27 01:03:02,405 basehttp 187 "GET /static/plugins/bootstrap-icons/bootstrap-icons.css HTTP/1.1" 200 88585
INFO 2023-05-27 01:03:02,410 basehttp 187 "GET /static/plugins/bootstrap/css/bootstrap.min.css HTTP/1.1" 200 163873
INFO 2023-05-27 01:03:02,414 basehttp 187 "GET /static/dist/css/BSA.css HTTP/1.1" 200 20169
INFO 2023-05-27 01:03:02,443 basehttp 187 "GET /static/dist/img/logo-icon.png HTTP/1.1" 200 2065
INFO 2023-05-27 01:03:02,463 basehttp 187 "GET /static/plugins/bootstrap-icons/fonts/bootstrap-icons.woff2?8d200481aa7f02a2d63a331fc782cfaf HTTP/1.1" 200 112440
INFO 2023-05-27 01:03:02,493 basehttp 187 "GET /static/dist/js/BSA.js HTTP/1.1" 200 24803
INFO 2023-05-27 01:03:02,494 basehttp 187 "GET /static/plugins/bootstrap/js/bootstrap.bundle.min.js HTTP/1.1" 200 78129
INFO 2023-05-27 01:03:02,618 basehttp 187 "GET /home_page HTTP/1.1" 301 0
INFO 2023-05-27 01:03:02,686 basehttp 187 "GET /home_page/ HTTP/1.1" 200 22161
INFO 2023-05-27 01:03:02,738 basehttp 187 "GET /static/css/bootstrap.min.css HTTP/1.1" 200 194901
INFO 2023-05-27 01:03:02,751 basehttp 187 "GET /static/dist/css/BSA.css HTTP/1.1" 200 20169
INFO 2023-05-27 01:03:02,754 basehttp 187 "GET /static/js/axios-0.18.0.js HTTP/1.1" 200 12912
INFO 2023-05-27 01:03:02,758 basehttp 187 "GET /static/js/bootstrap.min.js HTTP/1.1" 200 60404
INFO 2023-05-27 01:03:02,761 basehttp 187 "GET /static/plugins/bootstrap/js/bootstrap.bundle.min.js HTTP/1.1" 200 78129
INFO 2023-05-27 01:03:02,764 basehttp 187 "GET /static/dist/js/BSA.js HTTP/1.1" 200 24803
INFO 2023-05-27 01:03:02,766 basehttp 187 "GET /static/plugins/chart.js/chart.min.js HTTP/1.1" 200 197005
INFO 2023-05-27 01:03:02,768 basehttp 187 "GET /static/js/vue.js HTTP/1.1" 200 408232
INFO 2023-05-27 01:03:03,477 basehttp 187 "GET /static/dist/img/favicon-32x32.png HTTP/1.1" 200 513
INFO 2023-05-27 01:03:08,808 basehttp 187 "GET /static/plugins/bootstrap/css/bootstrap.min.css.map HTTP/1.1" 200 451427
INFO 2023-05-27 01:03:08,858 basehttp 187 "GET /static/css/bootstrap.min.css.map HTTP/1.1" 200 522639
INFO 2023-05-27 01:03:09,346 basehttp 187 "GET /static/dist/js/BSA.js.map HTTP/1.1" 200 80969
INFO 2023-05-27 01:03:09,349 basehttp 187 "GET /static/plugins/bootstrap/js/bootstrap.bundle.min.js.map HTTP/1.1" 200 331017
INFO 2023-05-27 01:03:09,383 basehttp 187 "GET /static/js/bootstrap.min.js.map HTTP/1.1" 200 216913
INFO 2023-05-27 01:03:09,385 basehttp 187 "GET /static/plugins/bootstrap/js/bootstrap.bundle.min.js.map HTTP/1.1" 200 331017
INFO 2023-05-27 01:03:09,388 basehttp 187 "GET /static/dist/js/BSA.js.map HTTP/1.1" 200 80969
INFO 2023-05-27 01:11:05,823 autoreload 266 B:\02_Important\Python\0a_project\zol_phone\apps\crawler\utils.py changed, reloading.
INFO 2023-05-27 01:11:06,609 autoreload 677 Watching for file changes with StatReloader
INFO 2023-05-27 01:35:37,395 autoreload 266 B:\02_Important\Python\0a_project\zol_phone\apps\crawler\models.py changed, reloading.
INFO 2023-05-27 01:35:38,492 autoreload 677 Watching for file changes with StatReloader
INFO 2023-05-27 01:36:44,435 autoreload 266 B:\02_Important\Python\0a_project\zol_phone\apps\crawler\models.py changed, reloading.
INFO 2023-05-27 01:36:45,211 autoreload 677 Watching for file changes with StatReloader
INFO 2023-05-27 01:36:51,085 autoreload 266 B:\02_Important\Python\0a_project\zol_phone\apps\crawler\models.py changed, reloading.
INFO 2023-05-27 01:36:51,884 autoreload 677 Watching for file changes with StatReloader
INFO 2023-05-27 01:42:13,697 autoreload 266 B:\02_Important\Python\0a_project\zol_phone\apps\crawler\models.py changed, reloading.
INFO 2023-05-27 01:42:14,452 autoreload 677 Watching for file changes with StatReloader
INFO 2023-05-27 01:43:14,765 autoreload 266 B:\02_Important\Python\0a_project\zol_phone\apps\crawler\models.py changed, reloading.
INFO 2023-05-27 01:43:15,554 autoreload 677 Watching for file changes with StatReloader
INFO 2023-05-27 01:43:37,047 autoreload 266 B:\02_Important\Python\0a_project\zol_phone\apps\crawler\models.py changed, reloading.
INFO 2023-05-27 01:43:37,832 autoreload 677 Watching for file changes with StatReloader
INFO 2023-05-27 01:45:04,183 autoreload 266 B:\02_Important\Python\0a_project\zol_phone\apps\crawler\models.py changed, reloading.
INFO 2023-05-27 01:45:04,932 autoreload 677 Watching for file changes with StatReloader
INFO 2023-05-27 01:46:51,241 autoreload 266 B:\02_Important\Python\0a_project\zol_phone\apps\crawler\models.py changed, reloading.
INFO 2023-05-27 01:46:52,004 autoreload 677 Watching for file changes with StatReloader
INFO 2023-05-27 01:47:30,313 autoreload 266 B:\02_Important\Python\0a_project\zol_phone\apps\crawler\models.py changed, reloading.
INFO 2023-05-27 01:47:31,364 autoreload 677 Watching for file changes with StatReloader
INFO 2023-05-27 01:53:37,754 autoreload 266 B:\02_Important\Python\0a_project\zol_phone\apps\crawler\models.py changed, reloading.
INFO 2023-05-27 01:53:38,611 autoreload 677 Watching for file changes with StatReloader
INFO 2023-05-27 01:54:27,536 autoreload 266 B:\02_Important\Python\0a_project\zol_phone\apps\crawler\models.py changed, reloading.
INFO 2023-05-27 01:54:28,303 autoreload 677 Watching for file changes with StatReloader
INFO 2023-05-27 01:55:53,893 autoreload 266 B:\02_Important\Python\0a_project\zol_phone\apps\crawler\models.py changed, reloading.
INFO 2023-05-27 01:55:54,686 autoreload 677 Watching for file changes with StatReloader
INFO 2023-05-27 01:56:55,108 autoreload 266 B:\02_Important\Python\0a_project\zol_phone\apps\crawler\models.py changed, reloading.
INFO 2023-05-27 01:56:55,866 autoreload 677 Watching for file changes with StatReloader
INFO 2023-05-27 02:01:56,295 autoreload 266 B:\02_Important\Python\0a_project\zol_phone\apps\crawler\models.py changed, reloading.
INFO 2023-05-27 02:01:57,072 autoreload 677 Watching for file changes with StatReloader
INFO 2023-05-27 02:02:22,904 autoreload 266 B:\02_Important\Python\0a_project\zol_phone\apps\crawler\models.py changed, reloading.
INFO 2023-05-27 02:02:23,619 autoreload 677 Watching for file changes with StatReloader
INFO 2023-05-27 02:02:39,255 autoreload 266 B:\02_Important\Python\0a_project\zol_phone\apps\crawler\models.py changed, reloading.
INFO 2023-05-27 02:02:39,972 autoreload 677 Watching for file changes with StatReloader
INFO 2023-05-27 02:04:08,685 autoreload 266 B:\02_Important\Python\0a_project\zol_phone\apps\crawler\models.py changed, reloading.
INFO 2023-05-27 02:04:09,460 autoreload 677 Watching for file changes with StatReloader
INFO 2023-05-27 02:05:34,053 autoreload 266 B:\02_Important\Python\0a_project\zol_phone\apps\crawler\models.py changed, reloading.
INFO 2023-05-27 02:05:34,832 autoreload 677 Watching for file changes with StatReloader
INFO 2023-05-27 02:05:51,157 autoreload 266 B:\02_Important\Python\0a_project\zol_phone\apps\crawler\models.py changed, reloading.
INFO 2023-05-27 02:05:52,160 autoreload 677 Watching for file changes with StatReloader
INFO 2023-05-27 02:06:27,365 autoreload 266 B:\02_Important\Python\0a_project\zol_phone\apps\crawler\models.py changed, reloading.
INFO 2023-05-27 02:06:28,140 autoreload 677 Watching for file changes with StatReloader
INFO 2023-05-27 02:06:35,037 autoreload 266 B:\02_Important\Python\0a_project\zol_phone\apps\crawler\models.py changed, reloading.
INFO 2023-05-27 02:06:35,799 autoreload 677 Watching for file changes with StatReloader
INFO 2023-05-27 02:06:50,108 autoreload 266 B:\02_Important\Python\0a_project\zol_phone\apps\crawler\models.py changed, reloading.
INFO 2023-05-27 02:06:51,014 autoreload 677 Watching for file changes with StatReloader
INFO 2023-05-27 02:07:40,996 autoreload 266 B:\02_Important\Python\0a_project\zol_phone\apps\crawler\models.py changed, reloading.
INFO 2023-05-27 02:07:41,863 autoreload 677 Watching for file changes with StatReloader
INFO 2023-05-27 02:07:52,385 autoreload 266 B:\02_Important\Python\0a_project\zol_phone\apps\crawler\models.py changed, reloading.
INFO 2023-05-27 02:07:53,070 autoreload 677 Watching for file changes with StatReloader
INFO 2023-05-27 02:08:07,307 autoreload 266 B:\02_Important\Python\0a_project\zol_phone\apps\crawler\models.py changed, reloading.
INFO 2023-05-27 02:08:08,115 autoreload 677 Watching for file changes with StatReloader
INFO 2023-05-27 02:08:41,386 autoreload 266 B:\02_Important\Python\0a_project\zol_phone\apps\crawler\models.py changed, reloading.
INFO 2023-05-27 02:08:42,169 autoreload 677 Watching for file changes with StatReloader
INFO 2023-05-27 02:19:20,220 autoreload 266 B:\02_Important\Python\0a_project\zol_phone\apps\crawler\models.py changed, reloading.
INFO 2023-05-27 02:19:21,022 autoreload 677 Watching for file changes with StatReloader
INFO 2023-05-27 02:19:41,577 autoreload 266 B:\02_Important\Python\0a_project\zol_phone\apps\crawler\models.py changed, reloading.
INFO 2023-05-27 02:19:42,537 autoreload 677 Watching for file changes with StatReloader
INFO 2023-05-27 02:20:56,781 autoreload 266 B:\02_Important\Python\0a_project\zol_phone\apps\crawler\models.py changed, reloading.
INFO 2023-05-27 02:20:57,584 autoreload 677 Watching for file changes with StatReloader
INFO 2023-05-27 02:21:09,754 autoreload 266 B:\02_Important\Python\0a_project\zol_phone\apps\crawler\models.py changed, reloading.
INFO 2023-05-27 02:21:10,533 autoreload 677 Watching for file changes with StatReloader
INFO 2023-05-27 02:21:19,598 autoreload 266 B:\02_Important\Python\0a_project\zol_phone\apps\crawler\models.py changed, reloading.
INFO 2023-05-27 02:21:20,426 autoreload 677 Watching for file changes with StatReloader
INFO 2023-05-27 02:22:18,053 autoreload 266 B:\02_Important\Python\0a_project\zol_phone\apps\crawler\models.py changed, reloading.
INFO 2023-05-27 02:22:18,832 autoreload 677 Watching for file changes with StatReloader
INFO 2023-05-27 02:23:05,587 autoreload 266 B:\02_Important\Python\0a_project\zol_phone\apps\crawler\models.py changed, reloading.
INFO 2023-05-27 02:23:06,676 autoreload 677 Watching for file changes with StatReloader
INFO 2023-05-27 02:28:52,636 autoreload 266 B:\02_Important\Python\0a_project\zol_phone\apps\crawler\models.py changed, reloading.
INFO 2023-05-27 02:28:53,429 autoreload 677 Watching for file changes with StatReloader
INFO 2023-05-27 03:11:36,030 autoreload 266 B:\02_Important\Python\0a_project\zol_phone\apps\crawler\models.py changed, reloading.
INFO 2023-05-27 03:11:36,852 autoreload 677 Watching for file changes with StatReloader
