INFO 2023-05-27 15:56:31,506 autoreload 677 Watching for file changes with StatReloader
INFO 2023-05-27 15:57:08,838 autoreload 677 Watching for file changes with StatReloader
INFO 2023-05-27 16:01:20,315 autoreload 266 B:\02_Important\Python\0a_project\zol_phone\zol_phone\settings.py changed, reloading.
INFO 2023-05-27 16:01:53,693 autoreload 677 Watching for file changes with StatReloader
INFO 2023-05-27 16:01:59,573 autoreload 266 B:\02_Important\Python\0a_project\zol_phone\zol_phone\settings.py changed, reloading.
INFO 2023-05-27 16:02:00,461 autoreload 677 Watching for file changes with StatReloader
INFO 2023-05-27 16:02:11,309 autoreload 677 Watching for file changes with StatReloader
INFO 2023-05-27 16:02:52,901 autoreload 266 B:\02_Important\Python\0a_project\zol_phone\zol_phone\settings.py changed, reloading.
INFO 2023-05-27 16:02:53,743 autoreload 677 Watching for file changes with StatReloader
INFO 2023-05-27 16:03:18,589 autoreload 266 B:\02_Important\Python\0a_project\zol_phone\zol_phone\settings.py changed, reloading.
INFO 2023-05-27 16:03:19,440 autoreload 677 Watching for file changes with StatReloader
INFO 2023-05-27 16:03:21,980 autoreload 677 Watching for file changes with StatReloader
INFO 2023-05-27 16:03:47,746 autoreload 266 B:\02_Important\Python\0a_project\zol_phone\zol_phone\settings.py changed, reloading.
INFO 2023-05-27 16:03:48,649 autoreload 677 Watching for file changes with StatReloader
INFO 2023-05-27 16:16:00,331 basehttp 187 "GET /home_page HTTP/1.1" 301 0
INFO 2023-05-27 16:16:00,392 basehttp 187 "GET /home_page/ HTTP/1.1" 200 22061
INFO 2023-05-27 16:16:01,363 basehttp 187 "GET /static/css/bootstrap.min.css HTTP/1.1" 200 194901
INFO 2023-05-27 16:16:01,366 basehttp 187 "GET /static/plugins/chart.js/chart.min.js HTTP/1.1" 200 197005
INFO 2023-05-27 16:16:01,494 basehttp 187 "GET /static/dist/css/BSA.css HTTP/1.1" 200 20169
INFO 2023-05-27 16:16:01,674 basehttp 187 "GET /static/css/bootstrap.min.css.map HTTP/1.1" 200 522639
INFO 2023-05-27 16:16:01,695 basehttp 187 "GET /static/js/bootstrap.min.js HTTP/1.1" 200 60404
INFO 2023-05-27 16:16:01,764 basehttp 187 "GET /static/js/bootstrap.min.js.map HTTP/1.1" 200 216913
INFO 2023-05-27 16:16:01,787 basehttp 187 "GET /static/plugins/bootstrap/js/bootstrap.bundle.min.js HTTP/1.1" 200 78129
INFO 2023-05-27 16:16:01,801 basehttp 187 "GET /static/dist/js/BSA.js HTTP/1.1" 200 24803
INFO 2023-05-27 16:16:01,904 basehttp 187 "GET /static/dist/js/BSA.js.map HTTP/1.1" 200 80969
INFO 2023-05-27 16:16:01,913 basehttp 187 "GET /static/plugins/bootstrap/js/bootstrap.bundle.min.js.map HTTP/1.1" 200 331017
