INFO autoreload 643 Watching for file changes with StatReloader
INFO autoreload 643 Watching for file changes with StatReloader
INFO basehttp 179 "GET /static/index.html HTTP/1.1" 200 28828
INFO basehttp 179 "GET /static/plugins/bootstrap-icons/bootstrap-icons.css HTTP/1.1" 200 88585
INFO basehttp 179 "GET /static/dist/css/BSA.css HTTP/1.1" 200 20169
INFO basehttp 179 "GET /static/plugins/bootstrap/css/bootstrap.min.css HTTP/1.1" 200 163873
INFO basehttp 179 "GET /static/dist/img/logo-icon.png HTTP/1.1" 200 2065
INFO basehttp 179 "GET /static/dist/js/BSA.js HTTP/1.1" 200 24803
INFO basehttp 179 "GET /static/plugins/bootstrap/js/bootstrap.bundle.min.js HTTP/1.1" 200 78129
INFO basehttp 179 "GET /static/plugins/bootstrap-icons/fonts/bootstrap-icons.woff2?8d200481aa7f02a2d63a331fc782cfaf HTTP/1.1" 200 112440
INFO basehttp 179 "GET /home_page HTTP/1.1" 301 0
INFO basehttp 179 "GET /home_page/ HTTP/1.1" 200 21571
INFO basehttp 179 "GET /static/css/bootstrap.min.css HTTP/1.1" 200 194901
INFO basehttp 179 "GET /static/dist/css/BSA.css HTTP/1.1" 200 20169
INFO basehttp 179 "GET /static/js/axios-0.18.0.js HTTP/1.1" 200 12912
INFO basehttp 179 "GET /static/js/bootstrap.min.js HTTP/1.1" 200 60404
INFO basehttp 179 "GET /static/plugins/bootstrap/js/bootstrap.bundle.min.js HTTP/1.1" 200 78129
INFO basehttp 179 "GET /static/plugins/chart.js/chart.min.js HTTP/1.1" 200 197005
INFO basehttp 179 "GET /static/dist/js/BSA.js HTTP/1.1" 200 24803
INFO basehttp 179 "GET /static/js/vue.js HTTP/1.1" 200 408232
INFO basehttp 179 "GET /static/plugins/bootstrap/css/bootstrap.min.css.map HTTP/1.1" 200 451427
INFO basehttp 179 "GET /static/css/bootstrap.min.css.map HTTP/1.1" 200 522639
INFO basehttp 179 "GET /static/plugins/bootstrap/js/bootstrap.bundle.min.js.map HTTP/1.1" 200 331017
INFO basehttp 179 "GET /static/dist/js/BSA.js.map HTTP/1.1" 200 80969
INFO basehttp 179 "GET /static/dist/js/BSA.js.map HTTP/1.1" 200 80969
INFO basehttp 179 "GET /static/js/bootstrap.min.js.map HTTP/1.1" 200 216913
INFO basehttp 179 "GET /static/plugins/bootstrap/js/bootstrap.bundle.min.js.map HTTP/1.1" 200 331017
INFO basehttp 179 "GET /static/dist/img/favicon-32x32.png HTTP/1.1" 200 513
INFO basehttp 179 "GET /static/index.html HTTP/1.1" 200 28828
INFO basehttp 179 "GET /static/dist/img/logo-icon.png HTTP/1.1" 200 2065
INFO basehttp 179 "GET /static/dist/css/BSA.css HTTP/1.1" 200 20169
INFO basehttp 179 "GET /static/dist/js/BSA.js HTTP/1.1" 200 24803
INFO basehttp 179 "GET /static/plugins/bootstrap-icons/bootstrap-icons.css HTTP/1.1" 200 88585
INFO basehttp 179 "GET /static/plugins/bootstrap/js/bootstrap.bundle.min.js HTTP/1.1" 200 78129
INFO basehttp 179 "GET /static/plugins/bootstrap/css/bootstrap.min.css HTTP/1.1" 200 163873
INFO basehttp 179 "GET /static/plugins/bootstrap-icons/fonts/bootstrap-icons.woff2?8d200481aa7f02a2d63a331fc782cfaf HTTP/1.1" 200 112440
INFO basehttp 179 "GET /home_page HTTP/1.1" 301 0
INFO basehttp 179 "GET /home_page/ HTTP/1.1" 200 21486
INFO basehttp 179 "GET /static/dist/css/BSA.css HTTP/1.1" 200 20169
INFO basehttp 179 "GET /static/css/bootstrap.min.css HTTP/1.1" 200 194901
INFO basehttp 179 "GET /static/js/axios-0.18.0.js HTTP/1.1" 200 12912
INFO basehttp 179 "GET /static/dist/js/BSA.js HTTP/1.1" 200 24803
INFO basehttp 179 "GET /static/plugins/bootstrap/js/bootstrap.bundle.min.js HTTP/1.1" 200 78129
INFO basehttp 179 "GET /static/js/bootstrap.min.js HTTP/1.1" 200 60404
INFO basehttp 179 "GET /static/plugins/chart.js/chart.min.js HTTP/1.1" 200 197005
INFO basehttp 179 "GET /static/js/vue.js HTTP/1.1" 200 408232
INFO basehttp 179 "GET /static/plugins/bootstrap/css/bootstrap.min.css.map HTTP/1.1" 200 451427
INFO basehttp 179 "GET /static/css/bootstrap.min.css.map HTTP/1.1" 200 522639
INFO basehttp 179 "GET /static/dist/js/BSA.js.map HTTP/1.1" 200 80969
INFO basehttp 179 "GET /static/plugins/bootstrap/js/bootstrap.bundle.min.js.map HTTP/1.1" 200 331017
INFO basehttp 179 "GET /static/js/bootstrap.min.js.map HTTP/1.1" 200 216913
INFO basehttp 179 "GET /static/dist/js/BSA.js.map HTTP/1.1" 200 80969
INFO basehttp 179 "GET /static/plugins/bootstrap/js/bootstrap.bundle.min.js.map HTTP/1.1" 200 331017
INFO basehttp 179 "GET /static/dist/img/favicon-32x32.png HTTP/1.1" 200 513
INFO basehttp 179 "GET /static/index.html HTTP/1.1" 200 28828
INFO basehttp 179 "GET /static/plugins/bootstrap-icons/bootstrap-icons.css HTTP/1.1" 200 88585
INFO basehttp 179 "GET /static/dist/img/logo-icon.png HTTP/1.1" 200 2065
INFO basehttp 179 "GET /static/dist/css/BSA.css HTTP/1.1" 200 20169
INFO basehttp 179 "GET /static/dist/js/BSA.js HTTP/1.1" 200 24803
INFO basehttp 179 "GET /static/plugins/bootstrap/js/bootstrap.bundle.min.js HTTP/1.1" 200 78129
INFO basehttp 179 "GET /static/plugins/bootstrap/css/bootstrap.min.css HTTP/1.1" 200 163873
INFO basehttp 179 "GET /static/plugins/bootstrap-icons/fonts/bootstrap-icons.woff2?8d200481aa7f02a2d63a331fc782cfaf HTTP/1.1" 200 112440
INFO basehttp 179 "GET /home_page HTTP/1.1" 301 0
INFO basehttp 179 "GET /home_page/ HTTP/1.1" 200 21482
INFO basehttp 179 "GET /static/dist/css/BSA.css HTTP/1.1" 200 20169
INFO basehttp 179 "GET /static/css/bootstrap.min.css HTTP/1.1" 200 194901
INFO basehttp 179 "GET /static/js/axios-0.18.0.js HTTP/1.1" 200 12912
INFO basehttp 179 "GET /static/dist/js/BSA.js HTTP/1.1" 200 24803
INFO basehttp 179 "GET /static/js/bootstrap.min.js HTTP/1.1" 200 60404
INFO basehttp 179 "GET /static/plugins/bootstrap/js/bootstrap.bundle.min.js HTTP/1.1" 200 78129
INFO basehttp 179 "GET /static/plugins/chart.js/chart.min.js HTTP/1.1" 200 197005
INFO basehttp 179 "GET /static/js/vue.js HTTP/1.1" 200 408232
INFO basehttp 179 "GET /static/dist/img/favicon-32x32.png HTTP/1.1" 200 513
INFO basehttp 179 "GET /static/plugins/bootstrap/css/bootstrap.min.css.map HTTP/1.1" 200 451427
INFO basehttp 179 "GET /static/css/bootstrap.min.css.map HTTP/1.1" 200 522639
INFO basehttp 179 "GET /static/plugins/bootstrap/js/bootstrap.bundle.min.js.map HTTP/1.1" 200 331017
INFO basehttp 179 "GET /static/dist/js/BSA.js.map HTTP/1.1" 200 80969
INFO basehttp 179 "GET /static/dist/js/BSA.js.map HTTP/1.1" 200 80969
INFO basehttp 179 "GET /static/js/bootstrap.min.js.map HTTP/1.1" 200 216913
INFO basehttp 179 "GET /static/plugins/bootstrap/js/bootstrap.bundle.min.js.map HTTP/1.1" 200 331017
INFO basehttp 179 "GET /static/index.html HTTP/1.1" 200 28828
INFO basehttp 179 "GET /static/plugins/bootstrap-icons/bootstrap-icons.css HTTP/1.1" 200 88585
INFO basehttp 179 "GET /static/dist/css/BSA.css HTTP/1.1" 200 20169
INFO basehttp 179 "GET /static/plugins/bootstrap/css/bootstrap.min.css HTTP/1.1" 200 163873
INFO basehttp 179 "GET /static/dist/img/logo-icon.png HTTP/1.1" 200 2065
INFO basehttp 179 "GET /static/dist/js/BSA.js HTTP/1.1" 200 24803
INFO basehttp 179 "GET /static/plugins/bootstrap/js/bootstrap.bundle.min.js HTTP/1.1" 200 78129
INFO basehttp 179 "GET /static/plugins/bootstrap-icons/fonts/bootstrap-icons.woff2?8d200481aa7f02a2d63a331fc782cfaf HTTP/1.1" 200 112440
INFO basehttp 179 "GET /home_page HTTP/1.1" 301 0
INFO basehttp 179 "GET /home_page/ HTTP/1.1" 200 21488
INFO basehttp 179 "GET /static/css/bootstrap.min.css HTTP/1.1" 200 194901
INFO basehttp 179 "GET /static/dist/css/BSA.css HTTP/1.1" 200 20169
INFO basehttp 179 "GET /static/js/axios-0.18.0.js HTTP/1.1" 200 12912
INFO basehttp 179 "GET /static/js/bootstrap.min.js HTTP/1.1" 200 60404
INFO basehttp 179 "GET /static/plugins/chart.js/chart.min.js HTTP/1.1" 200 197005
INFO basehttp 179 "GET /static/js/vue.js HTTP/1.1" 200 408232
INFO basehttp 179 "GET /static/plugins/bootstrap/js/bootstrap.bundle.min.js HTTP/1.1" 200 78129
INFO basehttp 179 "GET /static/dist/js/BSA.js HTTP/1.1" 200 24803
INFO basehttp 179 "GET /static/plugins/bootstrap/css/bootstrap.min.css.map HTTP/1.1" 200 451427
INFO basehttp 179 "GET /static/css/bootstrap.min.css.map HTTP/1.1" 200 522639
INFO basehttp 179 "GET /static/dist/js/BSA.js.map HTTP/1.1" 200 80969
INFO basehttp 179 "GET /static/dist/js/BSA.js.map HTTP/1.1" 200 80969
INFO basehttp 179 "GET /static/js/bootstrap.min.js.map HTTP/1.1" 200 216913
INFO basehttp 179 "GET /static/plugins/bootstrap/js/bootstrap.bundle.min.js.map HTTP/1.1" 200 331017
INFO basehttp 179 "GET /static/plugins/bootstrap/js/bootstrap.bundle.min.js.map HTTP/1.1" 200 331017
INFO basehttp 179 "GET /static/dist/img/favicon-32x32.png HTTP/1.1" 200 513
INFO basehttp 179 "GET /static/index.html HTTP/1.1" 200 28828
INFO basehttp 179 "GET /static/plugins/bootstrap-icons/bootstrap-icons.css HTTP/1.1" 200 88585
INFO basehttp 179 "GET /static/dist/css/BSA.css HTTP/1.1" 200 20169
INFO basehttp 179 "GET /static/plugins/bootstrap/css/bootstrap.min.css HTTP/1.1" 200 163873
INFO basehttp 179 "GET /static/dist/img/logo-icon.png HTTP/1.1" 200 2065
INFO basehttp 179 "GET /static/dist/js/BSA.js HTTP/1.1" 200 24803
INFO basehttp 179 "GET /static/plugins/bootstrap/js/bootstrap.bundle.min.js HTTP/1.1" 200 78129
INFO basehttp 179 "GET /static/plugins/bootstrap-icons/fonts/bootstrap-icons.woff2?8d200481aa7f02a2d63a331fc782cfaf HTTP/1.1" 200 112440
INFO basehttp 179 "GET /home_page HTTP/1.1" 301 0
INFO basehttp 179 "GET /home_page/ HTTP/1.1" 200 21464
INFO basehttp 179 "GET /static/dist/css/BSA.css HTTP/1.1" 200 20169
INFO basehttp 179 "GET /static/js/axios-0.18.0.js HTTP/1.1" 200 12912
INFO basehttp 179 "GET /static/js/bootstrap.min.js HTTP/1.1" 200 60404
INFO basehttp 179 "GET /static/plugins/chart.js/chart.min.js HTTP/1.1" 200 197005
INFO basehttp 179 "GET /static/css/bootstrap.min.css HTTP/1.1" 200 194901
INFO basehttp 179 "GET /static/js/vue.js HTTP/1.1" 200 408232
INFO basehttp 179 "GET /static/dist/js/BSA.js HTTP/1.1" 200 24803
INFO basehttp 179 "GET /static/plugins/bootstrap/js/bootstrap.bundle.min.js HTTP/1.1" 200 78129
INFO basehttp 179 "GET /static/dist/img/favicon-32x32.png HTTP/1.1" 200 513
INFO basehttp 179 "GET /static/plugins/bootstrap/css/bootstrap.min.css.map HTTP/1.1" 200 451427
INFO basehttp 179 "GET /static/css/bootstrap.min.css.map HTTP/1.1" 200 522639
INFO basehttp 179 "GET /static/dist/js/BSA.js.map HTTP/1.1" 200 80969
INFO basehttp 179 "GET /static/plugins/bootstrap/js/bootstrap.bundle.min.js.map HTTP/1.1" 200 331017
INFO basehttp 179 "GET /static/js/bootstrap.min.js.map HTTP/1.1" 200 216913
INFO basehttp 179 "GET /static/dist/js/BSA.js.map HTTP/1.1" 200 80969
INFO basehttp 179 "GET /static/plugins/bootstrap/js/bootstrap.bundle.min.js.map HTTP/1.1" 200 331017
INFO basehttp 179 "GET /static/index.html HTTP/1.1" 200 28828
INFO basehttp 179 "GET /static/dist/img/logo-icon.png HTTP/1.1" 200 2065
INFO basehttp 179 "GET /static/dist/css/BSA.css HTTP/1.1" 200 20169
INFO basehttp 179 "GET /static/dist/js/BSA.js HTTP/1.1" 200 24803
INFO basehttp 179 "GET /static/plugins/bootstrap-icons/bootstrap-icons.css HTTP/1.1" 200 88585
INFO basehttp 179 "GET /static/plugins/bootstrap/js/bootstrap.bundle.min.js HTTP/1.1" 200 78129
INFO basehttp 179 "GET /static/plugins/bootstrap/css/bootstrap.min.css HTTP/1.1" 200 163873
INFO basehttp 179 "GET /static/plugins/bootstrap-icons/fonts/bootstrap-icons.woff2?8d200481aa7f02a2d63a331fc782cfaf HTTP/1.1" 200 112440
INFO basehttp 179 "GET /home_page HTTP/1.1" 301 0
INFO basehttp 179 "GET /home_page/ HTTP/1.1" 200 21491
INFO basehttp 179 "GET /static/dist/css/BSA.css HTTP/1.1" 200 20169
INFO basehttp 179 "GET /static/css/bootstrap.min.css HTTP/1.1" 200 194901
INFO basehttp 179 "GET /static/js/axios-0.18.0.js HTTP/1.1" 200 12912
INFO basehttp 179 "GET /static/dist/js/BSA.js HTTP/1.1" 200 24803
INFO basehttp 179 "GET /static/js/bootstrap.min.js HTTP/1.1" 200 60404
INFO basehttp 179 "GET /static/plugins/bootstrap/js/bootstrap.bundle.min.js HTTP/1.1" 200 78129
INFO basehttp 179 "GET /static/plugins/chart.js/chart.min.js HTTP/1.1" 200 197005
INFO basehttp 179 "GET /static/js/vue.js HTTP/1.1" 200 408232
INFO basehttp 179 "GET /static/dist/img/favicon-32x32.png HTTP/1.1" 200 513
INFO basehttp 179 "GET /static/plugins/bootstrap/css/bootstrap.min.css.map HTTP/1.1" 200 451427
INFO basehttp 179 "GET /static/css/bootstrap.min.css.map HTTP/1.1" 200 522639
INFO basehttp 179 "GET /static/dist/js/BSA.js.map HTTP/1.1" 200 80969
INFO basehttp 179 "GET /static/dist/js/BSA.js.map HTTP/1.1" 200 80969
INFO basehttp 179 "GET /static/js/bootstrap.min.js.map HTTP/1.1" 200 216913
INFO basehttp 179 "GET /static/plugins/bootstrap/js/bootstrap.bundle.min.js.map HTTP/1.1" 200 331017
INFO basehttp 179 "GET /static/plugins/bootstrap/js/bootstrap.bundle.min.js.map HTTP/1.1" 200 331017
INFO basehttp 179 "GET /static/index.html HTTP/1.1" 200 28828
INFO basehttp 179 "GET /static/plugins/bootstrap-icons/bootstrap-icons.css HTTP/1.1" 200 88585
INFO basehttp 179 "GET /static/plugins/bootstrap/css/bootstrap.min.css HTTP/1.1" 200 163873
INFO basehttp 179 "GET /static/dist/css/BSA.css HTTP/1.1" 200 20169
INFO basehttp 179 "GET /static/plugins/bootstrap/js/bootstrap.bundle.min.js HTTP/1.1" 200 78129
INFO basehttp 179 "GET /static/dist/img/logo-icon.png HTTP/1.1" 200 2065
INFO basehttp 179 "GET /static/dist/js/BSA.js HTTP/1.1" 200 24803
INFO basehttp 179 "GET /static/plugins/bootstrap-icons/fonts/bootstrap-icons.woff2?8d200481aa7f02a2d63a331fc782cfaf HTTP/1.1" 200 112440
INFO basehttp 179 "GET /home_page HTTP/1.1" 301 0
INFO basehttp 179 "GET /home_page/ HTTP/1.1" 200 21485
INFO basehttp 179 "GET /static/dist/css/BSA.css HTTP/1.1" 200 20169
INFO basehttp 179 "GET /static/css/bootstrap.min.css HTTP/1.1" 200 194901
INFO basehttp 179 "GET /static/js/axios-0.18.0.js HTTP/1.1" 200 12912
INFO basehttp 179 "GET /static/js/bootstrap.min.js HTTP/1.1" 200 60404
INFO basehttp 179 "GET /static/js/vue.js HTTP/1.1" 200 408232
INFO basehttp 179 "GET /static/dist/js/BSA.js HTTP/1.1" 200 24803
INFO basehttp 179 "GET /static/plugins/bootstrap/js/bootstrap.bundle.min.js HTTP/1.1" 200 78129
INFO basehttp 179 "GET /static/plugins/chart.js/chart.min.js HTTP/1.1" 200 197005
INFO basehttp 179 "GET /static/dist/img/favicon-32x32.png HTTP/1.1" 200 513
INFO basehttp 179 "GET /static/plugins/bootstrap/css/bootstrap.min.css.map HTTP/1.1" 200 451427
INFO basehttp 179 "GET /static/css/bootstrap.min.css.map HTTP/1.1" 200 522639
INFO basehttp 179 "GET /static/dist/js/BSA.js.map HTTP/1.1" 200 80969
INFO basehttp 179 "GET /static/plugins/bootstrap/js/bootstrap.bundle.min.js.map HTTP/1.1" 200 331017
INFO basehttp 179 "GET /static/js/bootstrap.min.js.map HTTP/1.1" 200 216913
INFO basehttp 179 "GET /static/dist/js/BSA.js.map HTTP/1.1" 200 80969
INFO basehttp 179 "GET /static/plugins/bootstrap/js/bootstrap.bundle.min.js.map HTTP/1.1" 200 331017
INFO basehttp 179 "GET /static/index.html HTTP/1.1" 200 28828
INFO basehttp 179 "GET /static/plugins/bootstrap-icons/bootstrap-icons.css HTTP/1.1" 200 88585
INFO basehttp 179 "GET /static/dist/css/BSA.css HTTP/1.1" 200 20169
INFO basehttp 179 "GET /static/plugins/bootstrap/css/bootstrap.min.css HTTP/1.1" 200 163873
INFO basehttp 179 "GET /static/plugins/bootstrap/js/bootstrap.bundle.min.js HTTP/1.1" 200 78129
INFO basehttp 179 "GET /static/dist/img/logo-icon.png HTTP/1.1" 200 2065
INFO basehttp 179 "GET /static/dist/js/BSA.js HTTP/1.1" 200 24803
INFO basehttp 179 "GET /static/plugins/bootstrap-icons/fonts/bootstrap-icons.woff2?8d200481aa7f02a2d63a331fc782cfaf HTTP/1.1" 200 112440
INFO basehttp 179 "GET /home_page HTTP/1.1" 301 0
INFO basehttp 179 "GET /home_page/ HTTP/1.1" 200 21481
INFO basehttp 179 "GET /static/css/bootstrap.min.css HTTP/1.1" 200 194901
INFO basehttp 179 "GET /static/dist/css/BSA.css HTTP/1.1" 200 20169
INFO basehttp 179 "GET /static/js/axios-0.18.0.js HTTP/1.1" 200 12912
INFO basehttp 179 "GET /static/dist/js/BSA.js HTTP/1.1" 200 24803
INFO basehttp 179 "GET /static/js/bootstrap.min.js HTTP/1.1" 200 60404
INFO basehttp 179 "GET /static/plugins/bootstrap/js/bootstrap.bundle.min.js HTTP/1.1" 200 78129
INFO basehttp 179 "GET /static/plugins/chart.js/chart.min.js HTTP/1.1" 200 197005
INFO basehttp 179 "GET /static/js/vue.js HTTP/1.1" 200 408232
INFO basehttp 179 "GET /static/dist/img/favicon-32x32.png HTTP/1.1" 200 513
INFO basehttp 179 "GET /static/plugins/bootstrap/css/bootstrap.min.css.map HTTP/1.1" 200 451427
INFO basehttp 179 "GET /static/css/bootstrap.min.css.map HTTP/1.1" 200 522639
INFO basehttp 179 "GET /static/dist/js/BSA.js.map HTTP/1.1" 200 80969
INFO basehttp 179 "GET /static/plugins/bootstrap/js/bootstrap.bundle.min.js.map HTTP/1.1" 200 331017
INFO basehttp 179 "GET /static/js/bootstrap.min.js.map HTTP/1.1" 200 216913
INFO basehttp 179 "GET /static/dist/js/BSA.js.map HTTP/1.1" 200 80969
INFO basehttp 179 "GET /static/plugins/bootstrap/js/bootstrap.bundle.min.js.map HTTP/1.1" 200 331017
INFO basehttp 179 "GET /static/index.html HTTP/1.1" 200 28828
INFO basehttp 179 "GET /static/dist/css/BSA.css HTTP/1.1" 200 20169
INFO basehttp 179 "GET /static/plugins/bootstrap-icons/bootstrap-icons.css HTTP/1.1" 200 88585
INFO basehttp 179 "GET /static/plugins/bootstrap/css/bootstrap.min.css HTTP/1.1" 200 163873
INFO basehttp 179 "GET /static/dist/img/logo-icon.png HTTP/1.1" 200 2065
INFO basehttp 179 "GET /static/dist/js/BSA.js HTTP/1.1" 200 24803
INFO basehttp 179 "GET /static/plugins/bootstrap/js/bootstrap.bundle.min.js HTTP/1.1" 200 78129
INFO basehttp 179 "GET /static/plugins/bootstrap-icons/fonts/bootstrap-icons.woff2?8d200481aa7f02a2d63a331fc782cfaf HTTP/1.1" 200 112440
INFO basehttp 179 "GET /home_page HTTP/1.1" 301 0
INFO basehttp 179 "GET /home_page/ HTTP/1.1" 200 21488
INFO basehttp 179 "GET /static/dist/css/BSA.css HTTP/1.1" 200 20169
INFO basehttp 179 "GET /static/css/bootstrap.min.css HTTP/1.1" 200 194901
INFO basehttp 179 "GET /static/js/axios-0.18.0.js HTTP/1.1" 200 12912
INFO basehttp 179 "GET /static/js/bootstrap.min.js HTTP/1.1" 200 60404
INFO basehttp 179 "GET /static/plugins/chart.js/chart.min.js HTTP/1.1" 200 197005
INFO basehttp 179 "GET /static/js/vue.js HTTP/1.1" 200 408232
INFO basehttp 179 "GET /static/plugins/bootstrap/js/bootstrap.bundle.min.js HTTP/1.1" 200 78129
INFO basehttp 179 "GET /static/dist/js/BSA.js HTTP/1.1" 200 24803
INFO basehttp 179 "GET /static/dist/img/favicon-32x32.png HTTP/1.1" 200 513
INFO basehttp 179 "GET /static/plugins/bootstrap/css/bootstrap.min.css.map HTTP/1.1" 200 451427
INFO basehttp 179 "GET /static/css/bootstrap.min.css.map HTTP/1.1" 200 522639
INFO basehttp 179 "GET /static/dist/js/BSA.js.map HTTP/1.1" 200 80969
INFO basehttp 179 "GET /static/plugins/bootstrap/js/bootstrap.bundle.min.js.map HTTP/1.1" 200 331017
INFO basehttp 179 "GET /static/js/bootstrap.min.js.map HTTP/1.1" 200 216913
INFO basehttp 179 "GET /static/dist/js/BSA.js.map HTTP/1.1" 200 80969
INFO basehttp 179 "GET /static/plugins/bootstrap/js/bootstrap.bundle.min.js.map HTTP/1.1" 200 331017
INFO basehttp 179 "GET /static/index.html HTTP/1.1" 200 28828
INFO basehttp 179 "GET /static/plugins/bootstrap-icons/bootstrap-icons.css HTTP/1.1" 200 88585
INFO basehttp 179 "GET /static/plugins/bootstrap/css/bootstrap.min.css HTTP/1.1" 200 163873
INFO basehttp 179 "GET /static/dist/css/BSA.css HTTP/1.1" 200 20169
INFO basehttp 179 "GET /static/dist/img/logo-icon.png HTTP/1.1" 200 2065
INFO basehttp 179 "GET /static/plugins/bootstrap/js/bootstrap.bundle.min.js HTTP/1.1" 200 78129
INFO basehttp 179 "GET /static/dist/js/BSA.js HTTP/1.1" 200 24803
INFO basehttp 179 "GET /static/plugins/bootstrap-icons/fonts/bootstrap-icons.woff2?8d200481aa7f02a2d63a331fc782cfaf HTTP/1.1" 200 112440
INFO basehttp 179 "GET /home_page HTTP/1.1" 301 0
INFO basehttp 179 "GET /home_page/ HTTP/1.1" 200 21491
INFO basehttp 179 "GET /static/dist/css/BSA.css HTTP/1.1" 200 20169
INFO basehttp 179 "GET /static/css/bootstrap.min.css HTTP/1.1" 200 194901
INFO basehttp 179 "GET /static/js/axios-0.18.0.js HTTP/1.1" 200 12912
INFO basehttp 179 "GET /static/js/bootstrap.min.js HTTP/1.1" 200 60404
INFO basehttp 179 "GET /static/plugins/chart.js/chart.min.js HTTP/1.1" 200 197005
INFO basehttp 179 "GET /static/plugins/bootstrap/js/bootstrap.bundle.min.js HTTP/1.1" 200 78129
INFO basehttp 179 "GET /static/dist/js/BSA.js HTTP/1.1" 200 24803
INFO basehttp 179 "GET /static/js/vue.js HTTP/1.1" 200 408232
INFO basehttp 179 "GET /static/dist/img/favicon-32x32.png HTTP/1.1" 200 513
INFO basehttp 179 "GET /static/plugins/bootstrap/css/bootstrap.min.css.map HTTP/1.1" 200 451427
INFO basehttp 179 "GET /static/css/bootstrap.min.css.map HTTP/1.1" 200 522639
INFO basehttp 179 "GET /static/dist/js/BSA.js.map HTTP/1.1" 200 80969
INFO basehttp 179 "GET /static/plugins/bootstrap/js/bootstrap.bundle.min.js.map HTTP/1.1" 200 331017
INFO basehttp 179 "GET /static/js/bootstrap.min.js.map HTTP/1.1" 200 216913
INFO basehttp 179 "GET /static/dist/js/BSA.js.map HTTP/1.1" 200 80969
INFO basehttp 179 "GET /static/plugins/bootstrap/js/bootstrap.bundle.min.js.map HTTP/1.1" 200 331017
INFO basehttp 179 "GET /static/index.html HTTP/1.1" 200 28828
INFO basehttp 179 "GET /static/plugins/bootstrap-icons/bootstrap-icons.css HTTP/1.1" 200 88585
INFO basehttp 179 "GET /static/plugins/bootstrap/css/bootstrap.min.css HTTP/1.1" 200 163873
INFO basehttp 179 "GET /static/dist/css/BSA.css HTTP/1.1" 200 20169
INFO basehttp 179 "GET /static/dist/img/logo-icon.png HTTP/1.1" 200 2065
INFO basehttp 179 "GET /static/dist/js/BSA.js HTTP/1.1" 200 24803
INFO basehttp 179 "GET /static/plugins/bootstrap/js/bootstrap.bundle.min.js HTTP/1.1" 200 78129
INFO basehttp 179 "GET /static/plugins/bootstrap-icons/fonts/bootstrap-icons.woff2?8d200481aa7f02a2d63a331fc782cfaf HTTP/1.1" 200 112440
INFO basehttp 179 "GET /home_page HTTP/1.1" 301 0
INFO basehttp 179 "GET /home_page/ HTTP/1.1" 200 21817
INFO basehttp 179 "GET /static/css/bootstrap.min.css HTTP/1.1" 200 194901
INFO basehttp 179 "GET /static/dist/css/BSA.css HTTP/1.1" 200 20169
INFO basehttp 179 "GET /static/js/axios-0.18.0.js HTTP/1.1" 200 12912
INFO basehttp 179 "GET /static/js/vue.js HTTP/1.1" 200 408232
INFO basehttp 179 "GET /static/dist/js/BSA.js HTTP/1.1" 200 24803
INFO basehttp 179 "GET /static/js/bootstrap.min.js HTTP/1.1" 200 60404
INFO basehttp 179 "GET /static/plugins/bootstrap/js/bootstrap.bundle.min.js HTTP/1.1" 200 78129
INFO basehttp 179 "GET /static/plugins/chart.js/chart.min.js HTTP/1.1" 200 197005
INFO basehttp 179 "GET /static/dist/img/favicon-32x32.png HTTP/1.1" 200 513
INFO basehttp 179 "GET /static/plugins/bootstrap/css/bootstrap.min.css.map HTTP/1.1" 200 451427
INFO basehttp 179 "GET /static/css/bootstrap.min.css.map HTTP/1.1" 200 522639
INFO basehttp 179 "GET /static/dist/js/BSA.js.map HTTP/1.1" 200 80969
INFO basehttp 179 "GET /static/plugins/bootstrap/js/bootstrap.bundle.min.js.map HTTP/1.1" 200 331017
INFO basehttp 179 "GET /static/js/bootstrap.min.js.map HTTP/1.1" 200 216913
INFO basehttp 179 "GET /static/dist/js/BSA.js.map HTTP/1.1" 200 80969
INFO basehttp 179 "GET /static/plugins/bootstrap/js/bootstrap.bundle.min.js.map HTTP/1.1" 200 331017
INFO basehttp 179 "GET /static/index.html HTTP/1.1" 200 28828
INFO basehttp 179 "GET /static/dist/img/logo-icon.png HTTP/1.1" 200 2065
INFO basehttp 179 "GET /static/dist/css/BSA.css HTTP/1.1" 200 20169
INFO basehttp 179 "GET /static/dist/js/BSA.js HTTP/1.1" 200 24803
INFO basehttp 179 "GET /static/plugins/bootstrap-icons/bootstrap-icons.css HTTP/1.1" 200 88585
INFO basehttp 179 "GET /static/plugins/bootstrap/js/bootstrap.bundle.min.js HTTP/1.1" 200 78129
INFO basehttp 179 "GET /static/plugins/bootstrap/css/bootstrap.min.css HTTP/1.1" 200 163873
INFO basehttp 179 "GET /static/plugins/bootstrap-icons/fonts/bootstrap-icons.woff2?8d200481aa7f02a2d63a331fc782cfaf HTTP/1.1" 200 112440
INFO basehttp 179 "GET /home_page HTTP/1.1" 301 0
INFO basehttp 179 "GET /home_page/ HTTP/1.1" 200 21854
INFO basehttp 179 "GET /static/dist/css/BSA.css HTTP/1.1" 200 20169
INFO basehttp 179 "GET /static/css/bootstrap.min.css HTTP/1.1" 200 194901
INFO basehttp 179 "GET /static/js/vue.js HTTP/1.1" 200 408232
INFO basehttp 179 "GET /static/js/axios-0.18.0.js HTTP/1.1" 200 12912
INFO basehttp 179 "GET /static/js/bootstrap.min.js HTTP/1.1" 200 60404
INFO basehttp 179 "GET /static/dist/js/BSA.js HTTP/1.1" 200 24803
INFO basehttp 179 "GET /static/plugins/bootstrap/js/bootstrap.bundle.min.js HTTP/1.1" 200 78129
INFO basehttp 179 "GET /static/plugins/chart.js/chart.min.js HTTP/1.1" 200 197005
INFO basehttp 179 "GET /static/dist/img/favicon-32x32.png HTTP/1.1" 200 513
INFO basehttp 179 "GET /static/plugins/bootstrap/css/bootstrap.min.css.map HTTP/1.1" 200 451427
INFO basehttp 179 "GET /static/css/bootstrap.min.css.map HTTP/1.1" 200 522639
INFO basehttp 179 "GET /static/dist/js/BSA.js.map HTTP/1.1" 200 80969
INFO basehttp 179 "GET /static/plugins/bootstrap/js/bootstrap.bundle.min.js.map HTTP/1.1" 200 331017
INFO basehttp 179 "GET /static/js/bootstrap.min.js.map HTTP/1.1" 200 216913
INFO basehttp 179 "GET /static/dist/js/BSA.js.map HTTP/1.1" 200 80969
INFO basehttp 179 "GET /static/plugins/bootstrap/js/bootstrap.bundle.min.js.map HTTP/1.1" 200 331017
INFO basehttp 179 "GET /static/index.html HTTP/1.1" 200 28828
INFO basehttp 179 "GET /static/dist/css/BSA.css HTTP/1.1" 200 20169
INFO basehttp 179 "GET /static/plugins/bootstrap-icons/bootstrap-icons.css HTTP/1.1" 200 88585
INFO basehttp 179 "GET /static/plugins/bootstrap/css/bootstrap.min.css HTTP/1.1" 200 163873
INFO basehttp 179 "GET /static/plugins/bootstrap/js/bootstrap.bundle.min.js HTTP/1.1" 200 78129
INFO basehttp 179 "GET /static/dist/js/BSA.js HTTP/1.1" 200 24803
INFO basehttp 179 "GET /static/dist/img/logo-icon.png HTTP/1.1" 200 2065
INFO basehttp 179 "GET /static/plugins/bootstrap-icons/fonts/bootstrap-icons.woff2?8d200481aa7f02a2d63a331fc782cfaf HTTP/1.1" 200 112440
INFO basehttp 179 "GET /home_page HTTP/1.1" 301 0
INFO basehttp 179 "GET /home_page/ HTTP/1.1" 200 21922
INFO basehttp 179 "GET /static/css/bootstrap.min.css HTTP/1.1" 200 194901
INFO basehttp 179 "GET /static/dist/css/BSA.css HTTP/1.1" 200 20169
INFO basehttp 179 "GET /static/js/axios-0.18.0.js HTTP/1.1" 200 12912
INFO basehttp 179 "GET /static/js/bootstrap.min.js HTTP/1.1" 200 60404
INFO basehttp 179 "GET /static/dist/js/BSA.js HTTP/1.1" 200 24803
INFO basehttp 179 "GET /static/plugins/bootstrap/js/bootstrap.bundle.min.js HTTP/1.1" 200 78129
INFO basehttp 179 "GET /static/plugins/chart.js/chart.min.js HTTP/1.1" 200 197005
INFO basehttp 179 "GET /static/js/vue.js HTTP/1.1" 200 408232
INFO basehttp 179 "GET /static/dist/img/favicon-32x32.png HTTP/1.1" 200 513
INFO basehttp 179 "GET /static/plugins/bootstrap/css/bootstrap.min.css.map HTTP/1.1" 200 451427
INFO basehttp 179 "GET /static/css/bootstrap.min.css.map HTTP/1.1" 200 522639
INFO basehttp 179 "GET /static/dist/js/BSA.js.map HTTP/1.1" 200 80969
INFO basehttp 179 "GET /static/plugins/bootstrap/js/bootstrap.bundle.min.js.map HTTP/1.1" 200 331017
INFO basehttp 179 "GET /static/js/bootstrap.min.js.map HTTP/1.1" 200 216913
INFO basehttp 179 "GET /static/dist/js/BSA.js.map HTTP/1.1" 200 80969
INFO basehttp 179 "GET /static/plugins/bootstrap/js/bootstrap.bundle.min.js.map HTTP/1.1" 200 331017
INFO basehttp 179 "GET /static/index.html HTTP/1.1" 200 28828
INFO basehttp 179 "GET /static/plugins/bootstrap-icons/bootstrap-icons.css HTTP/1.1" 200 88585
INFO basehttp 179 "GET /static/dist/css/BSA.css HTTP/1.1" 200 20169
INFO basehttp 179 "GET /static/plugins/bootstrap/css/bootstrap.min.css HTTP/1.1" 200 163873
INFO basehttp 179 "GET /static/dist/img/logo-icon.png HTTP/1.1" 200 2065
INFO basehttp 179 "GET /static/dist/js/BSA.js HTTP/1.1" 200 24803
INFO basehttp 179 "GET /static/plugins/bootstrap/js/bootstrap.bundle.min.js HTTP/1.1" 200 78129
INFO basehttp 179 "GET /static/plugins/bootstrap-icons/fonts/bootstrap-icons.woff2?8d200481aa7f02a2d63a331fc782cfaf HTTP/1.1" 200 112440
INFO basehttp 179 "GET /home_page HTTP/1.1" 301 0
INFO basehttp 179 "GET /home_page/ HTTP/1.1" 200 21914
INFO basehttp 179 "GET /static/dist/css/BSA.css HTTP/1.1" 200 20169
INFO basehttp 179 "GET /static/css/bootstrap.min.css HTTP/1.1" 200 194901
INFO basehttp 179 "GET /static/js/axios-0.18.0.js HTTP/1.1" 200 12912
INFO basehttp 179 "GET /static/js/vue.js HTTP/1.1" 200 408232
INFO basehttp 179 "GET /static/dist/js/BSA.js HTTP/1.1" 200 24803
INFO basehttp 179 "GET /static/js/bootstrap.min.js HTTP/1.1" 200 60404
INFO basehttp 179 "GET /static/plugins/bootstrap/js/bootstrap.bundle.min.js HTTP/1.1" 200 78129
INFO basehttp 179 "GET /static/plugins/chart.js/chart.min.js HTTP/1.1" 200 197005
INFO basehttp 179 "GET /static/dist/img/favicon-32x32.png HTTP/1.1" 200 513
INFO basehttp 179 "GET /static/plugins/bootstrap/css/bootstrap.min.css.map HTTP/1.1" 200 451427
INFO basehttp 179 "GET /static/css/bootstrap.min.css.map HTTP/1.1" 200 522639
INFO basehttp 179 "GET /static/dist/js/BSA.js.map HTTP/1.1" 200 80969
INFO basehttp 179 "GET /static/plugins/bootstrap/js/bootstrap.bundle.min.js.map HTTP/1.1" 200 331017
INFO basehttp 179 "GET /static/js/bootstrap.min.js.map HTTP/1.1" 200 216913
INFO basehttp 179 "GET /static/dist/js/BSA.js.map HTTP/1.1" 200 80969
INFO basehttp 179 "GET /static/plugins/bootstrap/js/bootstrap.bundle.min.js.map HTTP/1.1" 200 331017
INFO basehttp 179 "GET /static/index.html HTTP/1.1" 200 28828
INFO basehttp 179 "GET /static/plugins/bootstrap-icons/bootstrap-icons.css HTTP/1.1" 200 88585
INFO basehttp 179 "GET /static/dist/css/BSA.css HTTP/1.1" 200 20169
INFO basehttp 179 "GET /static/plugins/bootstrap/css/bootstrap.min.css HTTP/1.1" 200 163873
INFO basehttp 179 "GET /static/dist/img/logo-icon.png HTTP/1.1" 200 2065
INFO basehttp 179 "GET /static/plugins/bootstrap-icons/fonts/bootstrap-icons.woff2?8d200481aa7f02a2d63a331fc782cfaf HTTP/1.1" 200 112440
INFO basehttp 179 "GET /static/dist/js/BSA.js HTTP/1.1" 200 24803
INFO basehttp 179 "GET /static/plugins/bootstrap/js/bootstrap.bundle.min.js HTTP/1.1" 200 78129
INFO basehttp 179 "GET /home_page HTTP/1.1" 301 0
INFO basehttp 179 "GET /home_page/ HTTP/1.1" 200 21930
INFO basehttp 179 "GET /static/css/bootstrap.min.css HTTP/1.1" 200 194901
INFO basehttp 179 "GET /static/dist/css/BSA.css HTTP/1.1" 200 20169
INFO basehttp 179 "GET /static/js/axios-0.18.0.js HTTP/1.1" 200 12912
INFO basehttp 179 "GET /static/js/bootstrap.min.js HTTP/1.1" 200 60404
INFO basehttp 179 "GET /static/plugins/bootstrap/js/bootstrap.bundle.min.js HTTP/1.1" 200 78129
INFO basehttp 179 "GET /static/plugins/chart.js/chart.min.js HTTP/1.1" 200 197005
INFO basehttp 179 "GET /static/js/vue.js HTTP/1.1" 200 408232
INFO basehttp 179 "GET /static/dist/js/BSA.js HTTP/1.1" 200 24803
INFO basehttp 179 "GET /static/dist/img/favicon-32x32.png HTTP/1.1" 200 513
INFO basehttp 179 "GET /static/plugins/bootstrap/css/bootstrap.min.css.map HTTP/1.1" 200 451427
INFO basehttp 179 "GET /static/css/bootstrap.min.css.map HTTP/1.1" 200 522639
INFO basehttp 179 "GET /static/plugins/bootstrap/js/bootstrap.bundle.min.js.map HTTP/1.1" 200 331017
INFO basehttp 179 "GET /static/dist/js/BSA.js.map HTTP/1.1" 200 80969
INFO basehttp 179 "GET /static/dist/js/BSA.js.map HTTP/1.1" 200 80969
INFO basehttp 179 "GET /static/js/bootstrap.min.js.map HTTP/1.1" 200 216913
INFO basehttp 179 "GET /static/plugins/bootstrap/js/bootstrap.bundle.min.js.map HTTP/1.1" 200 331017
INFO basehttp 179 "GET /static/index.html HTTP/1.1" 200 28828
INFO basehttp 179 "GET /static/plugins/bootstrap-icons/bootstrap-icons.css HTTP/1.1" 200 88585
INFO basehttp 179 "GET /static/plugins/bootstrap/css/bootstrap.min.css HTTP/1.1" 200 163873
INFO basehttp 179 "GET /static/dist/css/BSA.css HTTP/1.1" 200 20169
INFO basehttp 179 "GET /static/dist/img/logo-icon.png HTTP/1.1" 200 2065
INFO basehttp 179 "GET /static/dist/js/BSA.js HTTP/1.1" 200 24803
INFO basehttp 179 "GET /static/plugins/bootstrap/js/bootstrap.bundle.min.js HTTP/1.1" 200 78129
INFO basehttp 179 "GET /static/plugins/bootstrap-icons/fonts/bootstrap-icons.woff2?8d200481aa7f02a2d63a331fc782cfaf HTTP/1.1" 200 112440
INFO basehttp 179 "GET /home_page HTTP/1.1" 301 0
INFO basehttp 179 "GET /home_page/ HTTP/1.1" 200 21930
INFO basehttp 179 "GET /static/dist/css/BSA.css HTTP/1.1" 200 20169
INFO basehttp 179 "GET /static/css/bootstrap.min.css HTTP/1.1" 200 194901
INFO basehttp 179 "GET /static/js/axios-0.18.0.js HTTP/1.1" 200 12912
INFO basehttp 179 "GET /static/js/bootstrap.min.js HTTP/1.1" 200 60404
INFO basehttp 179 "GET /static/plugins/bootstrap/js/bootstrap.bundle.min.js HTTP/1.1" 200 78129
INFO basehttp 179 "GET /static/dist/js/BSA.js HTTP/1.1" 200 24803
INFO basehttp 179 "GET /static/plugins/chart.js/chart.min.js HTTP/1.1" 200 197005
INFO basehttp 179 "GET /static/js/vue.js HTTP/1.1" 200 408232
INFO basehttp 179 "GET /static/dist/img/favicon-32x32.png HTTP/1.1" 200 513
INFO basehttp 179 "GET /static/plugins/bootstrap/css/bootstrap.min.css.map HTTP/1.1" 200 451427
INFO basehttp 179 "GET /static/css/bootstrap.min.css.map HTTP/1.1" 200 522639
INFO basehttp 179 "GET /static/dist/js/BSA.js.map HTTP/1.1" 200 80969
INFO basehttp 179 "GET /static/plugins/bootstrap/js/bootstrap.bundle.min.js.map HTTP/1.1" 200 331017
INFO basehttp 179 "GET /static/js/bootstrap.min.js.map HTTP/1.1" 200 216913
INFO basehttp 179 "GET /static/plugins/bootstrap/js/bootstrap.bundle.min.js.map HTTP/1.1" 200 331017
INFO basehttp 179 "GET /static/dist/js/BSA.js.map HTTP/1.1" 200 80969
INFO basehttp 179 "GET /static/index.html HTTP/1.1" 200 28828
INFO basehttp 179 "GET /static/plugins/bootstrap-icons/bootstrap-icons.css HTTP/1.1" 200 88585
INFO basehttp 179 "GET /static/dist/css/BSA.css HTTP/1.1" 200 20169
INFO basehttp 179 "GET /static/plugins/bootstrap/css/bootstrap.min.css HTTP/1.1" 200 163873
INFO basehttp 179 "GET /static/plugins/bootstrap/js/bootstrap.bundle.min.js HTTP/1.1" 200 78129
INFO basehttp 179 "GET /static/dist/img/logo-icon.png HTTP/1.1" 200 2065
INFO basehttp 179 "GET /static/dist/js/BSA.js HTTP/1.1" 200 24803
INFO basehttp 179 "GET /static/plugins/bootstrap-icons/fonts/bootstrap-icons.woff2?8d200481aa7f02a2d63a331fc782cfaf HTTP/1.1" 200 112440
INFO basehttp 179 "GET /home_page HTTP/1.1" 301 0
INFO basehttp 179 "GET /home_page/ HTTP/1.1" 200 21926
INFO basehttp 179 "GET /static/dist/css/BSA.css HTTP/1.1" 200 20169
INFO basehttp 179 "GET /static/css/bootstrap.min.css HTTP/1.1" 200 194901
INFO basehttp 179 "GET /static/js/vue.js HTTP/1.1" 200 408232
INFO basehttp 179 "GET /static/dist/js/BSA.js HTTP/1.1" 200 24803
INFO basehttp 179 "GET /static/js/axios-0.18.0.js HTTP/1.1" 200 12912
INFO basehttp 179 "GET /static/js/bootstrap.min.js HTTP/1.1" 200 60404
INFO basehttp 179 "GET /static/plugins/bootstrap/js/bootstrap.bundle.min.js HTTP/1.1" 200 78129
INFO basehttp 179 "GET /static/plugins/chart.js/chart.min.js HTTP/1.1" 200 197005
INFO basehttp 179 "GET /static/dist/img/favicon-32x32.png HTTP/1.1" 200 513
INFO basehttp 179 "GET /static/plugins/bootstrap/css/bootstrap.min.css.map HTTP/1.1" 200 451427
INFO basehttp 179 "GET /static/css/bootstrap.min.css.map HTTP/1.1" 200 522639
INFO basehttp 179 "GET /static/dist/js/BSA.js.map HTTP/1.1" 200 80969
INFO basehttp 179 "GET /static/plugins/bootstrap/js/bootstrap.bundle.min.js.map HTTP/1.1" 200 331017
INFO basehttp 179 "GET /static/js/bootstrap.min.js.map HTTP/1.1" 200 216913
INFO basehttp 179 "GET /static/dist/js/BSA.js.map HTTP/1.1" 200 80969
INFO basehttp 179 "GET /static/plugins/bootstrap/js/bootstrap.bundle.min.js.map HTTP/1.1" 200 331017
INFO basehttp 179 "GET /static/index.html HTTP/1.1" 200 28828
INFO basehttp 179 "GET /static/plugins/bootstrap-icons/bootstrap-icons.css HTTP/1.1" 200 88585
INFO basehttp 179 "GET /static/dist/css/BSA.css HTTP/1.1" 200 20169
INFO basehttp 179 "GET /static/plugins/bootstrap/css/bootstrap.min.css HTTP/1.1" 200 163873
INFO basehttp 179 "GET /static/dist/img/logo-icon.png HTTP/1.1" 200 2065
INFO basehttp 179 "GET /static/plugins/bootstrap-icons/fonts/bootstrap-icons.woff2?8d200481aa7f02a2d63a331fc782cfaf HTTP/1.1" 200 112440
INFO basehttp 179 "GET /static/plugins/bootstrap/js/bootstrap.bundle.min.js HTTP/1.1" 200 78129
INFO basehttp 179 "GET /static/dist/js/BSA.js HTTP/1.1" 200 24803
INFO basehttp 179 "GET /home_page HTTP/1.1" 301 0
INFO basehttp 179 "GET /home_page/ HTTP/1.1" 200 21930
INFO basehttp 179 "GET /static/css/bootstrap.min.css HTTP/1.1" 200 194901
INFO basehttp 179 "GET /static/dist/css/BSA.css HTTP/1.1" 200 20169
INFO basehttp 179 "GET /static/js/vue.js HTTP/1.1" 200 408232
INFO basehttp 179 "GET /static/js/axios-0.18.0.js HTTP/1.1" 200 12912
INFO basehttp 179 "GET /static/js/bootstrap.min.js HTTP/1.1" 200 60404
INFO basehttp 179 "GET /static/plugins/bootstrap/js/bootstrap.bundle.min.js HTTP/1.1" 200 78129
INFO basehttp 179 "GET /static/plugins/chart.js/chart.min.js HTTP/1.1" 200 197005
INFO basehttp 179 "GET /static/dist/js/BSA.js HTTP/1.1" 200 24803
INFO basehttp 179 "GET /static/dist/img/favicon-32x32.png HTTP/1.1" 200 513
INFO basehttp 179 "GET /static/plugins/bootstrap/css/bootstrap.min.css.map HTTP/1.1" 200 451427
INFO basehttp 179 "GET /static/css/bootstrap.min.css.map HTTP/1.1" 200 522639
INFO basehttp 179 "GET /static/dist/js/BSA.js.map HTTP/1.1" 200 80969
INFO basehttp 179 "GET /static/plugins/bootstrap/js/bootstrap.bundle.min.js.map HTTP/1.1" 200 331017
INFO basehttp 179 "GET /static/js/bootstrap.min.js.map HTTP/1.1" 200 216913
INFO basehttp 179 "GET /static/dist/js/BSA.js.map HTTP/1.1" 200 80969
INFO basehttp 179 "GET /static/plugins/bootstrap/js/bootstrap.bundle.min.js.map HTTP/1.1" 200 331017
INFO basehttp 179 "GET /static/index.html HTTP/1.1" 200 28828
INFO basehttp 179 "GET /static/plugins/bootstrap-icons/bootstrap-icons.css HTTP/1.1" 200 88585
INFO basehttp 179 "GET /static/plugins/bootstrap/css/bootstrap.min.css HTTP/1.1" 200 163873
INFO basehttp 179 "GET /static/dist/img/logo-icon.png HTTP/1.1" 200 2065
INFO basehttp 179 "GET /static/dist/css/BSA.css HTTP/1.1" 200 20169
INFO basehttp 179 "GET /static/dist/js/BSA.js HTTP/1.1" 200 24803
INFO basehttp 179 "GET /static/plugins/bootstrap/js/bootstrap.bundle.min.js HTTP/1.1" 200 78129
INFO basehttp 179 "GET /static/plugins/bootstrap-icons/fonts/bootstrap-icons.woff2?8d200481aa7f02a2d63a331fc782cfaf HTTP/1.1" 200 112440
INFO basehttp 179 "GET /home_page HTTP/1.1" 301 0
INFO basehttp 179 "GET /home_page/ HTTP/1.1" 200 21934
INFO basehttp 179 "GET /static/dist/css/BSA.css HTTP/1.1" 200 20169
INFO basehttp 179 "GET /static/css/bootstrap.min.css HTTP/1.1" 200 194901
INFO basehttp 179 "GET /static/js/axios-0.18.0.js HTTP/1.1" 200 12912
INFO basehttp 179 "GET /static/js/bootstrap.min.js HTTP/1.1" 200 60404
INFO basehttp 179 "GET /static/plugins/bootstrap/js/bootstrap.bundle.min.js HTTP/1.1" 200 78129
INFO basehttp 179 "GET /static/plugins/chart.js/chart.min.js HTTP/1.1" 200 197005
INFO basehttp 179 "GET /static/dist/js/BSA.js HTTP/1.1" 200 24803
INFO basehttp 179 "GET /static/js/vue.js HTTP/1.1" 200 408232
INFO basehttp 179 "GET /static/dist/img/favicon-32x32.png HTTP/1.1" 200 513
INFO basehttp 179 "GET /static/plugins/bootstrap/css/bootstrap.min.css.map HTTP/1.1" 200 451427
INFO basehttp 179 "GET /static/css/bootstrap.min.css.map HTTP/1.1" 200 522639
INFO basehttp 179 "GET /static/dist/js/BSA.js.map HTTP/1.1" 200 80969
INFO basehttp 179 "GET /static/plugins/bootstrap/js/bootstrap.bundle.min.js.map HTTP/1.1" 200 331017
INFO basehttp 179 "GET /static/dist/js/BSA.js.map HTTP/1.1" 200 80969
INFO basehttp 179 "GET /static/js/bootstrap.min.js.map HTTP/1.1" 200 216913
INFO basehttp 179 "GET /static/plugins/bootstrap/js/bootstrap.bundle.min.js.map HTTP/1.1" 200 331017
INFO basehttp 179 "GET /static/index.html HTTP/1.1" 200 28828
INFO basehttp 179 "GET /static/plugins/bootstrap-icons/bootstrap-icons.css HTTP/1.1" 200 88585
INFO basehttp 179 "GET /static/dist/css/BSA.css HTTP/1.1" 200 20169
INFO basehttp 179 "GET /static/plugins/bootstrap/css/bootstrap.min.css HTTP/1.1" 200 163873
INFO basehttp 179 "GET /static/dist/img/logo-icon.png HTTP/1.1" 200 2065
INFO basehttp 179 "GET /static/dist/js/BSA.js HTTP/1.1" 200 24803
INFO basehttp 179 "GET /static/plugins/bootstrap/js/bootstrap.bundle.min.js HTTP/1.1" 200 78129
INFO basehttp 179 "GET /static/plugins/bootstrap-icons/fonts/bootstrap-icons.woff2?8d200481aa7f02a2d63a331fc782cfaf HTTP/1.1" 200 112440
INFO basehttp 179 "GET /home_page HTTP/1.1" 301 0
INFO basehttp 179 "GET /home_page/ HTTP/1.1" 200 21919
INFO basehttp 179 "GET /static/css/bootstrap.min.css HTTP/1.1" 200 194901
INFO basehttp 179 "GET /static/dist/css/BSA.css HTTP/1.1" 200 20169
INFO basehttp 179 "GET /static/js/axios-0.18.0.js HTTP/1.1" 200 12912
INFO basehttp 179 "GET /static/js/bootstrap.min.js HTTP/1.1" 200 60404
INFO basehttp 179 "GET /static/dist/js/BSA.js HTTP/1.1" 200 24803
INFO basehttp 179 "GET /static/plugins/chart.js/chart.min.js HTTP/1.1" 200 197005
INFO basehttp 179 "GET /static/plugins/bootstrap/js/bootstrap.bundle.min.js HTTP/1.1" 200 78129
INFO basehttp 179 "GET /static/js/vue.js HTTP/1.1" 200 408232
INFO basehttp 179 "GET /static/dist/img/favicon-32x32.png HTTP/1.1" 200 513
INFO basehttp 179 "GET /static/plugins/bootstrap/css/bootstrap.min.css.map HTTP/1.1" 200 451427
INFO basehttp 179 "GET /static/css/bootstrap.min.css.map HTTP/1.1" 200 522639
INFO basehttp 179 "GET /static/dist/js/BSA.js.map HTTP/1.1" 200 80969
INFO basehttp 179 "GET /static/plugins/bootstrap/js/bootstrap.bundle.min.js.map HTTP/1.1" 200 331017
INFO basehttp 179 "GET /static/dist/js/BSA.js.map HTTP/1.1" 200 80969
INFO basehttp 179 "GET /static/js/bootstrap.min.js.map HTTP/1.1" 200 216913
INFO basehttp 179 "GET /static/plugins/bootstrap/js/bootstrap.bundle.min.js.map HTTP/1.1" 200 331017
INFO basehttp 179 "GET /static/index.html HTTP/1.1" 200 28828
INFO basehttp 179 "GET /static/dist/img/logo-icon.png HTTP/1.1" 200 2065
INFO basehttp 179 "GET /static/dist/css/BSA.css HTTP/1.1" 200 20169
INFO basehttp 179 "GET /static/plugins/bootstrap-icons/bootstrap-icons.css HTTP/1.1" 200 88585
INFO basehttp 179 "GET /static/dist/js/BSA.js HTTP/1.1" 200 24803
INFO basehttp 179 "GET /static/plugins/bootstrap/js/bootstrap.bundle.min.js HTTP/1.1" 200 78129
INFO basehttp 179 "GET /static/plugins/bootstrap/css/bootstrap.min.css HTTP/1.1" 200 163873
INFO basehttp 179 "GET /static/plugins/bootstrap-icons/fonts/bootstrap-icons.woff2?8d200481aa7f02a2d63a331fc782cfaf HTTP/1.1" 200 112440
INFO basehttp 179 "GET /home_page HTTP/1.1" 301 0
INFO basehttp 179 "GET /home_page/ HTTP/1.1" 200 21922
INFO basehttp 179 "GET /static/css/bootstrap.min.css HTTP/1.1" 200 194901
INFO basehttp 179 "GET /static/dist/css/BSA.css HTTP/1.1" 200 20169
INFO basehttp 179 "GET /static/js/axios-0.18.0.js HTTP/1.1" 200 12912
INFO basehttp 179 "GET /static/js/bootstrap.min.js HTTP/1.1" 200 60404
INFO basehttp 179 "GET /static/dist/js/BSA.js HTTP/1.1" 200 24803
INFO basehttp 179 "GET /static/plugins/bootstrap/js/bootstrap.bundle.min.js HTTP/1.1" 200 78129
INFO basehttp 179 "GET /static/plugins/chart.js/chart.min.js HTTP/1.1" 200 197005
INFO basehttp 179 "GET /static/js/vue.js HTTP/1.1" 200 408232
INFO basehttp 179 "GET /static/dist/img/favicon-32x32.png HTTP/1.1" 200 513
INFO basehttp 179 "GET /static/plugins/bootstrap/css/bootstrap.min.css.map HTTP/1.1" 200 451427
INFO basehttp 179 "GET /static/css/bootstrap.min.css.map HTTP/1.1" 200 522639
INFO basehttp 179 "GET /static/dist/js/BSA.js.map HTTP/1.1" 200 80969
INFO basehttp 179 "GET /static/plugins/bootstrap/js/bootstrap.bundle.min.js.map HTTP/1.1" 200 331017
INFO basehttp 179 "GET /static/js/bootstrap.min.js.map HTTP/1.1" 200 216913
INFO basehttp 179 "GET /static/dist/js/BSA.js.map HTTP/1.1" 200 80969
INFO basehttp 179 "GET /static/plugins/bootstrap/js/bootstrap.bundle.min.js.map HTTP/1.1" 200 331017
INFO basehttp 179 "GET /spiders HTTP/1.1" 301 0
INFO basehttp 179 "GET /spiders/ HTTP/1.1" 200 5148
INFO basehttp 179 "GET /static/dist/css/BSA.css HTTP/1.1" 200 20169
INFO basehttp 179 "GET /static/plugins/bootstrap/js/bootstrap.bundle.min.js HTTP/1.1" 200 78129
INFO basehttp 179 "GET /static/js/bootstrap.min.js HTTP/1.1" 200 60404
INFO basehttp 179 "GET /static/js/axios-0.18.0.js HTTP/1.1" 200 12912
INFO basehttp 179 "GET /static/css/bootstrap.min.css HTTP/1.1" 200 194901
INFO basehttp 179 "GET /static/dist/js/BSA.js HTTP/1.1" 200 24803
INFO basehttp 179 "GET /static/js/vue.js HTTP/1.1" 200 408232
INFO basehttp 179 "GET /static/css/bootstrap.min.css.map HTTP/1.1" 200 522639
INFO basehttp 179 "GET /static/dist/js/BSA.js.map HTTP/1.1" 200 80969
INFO basehttp 179 "GET /static/js/bootstrap.min.js.map HTTP/1.1" 200 216913
INFO basehttp 179 "GET /static/plugins/bootstrap/js/bootstrap.bundle.min.js.map HTTP/1.1" 200 331017
WARNING log 225 Not Found: /spiders/jobs
WARNING basehttp 179 "GET /spiders/jobs HTTP/1.1" 404 3071
INFO basehttp 179 "GET /static/pages/page-list.html HTTP/1.1" 200 6782
INFO basehttp 179 "GET /static/dist/css/BSA.css HTTP/1.1" 200 20169
INFO basehttp 179 "GET /static/plugins/bootstrap-icons/bootstrap-icons.css HTTP/1.1" 200 88585
INFO basehttp 179 "GET /static/plugins/bootstrap/css/bootstrap.min.css HTTP/1.1" 200 163873
INFO basehttp 179 "GET /static/plugins/bootstrap-icons/fonts/bootstrap-icons.woff2?8d200481aa7f02a2d63a331fc782cfaf HTTP/1.1" 200 112440
INFO basehttp 179 "GET /static/plugins/bootstrap/css/bootstrap.min.css.map HTTP/1.1" 200 451427
INFO basehttp 179 "GET /static/dist/js/BSA.js HTTP/1.1" 200 24803
INFO basehttp 179 "GET /static/plugins/bootstrap/js/bootstrap.bundle.min.js HTTP/1.1" 200 78129
INFO basehttp 179 "GET /static/dist/js/BSA.js.map HTTP/1.1" 200 80969
INFO basehttp 179 "GET /static/plugins/bootstrap/js/bootstrap.bundle.min.js.map HTTP/1.1" 200 331017
INFO basehttp 179 "GET /static/pages/page-comment.html HTTP/1.1" 200 20626
INFO basehttp 179 "GET /static/plugins/bootstrap-icons/bootstrap-icons.css HTTP/1.1" 200 88585
INFO basehttp 179 "GET /static/dist/css/BSA.css HTTP/1.1" 200 20169
INFO basehttp 179 "GET /static/plugins/bootstrap/css/bootstrap.min.css HTTP/1.1" 200 163873
INFO basehttp 179 "GET /static/plugins/bootstrap-icons/fonts/bootstrap-icons.woff2?8d200481aa7f02a2d63a331fc782cfaf HTTP/1.1" 200 112440
INFO basehttp 179 "GET /static/plugins/bootstrap/css/bootstrap.min.css.map HTTP/1.1" 200 451427
INFO basehttp 179 "GET /static/dist/js/BSA.js HTTP/1.1" 200 24803
INFO basehttp 179 "GET /static/plugins/bootstrap/js/bootstrap.bundle.min.js HTTP/1.1" 200 78129
INFO basehttp 179 "GET /static/dist/js/BSA.js.map HTTP/1.1" 200 80969
INFO basehttp 179 "GET /static/plugins/bootstrap/js/bootstrap.bundle.min.js.map HTTP/1.1" 200 331017
INFO basehttp 179 "GET /static/pages/page-article-list.html HTTP/1.1" 200 15018
INFO basehttp 179 "GET /static/dist/css/BSA.css HTTP/1.1" 200 20169
INFO basehttp 179 "GET /static/plugins/bootstrap-icons/bootstrap-icons.css HTTP/1.1" 200 88585
INFO basehttp 179 "GET /static/plugins/bootstrap/css/bootstrap.min.css HTTP/1.1" 200 163873
INFO basehttp 179 "GET /static/plugins/bootstrap-icons/fonts/bootstrap-icons.woff2?8d200481aa7f02a2d63a331fc782cfaf HTTP/1.1" 200 112440
INFO basehttp 179 "GET /static/plugins/bootstrap/css/bootstrap.min.css.map HTTP/1.1" 200 451427
INFO basehttp 179 "GET /static/dist/js/BSA.js HTTP/1.1" 200 24803
INFO basehttp 179 "GET /static/plugins/bootstrap/js/bootstrap.bundle.min.js HTTP/1.1" 200 78129
INFO basehttp 179 "GET /static/dist/js/BSA.js.map HTTP/1.1" 200 80969
INFO basehttp 179 "GET /static/plugins/bootstrap/js/bootstrap.bundle.min.js.map HTTP/1.1" 200 331017
INFO basehttp 179 "GET /static/index.html HTTP/1.1" 200 28828
INFO basehttp 179 "GET /static/plugins/bootstrap-icons/bootstrap-icons.css HTTP/1.1" 200 88585
INFO basehttp 179 "GET /static/dist/img/logo-icon.png HTTP/1.1" 200 2065
INFO basehttp 179 "GET /static/dist/css/BSA.css HTTP/1.1" 200 20169
INFO basehttp 179 "GET /static/plugins/bootstrap/css/bootstrap.min.css HTTP/1.1" 200 163873
INFO basehttp 179 "GET /static/dist/js/BSA.js HTTP/1.1" 200 24803
INFO basehttp 179 "GET /static/plugins/bootstrap/js/bootstrap.bundle.min.js HTTP/1.1" 200 78129
INFO basehttp 179 "GET /static/plugins/bootstrap-icons/fonts/bootstrap-icons.woff2?8d200481aa7f02a2d63a331fc782cfaf HTTP/1.1" 200 112440
INFO basehttp 179 "GET /home_page HTTP/1.1" 301 0
INFO basehttp 179 "GET /home_page/ HTTP/1.1" 200 21918
INFO basehttp 179 "GET /static/dist/css/BSA.css HTTP/1.1" 200 20169
INFO basehttp 179 "GET /static/css/bootstrap.min.css HTTP/1.1" 200 194901
INFO basehttp 179 "GET /static/js/axios-0.18.0.js HTTP/1.1" 200 12912
INFO basehttp 179 "GET /static/js/vue.js HTTP/1.1" 200 408232
INFO basehttp 179 "GET /static/dist/js/BSA.js HTTP/1.1" 200 24803
INFO basehttp 179 "GET /static/js/bootstrap.min.js HTTP/1.1" 200 60404
INFO basehttp 179 "GET /static/plugins/bootstrap/js/bootstrap.bundle.min.js HTTP/1.1" 200 78129
INFO basehttp 179 "GET /static/plugins/chart.js/chart.min.js HTTP/1.1" 200 197005
INFO basehttp 179 "GET /static/plugins/bootstrap/css/bootstrap.min.css.map HTTP/1.1" 200 451427
INFO basehttp 179 "GET /static/css/bootstrap.min.css.map HTTP/1.1" 200 522639
INFO basehttp 179 "GET /static/dist/js/BSA.js.map HTTP/1.1" 200 80969
INFO basehttp 179 "GET /static/plugins/bootstrap/js/bootstrap.bundle.min.js.map HTTP/1.1" 200 331017
INFO basehttp 179 "GET /static/js/bootstrap.min.js.map HTTP/1.1" 200 216913
INFO basehttp 179 "GET /static/dist/js/BSA.js.map HTTP/1.1" 200 80969
INFO basehttp 179 "GET /static/plugins/bootstrap/js/bootstrap.bundle.min.js.map HTTP/1.1" 200 331017
INFO basehttp 179 "GET /static/dist/img/favicon-32x32.png HTTP/1.1" 200 513
INFO basehttp 179 "GET /static/index.html HTTP/1.1" 200 28828
INFO basehttp 179 "GET /static/dist/css/BSA.css HTTP/1.1" 200 20169
INFO basehttp 179 "GET /static/plugins/bootstrap-icons/bootstrap-icons.css HTTP/1.1" 200 88585
INFO basehttp 179 "GET /static/plugins/bootstrap/css/bootstrap.min.css HTTP/1.1" 200 163873
INFO basehttp 179 "GET /static/dist/js/BSA.js HTTP/1.1" 200 24803
INFO basehttp 179 "GET /static/dist/img/logo-icon.png HTTP/1.1" 200 2065
INFO basehttp 179 "GET /static/plugins/bootstrap/js/bootstrap.bundle.min.js HTTP/1.1" 200 78129
INFO basehttp 179 "GET /static/plugins/bootstrap-icons/fonts/bootstrap-icons.woff2?8d200481aa7f02a2d63a331fc782cfaf HTTP/1.1" 200 112440
INFO basehttp 179 "GET /home_page HTTP/1.1" 301 0
INFO basehttp 179 "GET /home_page/ HTTP/1.1" 200 21920
INFO basehttp 179 "GET /static/dist/css/BSA.css HTTP/1.1" 200 20169
INFO basehttp 179 "GET /static/css/bootstrap.min.css HTTP/1.1" 200 194901
INFO basehttp 179 "GET /static/js/axios-0.18.0.js HTTP/1.1" 200 12912
INFO basehttp 179 "GET /static/js/vue.js HTTP/1.1" 200 408232
INFO basehttp 179 "GET /static/plugins/bootstrap/js/bootstrap.bundle.min.js HTTP/1.1" 200 78129
INFO basehttp 179 "GET /static/js/bootstrap.min.js HTTP/1.1" 200 60404
INFO basehttp 179 "GET /static/dist/js/BSA.js HTTP/1.1" 200 24803
INFO basehttp 179 "GET /static/plugins/chart.js/chart.min.js HTTP/1.1" 200 197005
INFO basehttp 179 "GET /static/dist/img/favicon-32x32.png HTTP/1.1" 200 513
INFO basehttp 179 "GET /static/plugins/bootstrap/css/bootstrap.min.css.map HTTP/1.1" 200 451427
INFO basehttp 179 "GET /static/css/bootstrap.min.css.map HTTP/1.1" 200 522639
INFO basehttp 179 "GET /static/dist/js/BSA.js.map HTTP/1.1" 200 80969
INFO basehttp 179 "GET /static/plugins/bootstrap/js/bootstrap.bundle.min.js.map HTTP/1.1" 200 331017
INFO basehttp 179 "GET /static/dist/js/BSA.js.map HTTP/1.1" 200 80969
INFO basehttp 179 "GET /static/js/bootstrap.min.js.map HTTP/1.1" 200 216913
INFO basehttp 179 "GET /static/plugins/bootstrap/js/bootstrap.bundle.min.js.map HTTP/1.1" 200 331017
INFO basehttp 179 "GET /static/index.html HTTP/1.1" 200 28828
INFO basehttp 179 "GET /static/plugins/bootstrap-icons/bootstrap-icons.css HTTP/1.1" 200 88585
INFO basehttp 179 "GET /static/plugins/bootstrap/css/bootstrap.min.css HTTP/1.1" 200 163873
INFO basehttp 179 "GET /static/dist/css/BSA.css HTTP/1.1" 200 20169
INFO basehttp 179 "GET /static/dist/img/logo-icon.png HTTP/1.1" 200 2065
INFO basehttp 179 "GET /static/dist/js/BSA.js HTTP/1.1" 200 24803
INFO basehttp 179 "GET /static/plugins/bootstrap/js/bootstrap.bundle.min.js HTTP/1.1" 200 78129
INFO basehttp 179 "GET /static/plugins/bootstrap-icons/fonts/bootstrap-icons.woff2?8d200481aa7f02a2d63a331fc782cfaf HTTP/1.1" 200 112440
INFO basehttp 179 "GET /home_page HTTP/1.1" 301 0
INFO basehttp 179 "GET /home_page/ HTTP/1.1" 200 21918
INFO basehttp 179 "GET /static/dist/css/BSA.css HTTP/1.1" 200 20169
INFO basehttp 179 "GET /static/css/bootstrap.min.css HTTP/1.1" 200 194901
INFO basehttp 179 "GET /static/js/vue.js HTTP/1.1" 200 408232
INFO basehttp 179 "GET /static/js/axios-0.18.0.js HTTP/1.1" 200 12912
INFO basehttp 179 "GET /static/dist/js/BSA.js HTTP/1.1" 200 24803
INFO basehttp 179 "GET /static/js/bootstrap.min.js HTTP/1.1" 200 60404
INFO basehttp 179 "GET /static/plugins/bootstrap/js/bootstrap.bundle.min.js HTTP/1.1" 200 78129
INFO basehttp 179 "GET /static/plugins/chart.js/chart.min.js HTTP/1.1" 200 197005
INFO basehttp 179 "GET /static/dist/img/favicon-32x32.png HTTP/1.1" 200 513
INFO basehttp 179 "GET /static/plugins/bootstrap/css/bootstrap.min.css.map HTTP/1.1" 200 451427
INFO basehttp 179 "GET /static/css/bootstrap.min.css.map HTTP/1.1" 200 522639
INFO basehttp 179 "GET /static/dist/js/BSA.js.map HTTP/1.1" 200 80969
INFO basehttp 179 "GET /static/plugins/bootstrap/js/bootstrap.bundle.min.js.map HTTP/1.1" 200 331017
INFO basehttp 179 "GET /static/js/bootstrap.min.js.map HTTP/1.1" 200 216913
INFO basehttp 179 "GET /static/plugins/bootstrap/js/bootstrap.bundle.min.js.map HTTP/1.1" 200 331017
INFO basehttp 179 "GET /static/dist/js/BSA.js.map HTTP/1.1" 200 80969
INFO basehttp 179 "GET /static/index.html HTTP/1.1" 200 28828
INFO basehttp 179 "GET /static/plugins/bootstrap-icons/bootstrap-icons.css HTTP/1.1" 200 88585
INFO basehttp 179 "GET /static/dist/css/BSA.css HTTP/1.1" 200 20169
INFO basehttp 179 "GET /static/dist/img/logo-icon.png HTTP/1.1" 200 2065
INFO basehttp 179 "GET /static/plugins/bootstrap/css/bootstrap.min.css HTTP/1.1" 200 163873
INFO basehttp 179 "GET /static/plugins/bootstrap/js/bootstrap.bundle.min.js HTTP/1.1" 200 78129
INFO basehttp 179 "GET /static/dist/js/BSA.js HTTP/1.1" 200 24803
INFO basehttp 179 "GET /static/plugins/bootstrap-icons/fonts/bootstrap-icons.woff2?8d200481aa7f02a2d63a331fc782cfaf HTTP/1.1" 200 112440
INFO basehttp 179 "GET /home_page HTTP/1.1" 301 0
INFO basehttp 179 "GET /home_page/ HTTP/1.1" 200 21919
INFO basehttp 179 "GET /static/css/bootstrap.min.css HTTP/1.1" 200 194901
INFO basehttp 179 "GET /static/dist/css/BSA.css HTTP/1.1" 200 20169
INFO basehttp 179 "GET /static/js/axios-0.18.0.js HTTP/1.1" 200 12912
INFO basehttp 179 "GET /static/js/bootstrap.min.js HTTP/1.1" 200 60404
INFO basehttp 179 "GET /static/plugins/chart.js/chart.min.js HTTP/1.1" 200 197005
INFO basehttp 179 "GET /static/js/vue.js HTTP/1.1" 200 408232
INFO basehttp 179 "GET /static/plugins/bootstrap/js/bootstrap.bundle.min.js HTTP/1.1" 200 78129
INFO basehttp 179 "GET /static/dist/js/BSA.js HTTP/1.1" 200 24803
INFO basehttp 179 "GET /static/dist/img/favicon-32x32.png HTTP/1.1" 200 513
INFO basehttp 179 "GET /static/plugins/bootstrap/css/bootstrap.min.css.map HTTP/1.1" 200 451427
INFO basehttp 179 "GET /static/css/bootstrap.min.css.map HTTP/1.1" 200 522639
INFO basehttp 179 "GET /static/dist/js/BSA.js.map HTTP/1.1" 200 80969
INFO basehttp 179 "GET /static/plugins/bootstrap/js/bootstrap.bundle.min.js.map HTTP/1.1" 200 331017
INFO basehttp 179 "GET /static/dist/js/BSA.js.map HTTP/1.1" 200 80969
INFO basehttp 179 "GET /static/js/bootstrap.min.js.map HTTP/1.1" 200 216913
INFO basehttp 179 "GET /static/plugins/bootstrap/js/bootstrap.bundle.min.js.map HTTP/1.1" 200 331017
INFO basehttp 179 "GET /static/index.html HTTP/1.1" 200 28828
INFO basehttp 179 "GET /static/plugins/bootstrap-icons/bootstrap-icons.css HTTP/1.1" 200 88585
INFO basehttp 179 "GET /static/plugins/bootstrap/css/bootstrap.min.css HTTP/1.1" 200 163873
INFO basehttp 179 "GET /static/dist/css/BSA.css HTTP/1.1" 200 20169
INFO basehttp 179 "GET /static/dist/img/logo-icon.png HTTP/1.1" 200 2065
INFO basehttp 179 "GET /static/dist/js/BSA.js HTTP/1.1" 200 24803
INFO basehttp 179 "GET /static/plugins/bootstrap/js/bootstrap.bundle.min.js HTTP/1.1" 200 78129
INFO basehttp 179 "GET /static/plugins/bootstrap-icons/fonts/bootstrap-icons.woff2?8d200481aa7f02a2d63a331fc782cfaf HTTP/1.1" 200 112440
INFO basehttp 179 "GET /home_page HTTP/1.1" 301 0
INFO basehttp 179 "GET /home_page/ HTTP/1.1" 200 21939
INFO basehttp 179 "GET /static/dist/css/BSA.css HTTP/1.1" 200 20169
INFO basehttp 179 "GET /static/css/bootstrap.min.css HTTP/1.1" 200 194901
INFO basehttp 179 "GET /static/js/axios-0.18.0.js HTTP/1.1" 200 12912
INFO basehttp 179 "GET /static/js/bootstrap.min.js HTTP/1.1" 200 60404
INFO basehttp 179 "GET /static/plugins/chart.js/chart.min.js HTTP/1.1" 200 197005
INFO basehttp 179 "GET /static/js/vue.js HTTP/1.1" 200 408232
INFO basehttp 179 "GET /static/dist/js/BSA.js HTTP/1.1" 200 24803
INFO basehttp 179 "GET /static/plugins/bootstrap/js/bootstrap.bundle.min.js HTTP/1.1" 200 78129
INFO basehttp 179 "GET /static/dist/img/favicon-32x32.png HTTP/1.1" 200 513
INFO basehttp 179 "GET /static/plugins/bootstrap/css/bootstrap.min.css.map HTTP/1.1" 200 451427
INFO basehttp 179 "GET /static/css/bootstrap.min.css.map HTTP/1.1" 200 522639
INFO basehttp 179 "GET /static/dist/js/BSA.js.map HTTP/1.1" 200 80969
INFO basehttp 179 "GET /static/plugins/bootstrap/js/bootstrap.bundle.min.js.map HTTP/1.1" 200 331017
INFO basehttp 179 "GET /static/js/bootstrap.min.js.map HTTP/1.1" 200 216913
INFO basehttp 179 "GET /static/dist/js/BSA.js.map HTTP/1.1" 200 80969
INFO basehttp 179 "GET /static/plugins/bootstrap/js/bootstrap.bundle.min.js.map HTTP/1.1" 200 331017
INFO basehttp 179 "GET /static/index.html HTTP/1.1" 200 28828
INFO basehttp 179 "GET /static/plugins/bootstrap-icons/bootstrap-icons.css HTTP/1.1" 200 88585
INFO basehttp 179 "GET /static/plugins/bootstrap/css/bootstrap.min.css HTTP/1.1" 200 163873
INFO basehttp 179 "GET /static/dist/img/logo-icon.png HTTP/1.1" 200 2065
INFO basehttp 179 "GET /static/dist/js/BSA.js HTTP/1.1" 200 24803
INFO basehttp 179 "GET /static/dist/css/BSA.css HTTP/1.1" 200 20169
INFO basehttp 179 "GET /static/plugins/bootstrap/js/bootstrap.bundle.min.js HTTP/1.1" 200 78129
INFO basehttp 179 "GET /static/plugins/bootstrap-icons/fonts/bootstrap-icons.woff2?8d200481aa7f02a2d63a331fc782cfaf HTTP/1.1" 200 112440
INFO basehttp 179 "GET /home_page HTTP/1.1" 301 0
INFO basehttp 179 "GET /home_page/ HTTP/1.1" 200 21941
INFO basehttp 179 "GET /static/dist/css/BSA.css HTTP/1.1" 200 20169
INFO basehttp 179 "GET /static/js/axios-0.18.0.js HTTP/1.1" 200 12912
INFO basehttp 179 "GET /static/js/bootstrap.min.js HTTP/1.1" 200 60404
INFO basehttp 179 "GET /static/plugins/chart.js/chart.min.js HTTP/1.1" 200 197005
INFO basehttp 179 "GET /static/css/bootstrap.min.css HTTP/1.1" 200 194901
INFO basehttp 179 "GET /static/dist/js/BSA.js HTTP/1.1" 200 24803
INFO basehttp 179 "GET /static/plugins/bootstrap/js/bootstrap.bundle.min.js HTTP/1.1" 200 78129
INFO basehttp 179 "GET /static/js/vue.js HTTP/1.1" 200 408232
INFO basehttp 179 "GET /static/dist/img/favicon-32x32.png HTTP/1.1" 200 513
INFO basehttp 179 "GET /static/plugins/bootstrap/css/bootstrap.min.css.map HTTP/1.1" 200 451427
INFO basehttp 179 "GET /static/css/bootstrap.min.css.map HTTP/1.1" 200 522639
INFO basehttp 179 "GET /static/dist/js/BSA.js.map HTTP/1.1" 200 80969
INFO basehttp 179 "GET /static/plugins/bootstrap/js/bootstrap.bundle.min.js.map HTTP/1.1" 200 331017
INFO basehttp 179 "GET /static/js/bootstrap.min.js.map HTTP/1.1" 200 216913
INFO basehttp 179 "GET /static/dist/js/BSA.js.map HTTP/1.1" 200 80969
INFO basehttp 179 "GET /static/plugins/bootstrap/js/bootstrap.bundle.min.js.map HTTP/1.1" 200 331017
INFO basehttp 179 "GET /static/index.html HTTP/1.1" 200 28828
INFO basehttp 179 "GET /static/plugins/bootstrap-icons/bootstrap-icons.css HTTP/1.1" 200 88585
INFO basehttp 179 "GET /static/dist/css/BSA.css HTTP/1.1" 200 20169
INFO basehttp 179 "GET /static/dist/img/logo-icon.png HTTP/1.1" 200 2065
INFO basehttp 179 "GET /static/plugins/bootstrap/css/bootstrap.min.css HTTP/1.1" 200 163873
INFO basehttp 179 "GET /static/dist/js/BSA.js HTTP/1.1" 200 24803
INFO basehttp 179 "GET /static/plugins/bootstrap/js/bootstrap.bundle.min.js HTTP/1.1" 200 78129
INFO basehttp 179 "GET /static/plugins/bootstrap-icons/fonts/bootstrap-icons.woff2?8d200481aa7f02a2d63a331fc782cfaf HTTP/1.1" 200 112440
INFO basehttp 179 "GET /home_page HTTP/1.1" 301 0
INFO basehttp 179 "GET /home_page/ HTTP/1.1" 200 21942
INFO basehttp 179 "GET /static/css/bootstrap.min.css HTTP/1.1" 200 194901
INFO basehttp 179 "GET /static/dist/css/BSA.css HTTP/1.1" 200 20169
INFO basehttp 179 "GET /static/js/axios-0.18.0.js HTTP/1.1" 200 12912
INFO basehttp 179 "GET /static/js/bootstrap.min.js HTTP/1.1" 200 60404
INFO basehttp 179 "GET /static/plugins/chart.js/chart.min.js HTTP/1.1" 200 197005
INFO basehttp 179 "GET /static/js/vue.js HTTP/1.1" 200 408232
INFO basehttp 179 "GET /static/plugins/bootstrap/js/bootstrap.bundle.min.js HTTP/1.1" 200 78129
INFO basehttp 179 "GET /static/dist/js/BSA.js HTTP/1.1" 200 24803
INFO basehttp 179 "GET /static/dist/img/favicon-32x32.png HTTP/1.1" 200 513
INFO basehttp 179 "GET /static/plugins/bootstrap/css/bootstrap.min.css.map HTTP/1.1" 200 451427
INFO basehttp 179 "GET /static/css/bootstrap.min.css.map HTTP/1.1" 200 522639
INFO basehttp 179 "GET /static/dist/js/BSA.js.map HTTP/1.1" 200 80969
INFO basehttp 179 "GET /static/plugins/bootstrap/js/bootstrap.bundle.min.js.map HTTP/1.1" 200 331017
INFO basehttp 179 "GET /static/js/bootstrap.min.js.map HTTP/1.1" 200 216913
INFO basehttp 179 "GET /static/plugins/bootstrap/js/bootstrap.bundle.min.js.map HTTP/1.1" 200 331017
INFO basehttp 179 "GET /static/dist/js/BSA.js.map HTTP/1.1" 200 80969
INFO basehttp 179 "GET /static/index.html HTTP/1.1" 200 28828
INFO basehttp 179 "GET /static/dist/css/BSA.css HTTP/1.1" 200 20169
INFO basehttp 179 "GET /static/plugins/bootstrap-icons/bootstrap-icons.css HTTP/1.1" 200 88585
INFO basehttp 179 "GET /static/plugins/bootstrap/css/bootstrap.min.css HTTP/1.1" 200 163873
INFO basehttp 179 "GET /static/plugins/bootstrap/js/bootstrap.bundle.min.js HTTP/1.1" 200 78129
INFO basehttp 179 "GET /static/dist/img/logo-icon.png HTTP/1.1" 200 2065
INFO basehttp 179 "GET /static/dist/js/BSA.js HTTP/1.1" 200 24803
INFO basehttp 179 "GET /static/plugins/bootstrap-icons/fonts/bootstrap-icons.woff2?8d200481aa7f02a2d63a331fc782cfaf HTTP/1.1" 200 112440
INFO basehttp 179 "GET /home_page HTTP/1.1" 301 0
INFO basehttp 179 "GET /home_page/ HTTP/1.1" 200 21943
INFO basehttp 179 "GET /static/dist/css/BSA.css HTTP/1.1" 200 20169
INFO basehttp 179 "GET /static/css/bootstrap.min.css HTTP/1.1" 200 194901
INFO basehttp 179 "GET /static/js/axios-0.18.0.js HTTP/1.1" 200 12912
INFO basehttp 179 "GET /static/dist/js/BSA.js HTTP/1.1" 200 24803
INFO basehttp 179 "GET /static/plugins/bootstrap/js/bootstrap.bundle.min.js HTTP/1.1" 200 78129
INFO basehttp 179 "GET /static/js/bootstrap.min.js HTTP/1.1" 200 60404
INFO basehttp 179 "GET /static/plugins/chart.js/chart.min.js HTTP/1.1" 200 197005
INFO basehttp 179 "GET /static/js/vue.js HTTP/1.1" 200 408232
INFO basehttp 179 "GET /static/dist/img/favicon-32x32.png HTTP/1.1" 200 513
INFO basehttp 179 "GET /static/plugins/bootstrap/css/bootstrap.min.css.map HTTP/1.1" 200 451427
INFO basehttp 179 "GET /static/css/bootstrap.min.css.map HTTP/1.1" 200 522639
INFO basehttp 179 "GET /static/dist/js/BSA.js.map HTTP/1.1" 200 80969
INFO basehttp 179 "GET /static/dist/js/BSA.js.map HTTP/1.1" 200 80969
INFO basehttp 179 "GET /static/js/bootstrap.min.js.map HTTP/1.1" 200 216913
INFO basehttp 179 "GET /static/plugins/bootstrap/js/bootstrap.bundle.min.js.map HTTP/1.1" 200 331017
INFO basehttp 179 "GET /static/plugins/bootstrap/js/bootstrap.bundle.min.js.map HTTP/1.1" 200 331017
INFO basehttp 179 "GET /static/index.html HTTP/1.1" 200 28828
INFO basehttp 179 "GET /static/plugins/bootstrap-icons/bootstrap-icons.css HTTP/1.1" 200 88585
INFO basehttp 179 "GET /static/plugins/bootstrap/css/bootstrap.min.css HTTP/1.1" 200 163873
INFO basehttp 179 "GET /static/dist/css/BSA.css HTTP/1.1" 200 20169
INFO basehttp 179 "GET /static/dist/img/logo-icon.png HTTP/1.1" 200 2065
INFO basehttp 179 "GET /static/plugins/bootstrap/js/bootstrap.bundle.min.js HTTP/1.1" 200 78129
INFO basehttp 179 "GET /static/dist/js/BSA.js HTTP/1.1" 200 24803
INFO basehttp 179 "GET /static/plugins/bootstrap-icons/fonts/bootstrap-icons.woff2?8d200481aa7f02a2d63a331fc782cfaf HTTP/1.1" 200 112440
INFO basehttp 179 "GET /home_page HTTP/1.1" 301 0
INFO basehttp 179 "GET /home_page/ HTTP/1.1" 200 21943
INFO basehttp 179 "GET /static/dist/css/BSA.css HTTP/1.1" 200 20169
INFO basehttp 179 "GET /static/css/bootstrap.min.css HTTP/1.1" 200 194901
INFO basehttp 179 "GET /static/js/vue.js HTTP/1.1" 200 408232
INFO basehttp 179 "GET /static/js/axios-0.18.0.js HTTP/1.1" 200 12912
INFO basehttp 179 "GET /static/dist/js/BSA.js HTTP/1.1" 200 24803
INFO basehttp 179 "GET /static/js/bootstrap.min.js HTTP/1.1" 200 60404
INFO basehttp 179 "GET /static/plugins/bootstrap/js/bootstrap.bundle.min.js HTTP/1.1" 200 78129
INFO basehttp 179 "GET /static/plugins/chart.js/chart.min.js HTTP/1.1" 200 197005
INFO basehttp 179 "GET /static/plugins/bootstrap/css/bootstrap.min.css.map HTTP/1.1" 200 451427
INFO basehttp 179 "GET /static/css/bootstrap.min.css.map HTTP/1.1" 200 522639
INFO basehttp 179 "GET /static/dist/js/BSA.js.map HTTP/1.1" 200 80969
INFO basehttp 179 "GET /static/dist/js/BSA.js.map HTTP/1.1" 200 80969
INFO basehttp 179 "GET /static/js/bootstrap.min.js.map HTTP/1.1" 200 216913
INFO basehttp 179 "GET /static/plugins/bootstrap/js/bootstrap.bundle.min.js.map HTTP/1.1" 200 331017
INFO basehttp 179 "GET /static/plugins/bootstrap/js/bootstrap.bundle.min.js.map HTTP/1.1" 200 331017
INFO basehttp 179 "GET /static/pages/welcome.html?id=2 HTTP/1.1" 200 20301
INFO basehttp 179 "GET /static/dist/css/BSA.css HTTP/1.1" 200 20169
INFO basehttp 179 "GET /static/plugins/bootstrap-icons/bootstrap-icons.css HTTP/1.1" 200 88585
INFO basehttp 179 "GET /static/plugins/bootstrap/css/bootstrap.min.css HTTP/1.1" 200 163873
INFO basehttp 179 "GET /static/plugins/bootstrap-icons/fonts/bootstrap-icons.woff2?8d200481aa7f02a2d63a331fc782cfaf HTTP/1.1" 200 112440
INFO basehttp 179 "GET /static/plugins/bootstrap/css/bootstrap.min.css.map HTTP/1.1" 200 451427
INFO basehttp 179 "GET /static/plugins/bootstrap/js/bootstrap.bundle.min.js HTTP/1.1" 200 78129
INFO basehttp 179 "GET /static/dist/js/BSA.js HTTP/1.1" 200 24803
INFO basehttp 179 "GET /static/plugins/chart.js/chart.min.js HTTP/1.1" 200 197005
INFO basehttp 179 "GET /static/plugins/bootstrap/js/bootstrap.bundle.min.js.map HTTP/1.1" 200 331017
INFO basehttp 179 "GET /static/dist/js/BSA.js.map HTTP/1.1" 200 80969
INFO autoreload 257 C:\env\Anaconda3\envs\django4\Lib\site-packages\django\apps\registry.py changed, reloading.
INFO autoreload 677 Watching for file changes with StatReloader
INFO basehttp 187 "GET /static/index.html HTTP/1.1" 200 28828
INFO basehttp 187 "GET /static/plugins/bootstrap-icons/bootstrap-icons.css HTTP/1.1" 200 88585
INFO basehttp 187 "GET /static/dist/css/BSA.css HTTP/1.1" 200 20169
INFO basehttp 187 "GET /static/plugins/bootstrap/css/bootstrap.min.css HTTP/1.1" 200 163873
INFO basehttp 187 "GET /static/dist/img/logo-icon.png HTTP/1.1" 200 2065
INFO basehttp 187 "GET /static/plugins/bootstrap/js/bootstrap.bundle.min.js HTTP/1.1" 200 78129
INFO basehttp 187 "GET /static/dist/js/BSA.js HTTP/1.1" 200 24803
INFO basehttp 187 "GET /static/plugins/bootstrap-icons/fonts/bootstrap-icons.woff2?8d200481aa7f02a2d63a331fc782cfaf HTTP/1.1" 200 112440
INFO basehttp 187 "GET /home_page HTTP/1.1" 301 0
INFO basehttp 187 "GET /home_page/ HTTP/1.1" 200 22094
INFO basehttp 187 "GET /static/dist/css/BSA.css HTTP/1.1" 200 20169
INFO basehttp 187 "GET /static/css/bootstrap.min.css HTTP/1.1" 200 194901
INFO basehttp 187 "GET /static/js/axios-0.18.0.js HTTP/1.1" 200 12912
INFO basehttp 187 "GET /static/dist/js/BSA.js HTTP/1.1" 200 24803
INFO basehttp 187 "GET /static/js/bootstrap.min.js HTTP/1.1" 200 60404
INFO basehttp 187 "GET /static/plugins/bootstrap/js/bootstrap.bundle.min.js HTTP/1.1" 200 78129
INFO basehttp 187 "GET /static/plugins/chart.js/chart.min.js HTTP/1.1" 200 197005
INFO basehttp 187 "GET /static/js/vue.js HTTP/1.1" 200 408232
INFO basehttp 187 "GET /static/dist/img/favicon-32x32.png HTTP/1.1" 200 513
INFO basehttp 187 "GET /static/plugins/bootstrap/css/bootstrap.min.css.map HTTP/1.1" 200 451427
INFO basehttp 187 "GET /static/css/bootstrap.min.css.map HTTP/1.1" 200 522639
INFO basehttp 187 "GET /static/dist/js/BSA.js.map HTTP/1.1" 200 80969
INFO basehttp 187 "GET /static/plugins/bootstrap/js/bootstrap.bundle.min.js.map HTTP/1.1" 200 331017
INFO basehttp 187 "GET /static/js/bootstrap.min.js.map HTTP/1.1" 200 216913
INFO basehttp 187 "GET /static/dist/js/BSA.js.map HTTP/1.1" 200 80969
INFO basehttp 187 "GET /static/plugins/bootstrap/js/bootstrap.bundle.min.js.map HTTP/1.1" 200 331017
INFO basehttp 187 "GET /static/index.html HTTP/1.1" 200 28828
INFO basehttp 187 "GET /static/plugins/bootstrap-icons/bootstrap-icons.css HTTP/1.1" 200 88585
INFO basehttp 187 "GET /static/plugins/bootstrap/css/bootstrap.min.css HTTP/1.1" 200 163873
INFO basehttp 187 "GET /static/dist/img/logo-icon.png HTTP/1.1" 200 2065
INFO basehttp 187 "GET /static/dist/css/BSA.css HTTP/1.1" 200 20169
INFO basehttp 187 "GET /static/dist/js/BSA.js HTTP/1.1" 200 24803
INFO basehttp 187 "GET /static/plugins/bootstrap/js/bootstrap.bundle.min.js HTTP/1.1" 200 78129
INFO basehttp 187 "GET /static/plugins/bootstrap-icons/fonts/bootstrap-icons.woff2?8d200481aa7f02a2d63a331fc782cfaf HTTP/1.1" 200 112440
INFO basehttp 187 "GET /home_page HTTP/1.1" 301 0
INFO basehttp 187 "GET /home_page/ HTTP/1.1" 200 22143
INFO basehttp 187 "GET /static/css/bootstrap.min.css HTTP/1.1" 200 194901
INFO basehttp 187 "GET /static/dist/css/BSA.css HTTP/1.1" 200 20169
INFO basehttp 187 "GET /static/js/axios-0.18.0.js HTTP/1.1" 200 12912
INFO basehttp 187 "GET /static/dist/js/BSA.js HTTP/1.1" 200 24803
INFO basehttp 187 "GET /static/js/bootstrap.min.js HTTP/1.1" 200 60404
INFO basehttp 187 "GET /static/plugins/bootstrap/js/bootstrap.bundle.min.js HTTP/1.1" 200 78129
INFO basehttp 187 "GET /static/plugins/chart.js/chart.min.js HTTP/1.1" 200 197005
INFO basehttp 187 "GET /static/js/vue.js HTTP/1.1" 200 408232
INFO basehttp 187 "GET /static/dist/img/favicon-32x32.png HTTP/1.1" 200 513
INFO basehttp 187 "GET /static/plugins/bootstrap/css/bootstrap.min.css.map HTTP/1.1" 200 451427
INFO basehttp 187 "GET /static/css/bootstrap.min.css.map HTTP/1.1" 200 522639
INFO basehttp 187 "GET /static/dist/js/BSA.js.map HTTP/1.1" 200 80969
INFO basehttp 187 "GET /static/plugins/bootstrap/js/bootstrap.bundle.min.js.map HTTP/1.1" 200 331017
INFO basehttp 187 "GET /static/dist/js/BSA.js.map HTTP/1.1" 200 80969
INFO basehttp 187 "GET /static/js/bootstrap.min.js.map HTTP/1.1" 200 216913
INFO basehttp 187 "GET /static/plugins/bootstrap/js/bootstrap.bundle.min.js.map HTTP/1.1" 200 331017
INFO basehttp 187 "GET /static/index.html HTTP/1.1" 200 28828
INFO basehttp 187 "GET /static/plugins/bootstrap-icons/bootstrap-icons.css HTTP/1.1" 200 88585
INFO basehttp 187 "GET /static/dist/css/BSA.css HTTP/1.1" 200 20169
INFO basehttp 187 "GET /static/plugins/bootstrap/css/bootstrap.min.css HTTP/1.1" 200 163873
INFO basehttp 187 "GET /static/dist/img/logo-icon.png HTTP/1.1" 200 2065
INFO basehttp 187 "GET /static/dist/js/BSA.js HTTP/1.1" 200 24803
INFO basehttp 187 "GET /static/plugins/bootstrap/js/bootstrap.bundle.min.js HTTP/1.1" 200 78129
INFO basehttp 187 "GET /static/plugins/bootstrap-icons/fonts/bootstrap-icons.woff2?8d200481aa7f02a2d63a331fc782cfaf HTTP/1.1" 200 112440
INFO basehttp 187 "GET /home_page HTTP/1.1" 301 0
INFO basehttp 187 "GET /home_page/ HTTP/1.1" 200 22159
INFO basehttp 187 "GET /static/css/bootstrap.min.css HTTP/1.1" 200 194901
INFO basehttp 187 "GET /static/dist/css/BSA.css HTTP/1.1" 200 20169
INFO basehttp 187 "GET /static/js/axios-0.18.0.js HTTP/1.1" 200 12912
INFO basehttp 187 "GET /static/js/vue.js HTTP/1.1" 200 408232
INFO basehttp 187 "GET /static/js/bootstrap.min.js HTTP/1.1" 200 60404
INFO basehttp 187 "GET /static/plugins/bootstrap/js/bootstrap.bundle.min.js HTTP/1.1" 200 78129
INFO basehttp 187 "GET /static/plugins/chart.js/chart.min.js HTTP/1.1" 200 197005
INFO basehttp 187 "GET /static/dist/js/BSA.js HTTP/1.1" 200 24803
INFO basehttp 187 "GET /static/dist/img/favicon-32x32.png HTTP/1.1" 200 513
INFO basehttp 187 "GET /static/plugins/bootstrap/css/bootstrap.min.css.map HTTP/1.1" 200 451427
INFO basehttp 187 "GET /static/css/bootstrap.min.css.map HTTP/1.1" 200 522639
INFO basehttp 187 "GET /static/plugins/bootstrap/js/bootstrap.bundle.min.js.map HTTP/1.1" 200 331017
INFO basehttp 187 "GET /static/dist/js/BSA.js.map HTTP/1.1" 200 80969
INFO basehttp 187 "GET /static/js/bootstrap.min.js.map HTTP/1.1" 200 216913
INFO basehttp 187 "GET /static/dist/js/BSA.js.map HTTP/1.1" 200 80969
INFO basehttp 187 "GET /static/plugins/bootstrap/js/bootstrap.bundle.min.js.map HTTP/1.1" 200 331017
INFO autoreload 266 B:\02_Important\Python\0a_project\zol_phone\apps\crawler\models.py changed, reloading.
INFO autoreload 677 Watching for file changes with StatReloader
INFO autoreload 266 B:\02_Important\Python\0a_project\zol_phone\apps\crawler\models.py changed, reloading.
INFO autoreload 677 Watching for file changes with StatReloader
INFO autoreload 266 B:\02_Important\Python\0a_project\zol_phone\apps\crawler\models.py changed, reloading.
INFO autoreload 677 Watching for file changes with StatReloader
INFO autoreload 266 B:\02_Important\Python\0a_project\zol_phone\apps\crawler\models.py changed, reloading.
INFO autoreload 677 Watching for file changes with StatReloader
INFO autoreload 266 B:\02_Important\Python\0a_project\zol_phone\apps\crawler\models.py changed, reloading.
INFO autoreload 677 Watching for file changes with StatReloader
INFO autoreload 266 B:\02_Important\Python\0a_project\zol_phone\apps\crawler\models.py changed, reloading.
INFO autoreload 677 Watching for file changes with StatReloader
INFO autoreload 266 B:\02_Important\Python\0a_project\zol_phone\apps\crawler\models.py changed, reloading.
INFO autoreload 677 Watching for file changes with StatReloader
INFO autoreload 266 B:\02_Important\Python\0a_project\zol_phone\apps\crawler\models.py changed, reloading.
INFO autoreload 677 Watching for file changes with StatReloader
INFO autoreload 266 B:\02_Important\Python\0a_project\zol_phone\apps\crawler\models.py changed, reloading.
INFO autoreload 677 Watching for file changes with StatReloader
INFO autoreload 266 B:\02_Important\Python\0a_project\zol_phone\apps\crawler\models.py changed, reloading.
INFO autoreload 677 Watching for file changes with StatReloader
INFO autoreload 266 B:\02_Important\Python\0a_project\zol_phone\apps\crawler\models.py changed, reloading.
INFO autoreload 677 Watching for file changes with StatReloader
INFO autoreload 266 B:\02_Important\Python\0a_project\zol_phone\apps\crawler\models.py changed, reloading.
INFO autoreload 677 Watching for file changes with StatReloader
INFO autoreload 266 B:\02_Important\Python\0a_project\zol_phone\apps\crawler\models.py changed, reloading.
INFO autoreload 677 Watching for file changes with StatReloader
INFO autoreload 266 B:\02_Important\Python\0a_project\zol_phone\apps\crawler\models.py changed, reloading.
INFO autoreload 677 Watching for file changes with StatReloader
INFO autoreload 266 B:\02_Important\Python\0a_project\zol_phone\apps\crawler\models.py changed, reloading.
INFO autoreload 677 Watching for file changes with StatReloader
INFO autoreload 266 B:\02_Important\Python\0a_project\zol_phone\apps\crawler\models.py changed, reloading.
INFO autoreload 677 Watching for file changes with StatReloader
INFO autoreload 266 B:\02_Important\Python\0a_project\zol_phone\apps\crawler\migrations\0001_initial.py changed, reloading.
INFO autoreload 677 Watching for file changes with StatReloader
INFO autoreload 266 B:\02_Important\Python\0a_project\zol_phone\apps\crawler\migrations\0001_initial.py changed, reloading.
INFO autoreload 677 Watching for file changes with StatReloader
INFO autoreload 266 B:\02_Important\Python\0a_project\zol_phone\apps\crawler\models.py changed, reloading.
INFO autoreload 677 Watching for file changes with StatReloader
INFO autoreload 266 B:\02_Important\Python\0a_project\zol_phone\apps\crawler\migrations\0001_initial.py changed, reloading.
INFO autoreload 677 Watching for file changes with StatReloader
INFO autoreload 266 B:\02_Important\Python\0a_project\zol_phone\apps\crawler\models.py changed, reloading.
