INFO autoreload 677 Watching for file changes with StatReloader
INFO autoreload 266 B:\02_Important\Python\0a_project\zol_phone\apps\crawler\models.py changed, reloading.
INFO autoreload 677 Watching for file changes with StatReloader
INFO autoreload 266 B:\02_Important\Python\0a_project\zol_phone\apps\crawler\models.py changed, reloading.
INFO autoreload 677 Watching for file changes with StatReloader
INFO basehttp 187 "GET /static/index.html HTTP/1.1" 200 28828
INFO basehttp 187 "GET /static/plugins/bootstrap-icons/bootstrap-icons.css HTTP/1.1" 200 88585
INFO basehttp 187 "GET /static/plugins/bootstrap/css/bootstrap.min.css HTTP/1.1" 200 163873
INFO basehttp 187 "GET /static/dist/css/BSA.css HTTP/1.1" 200 20169
INFO basehttp 187 "GET /static/dist/img/logo-icon.png HTTP/1.1" 200 2065
INFO basehttp 187 "GET /static/plugins/bootstrap-icons/fonts/bootstrap-icons.woff2?8d200481aa7f02a2d63a331fc782cfaf HTTP/1.1" 200 112440
INFO basehttp 187 "GET /static/dist/js/BSA.js HTTP/1.1" 200 24803
INFO basehttp 187 "GET /static/plugins/bootstrap/js/bootstrap.bundle.min.js HTTP/1.1" 200 78129
INFO basehttp 187 "GET /home_page HTTP/1.1" 301 0
INFO basehttp 187 "GET /home_page/ HTTP/1.1" 200 22161
INFO basehttp 187 "GET /static/css/bootstrap.min.css HTTP/1.1" 200 194901
INFO basehttp 187 "GET /static/dist/css/BSA.css HTTP/1.1" 200 20169
INFO basehttp 187 "GET /static/js/axios-0.18.0.js HTTP/1.1" 200 12912
INFO basehttp 187 "GET /static/js/bootstrap.min.js HTTP/1.1" 200 60404
INFO basehttp 187 "GET /static/plugins/bootstrap/js/bootstrap.bundle.min.js HTTP/1.1" 200 78129
INFO basehttp 187 "GET /static/dist/js/BSA.js HTTP/1.1" 200 24803
INFO basehttp 187 "GET /static/plugins/chart.js/chart.min.js HTTP/1.1" 200 197005
INFO basehttp 187 "GET /static/js/vue.js HTTP/1.1" 200 408232
INFO basehttp 187 "GET /static/dist/img/favicon-32x32.png HTTP/1.1" 200 513
INFO basehttp 187 "GET /static/plugins/bootstrap/css/bootstrap.min.css.map HTTP/1.1" 200 451427
INFO basehttp 187 "GET /static/css/bootstrap.min.css.map HTTP/1.1" 200 522639
INFO basehttp 187 "GET /static/dist/js/BSA.js.map HTTP/1.1" 200 80969
INFO basehttp 187 "GET /static/plugins/bootstrap/js/bootstrap.bundle.min.js.map HTTP/1.1" 200 331017
INFO basehttp 187 "GET /static/js/bootstrap.min.js.map HTTP/1.1" 200 216913
INFO basehttp 187 "GET /static/plugins/bootstrap/js/bootstrap.bundle.min.js.map HTTP/1.1" 200 331017
INFO basehttp 187 "GET /static/dist/js/BSA.js.map HTTP/1.1" 200 80969
INFO autoreload 266 B:\02_Important\Python\0a_project\zol_phone\apps\crawler\utils.py changed, reloading.
INFO autoreload 677 Watching for file changes with StatReloader
INFO autoreload 266 B:\02_Important\Python\0a_project\zol_phone\apps\crawler\models.py changed, reloading.
INFO autoreload 677 Watching for file changes with StatReloader
INFO autoreload 266 B:\02_Important\Python\0a_project\zol_phone\apps\crawler\models.py changed, reloading.
INFO autoreload 677 Watching for file changes with StatReloader
INFO autoreload 266 B:\02_Important\Python\0a_project\zol_phone\apps\crawler\models.py changed, reloading.
INFO autoreload 677 Watching for file changes with StatReloader
INFO autoreload 266 B:\02_Important\Python\0a_project\zol_phone\apps\crawler\models.py changed, reloading.
INFO autoreload 677 Watching for file changes with StatReloader
INFO autoreload 266 B:\02_Important\Python\0a_project\zol_phone\apps\crawler\models.py changed, reloading.
INFO autoreload 677 Watching for file changes with StatReloader
INFO autoreload 266 B:\02_Important\Python\0a_project\zol_phone\apps\crawler\models.py changed, reloading.
INFO autoreload 677 Watching for file changes with StatReloader
INFO autoreload 266 B:\02_Important\Python\0a_project\zol_phone\apps\crawler\models.py changed, reloading.
INFO autoreload 677 Watching for file changes with StatReloader
INFO autoreload 266 B:\02_Important\Python\0a_project\zol_phone\apps\crawler\models.py changed, reloading.
INFO autoreload 677 Watching for file changes with StatReloader
INFO autoreload 266 B:\02_Important\Python\0a_project\zol_phone\apps\crawler\models.py changed, reloading.
INFO autoreload 677 Watching for file changes with StatReloader
INFO autoreload 266 B:\02_Important\Python\0a_project\zol_phone\apps\crawler\models.py changed, reloading.
INFO autoreload 677 Watching for file changes with StatReloader
INFO autoreload 266 B:\02_Important\Python\0a_project\zol_phone\apps\crawler\models.py changed, reloading.
INFO autoreload 677 Watching for file changes with StatReloader
INFO autoreload 266 B:\02_Important\Python\0a_project\zol_phone\apps\crawler\models.py changed, reloading.
INFO autoreload 677 Watching for file changes with StatReloader
INFO autoreload 266 B:\02_Important\Python\0a_project\zol_phone\apps\crawler\models.py changed, reloading.
INFO autoreload 677 Watching for file changes with StatReloader
INFO autoreload 266 B:\02_Important\Python\0a_project\zol_phone\apps\crawler\models.py changed, reloading.
INFO autoreload 677 Watching for file changes with StatReloader
INFO autoreload 266 B:\02_Important\Python\0a_project\zol_phone\apps\crawler\models.py changed, reloading.
INFO autoreload 677 Watching for file changes with StatReloader
INFO autoreload 266 B:\02_Important\Python\0a_project\zol_phone\apps\crawler\models.py changed, reloading.
INFO autoreload 677 Watching for file changes with StatReloader
INFO autoreload 266 B:\02_Important\Python\0a_project\zol_phone\apps\crawler\models.py changed, reloading.
INFO autoreload 677 Watching for file changes with StatReloader
INFO autoreload 266 B:\02_Important\Python\0a_project\zol_phone\apps\crawler\models.py changed, reloading.
INFO autoreload 677 Watching for file changes with StatReloader
INFO autoreload 266 B:\02_Important\Python\0a_project\zol_phone\apps\crawler\models.py changed, reloading.
INFO autoreload 677 Watching for file changes with StatReloader
INFO autoreload 266 B:\02_Important\Python\0a_project\zol_phone\apps\crawler\models.py changed, reloading.
INFO autoreload 677 Watching for file changes with StatReloader
INFO autoreload 266 B:\02_Important\Python\0a_project\zol_phone\apps\crawler\models.py changed, reloading.
INFO autoreload 677 Watching for file changes with StatReloader
INFO autoreload 266 B:\02_Important\Python\0a_project\zol_phone\apps\crawler\models.py changed, reloading.
INFO autoreload 677 Watching for file changes with StatReloader
INFO autoreload 266 B:\02_Important\Python\0a_project\zol_phone\apps\crawler\models.py changed, reloading.
INFO autoreload 677 Watching for file changes with StatReloader
INFO autoreload 266 B:\02_Important\Python\0a_project\zol_phone\apps\crawler\models.py changed, reloading.
INFO autoreload 677 Watching for file changes with StatReloader
INFO autoreload 266 B:\02_Important\Python\0a_project\zol_phone\apps\crawler\models.py changed, reloading.
INFO autoreload 677 Watching for file changes with StatReloader
INFO autoreload 266 B:\02_Important\Python\0a_project\zol_phone\apps\crawler\models.py changed, reloading.
INFO autoreload 677 Watching for file changes with StatReloader
INFO autoreload 266 B:\02_Important\Python\0a_project\zol_phone\apps\crawler\models.py changed, reloading.
INFO autoreload 677 Watching for file changes with StatReloader
INFO autoreload 266 B:\02_Important\Python\0a_project\zol_phone\apps\crawler\models.py changed, reloading.
INFO autoreload 677 Watching for file changes with StatReloader
INFO autoreload 266 B:\02_Important\Python\0a_project\zol_phone\apps\crawler\models.py changed, reloading.
INFO autoreload 677 Watching for file changes with StatReloader
INFO autoreload 266 B:\02_Important\Python\0a_project\zol_phone\apps\crawler\models.py changed, reloading.
INFO autoreload 677 Watching for file changes with StatReloader
INFO autoreload 266 B:\02_Important\Python\0a_project\zol_phone\apps\crawler\models.py changed, reloading.
INFO autoreload 677 Watching for file changes with StatReloader
INFO autoreload 266 B:\02_Important\Python\0a_project\zol_phone\apps\crawler\models.py changed, reloading.
INFO autoreload 677 Watching for file changes with StatReloader
INFO autoreload 266 B:\02_Important\Python\0a_project\zol_phone\apps\crawler\models.py changed, reloading.
INFO autoreload 677 Watching for file changes with StatReloader
INFO autoreload 266 B:\02_Important\Python\0a_project\zol_phone\apps\crawler\models.py changed, reloading.
INFO autoreload 677 Watching for file changes with StatReloader
INFO autoreload 266 B:\02_Important\Python\0a_project\zol_phone\apps\crawler\models.py changed, reloading.
INFO autoreload 677 Watching for file changes with StatReloader
INFO autoreload 266 B:\02_Important\Python\0a_project\zol_phone\apps\crawler\models.py changed, reloading.
INFO autoreload 677 Watching for file changes with StatReloader
INFO autoreload 266 B:\02_Important\Python\0a_project\zol_phone\apps\crawler\models.py changed, reloading.
INFO autoreload 677 Watching for file changes with StatReloader
INFO basehttp 187 "GET /static/index.html HTTP/1.1" 200 28828
INFO basehttp 187 "GET /static/plugins/bootstrap-icons/bootstrap-icons.css HTTP/1.1" 200 88585
INFO basehttp 187 "GET /static/dist/css/BSA.css HTTP/1.1" 200 20169
INFO basehttp 187 "GET /static/plugins/bootstrap/css/bootstrap.min.css HTTP/1.1" 200 163873
INFO basehttp 187 "GET /static/dist/img/logo-icon.png HTTP/1.1" 200 2065
INFO basehttp 187 "GET /static/plugins/bootstrap-icons/fonts/bootstrap-icons.woff2?8d200481aa7f02a2d63a331fc782cfaf HTTP/1.1" 200 112440
INFO basehttp 187 "GET /static/plugins/bootstrap/js/bootstrap.bundle.min.js HTTP/1.1" 200 78129
INFO basehttp 187 "GET /static/dist/js/BSA.js HTTP/1.1" 200 24803
INFO basehttp 187 "GET /home_page HTTP/1.1" 301 0
INFO basehttp 187 "GET /home_page/ HTTP/1.1" 200 22161
INFO basehttp 187 "GET /static/css/bootstrap.min.css HTTP/1.1" 200 194901
INFO basehttp 187 "GET /static/dist/css/BSA.css HTTP/1.1" 200 20169
INFO basehttp 187 "GET /static/js/axios-0.18.0.js HTTP/1.1" 200 12912
INFO basehttp 187 "GET /static/js/bootstrap.min.js HTTP/1.1" 200 60404
INFO basehttp 187 "GET /static/plugins/chart.js/chart.min.js HTTP/1.1" 200 197005
INFO basehttp 187 "GET /static/js/vue.js HTTP/1.1" 200 408232
INFO basehttp 187 "GET /static/plugins/bootstrap/js/bootstrap.bundle.min.js HTTP/1.1" 200 78129
INFO basehttp 187 "GET /static/dist/js/BSA.js HTTP/1.1" 200 24803
INFO basehttp 187 "GET /static/dist/img/favicon-32x32.png HTTP/1.1" 200 513
INFO basehttp 187 "GET /static/plugins/bootstrap/css/bootstrap.min.css.map HTTP/1.1" 200 451427
INFO basehttp 187 "GET /static/css/bootstrap.min.css.map HTTP/1.1" 200 522639
INFO basehttp 187 "GET /static/dist/js/BSA.js.map HTTP/1.1" 200 80969
INFO basehttp 187 "GET /static/plugins/bootstrap/js/bootstrap.bundle.min.js.map HTTP/1.1" 200 331017
INFO basehttp 187 "GET /static/dist/js/BSA.js.map HTTP/1.1" 200 80969
INFO basehttp 187 "GET /static/js/bootstrap.min.js.map HTTP/1.1" 200 216913
INFO basehttp 187 "GET /static/plugins/bootstrap/js/bootstrap.bundle.min.js.map HTTP/1.1" 200 331017
INFO autoreload 266 B:\02_Important\Python\0a_project\zol_phone\apps\control\views.py changed, reloading.
INFO autoreload 677 Watching for file changes with StatReloader
INFO autoreload 266 B:\02_Important\Python\0a_project\zol_phone\apps\control\views.py changed, reloading.
INFO autoreload 677 Watching for file changes with StatReloader
INFO autoreload 266 B:\02_Important\Python\0a_project\zol_phone\apps\control\views.py changed, reloading.
INFO autoreload 677 Watching for file changes with StatReloader
INFO autoreload 266 B:\02_Important\Python\0a_project\zol_phone\apps\control\views.py changed, reloading.
INFO autoreload 677 Watching for file changes with StatReloader
INFO basehttp 187 "GET /static/index.html HTTP/1.1" 200 28828
INFO basehttp 187 "GET /static/plugins/bootstrap-icons/bootstrap-icons.css HTTP/1.1" 200 88585
INFO basehttp 187 "GET /static/plugins/bootstrap/css/bootstrap.min.css HTTP/1.1" 200 163873
INFO basehttp 187 "GET /static/dist/css/BSA.css HTTP/1.1" 200 20169
INFO basehttp 187 "GET /static/plugins/bootstrap/js/bootstrap.bundle.min.js HTTP/1.1" 200 78129
INFO basehttp 187 "GET /static/dist/img/logo-icon.png HTTP/1.1" 200 2065
INFO basehttp 187 "GET /static/dist/js/BSA.js HTTP/1.1" 200 24803
INFO basehttp 187 "GET /static/plugins/bootstrap-icons/fonts/bootstrap-icons.woff2?8d200481aa7f02a2d63a331fc782cfaf HTTP/1.1" 200 112440
INFO basehttp 187 "GET /home_page HTTP/1.1" 301 0
INFO basehttp 187 "GET /home_page/ HTTP/1.1" 200 22162
INFO basehttp 187 "GET /static/dist/css/BSA.css HTTP/1.1" 200 20169
INFO basehttp 187 "GET /static/css/bootstrap.min.css HTTP/1.1" 200 194901
INFO basehttp 187 "GET /static/js/axios-0.18.0.js HTTP/1.1" 200 12912
INFO basehttp 187 "GET /static/plugins/chart.js/chart.min.js HTTP/1.1" 200 197005
INFO basehttp 187 "GET /static/js/vue.js HTTP/1.1" 200 408232
INFO basehttp 187 "GET /static/js/bootstrap.min.js HTTP/1.1" 200 60404
INFO basehttp 187 "GET /static/plugins/bootstrap/js/bootstrap.bundle.min.js HTTP/1.1" 200 78129
INFO basehttp 187 "GET /static/dist/js/BSA.js HTTP/1.1" 200 24803
INFO basehttp 187 "GET /static/dist/img/favicon-32x32.png HTTP/1.1" 200 513
INFO basehttp 187 "GET /static/plugins/bootstrap/css/bootstrap.min.css.map HTTP/1.1" 200 451427
INFO basehttp 187 "GET /static/css/bootstrap.min.css.map HTTP/1.1" 200 522639
INFO basehttp 187 "GET /static/dist/js/BSA.js.map HTTP/1.1" 200 80969
INFO basehttp 187 "GET /static/plugins/bootstrap/js/bootstrap.bundle.min.js.map HTTP/1.1" 200 331017
INFO basehttp 187 "GET /static/dist/js/BSA.js.map HTTP/1.1" 200 80969
INFO basehttp 187 "GET /static/js/bootstrap.min.js.map HTTP/1.1" 200 216913
INFO basehttp 187 "GET /static/plugins/bootstrap/js/bootstrap.bundle.min.js.map HTTP/1.1" 200 331017
INFO basehttp 187 "GET /static/pages/page-list.html HTTP/1.1" 200 6782
INFO basehttp 187 "GET /static/plugins/bootstrap-icons/bootstrap-icons.css HTTP/1.1" 200 88585
INFO basehttp 187 "GET /static/dist/css/BSA.css HTTP/1.1" 200 20169
INFO basehttp 187 "GET /static/plugins/bootstrap/css/bootstrap.min.css HTTP/1.1" 200 163873
INFO basehttp 187 "GET /static/plugins/bootstrap-icons/fonts/bootstrap-icons.woff2?8d200481aa7f02a2d63a331fc782cfaf HTTP/1.1" 200 112440
INFO basehttp 187 "GET /static/dist/js/BSA.js HTTP/1.1" 200 24803
INFO basehttp 187 "GET /static/plugins/bootstrap/js/bootstrap.bundle.min.js HTTP/1.1" 200 78129
INFO basehttp 187 "GET /static/plugins/bootstrap/css/bootstrap.min.css.map HTTP/1.1" 200 451427
INFO basehttp 187 "GET /static/dist/js/BSA.js.map HTTP/1.1" 200 80969
INFO basehttp 187 "GET /static/plugins/bootstrap/js/bootstrap.bundle.min.js.map HTTP/1.1" 200 331017
INFO basehttp 187 "GET /static/pages/page-pricing.html HTTP/1.1" 200 19247
INFO basehttp 187 "GET /static/dist/css/BSA.css HTTP/1.1" 200 20169
INFO basehttp 187 "GET /static/plugins/bootstrap-icons/bootstrap-icons.css HTTP/1.1" 200 88585
INFO basehttp 187 "GET /static/plugins/bootstrap/css/bootstrap.min.css HTTP/1.1" 200 163873
INFO basehttp 187 "GET /static/plugins/bootstrap-icons/fonts/bootstrap-icons.woff2?8d200481aa7f02a2d63a331fc782cfaf HTTP/1.1" 200 112440
INFO basehttp 187 "GET /static/plugins/bootstrap/css/bootstrap.min.css.map HTTP/1.1" 200 451427
INFO basehttp 187 "GET /static/dist/js/BSA.js HTTP/1.1" 200 24803
INFO basehttp 187 "GET /static/plugins/bootstrap/js/bootstrap.bundle.min.js HTTP/1.1" 200 78129
INFO basehttp 187 "GET /static/dist/js/BSA.js.map HTTP/1.1" 200 80969
INFO basehttp 187 "GET /static/plugins/bootstrap/js/bootstrap.bundle.min.js.map HTTP/1.1" 200 331017
INFO basehttp 187 "GET /static/pages/page-products-details.html HTTP/1.1" 200 9125
INFO basehttp 187 "GET /static/dist/css/BSA.css HTTP/1.1" 200 20169
INFO basehttp 187 "GET /static/plugins/bootstrap-icons/bootstrap-icons.css HTTP/1.1" 200 88585
INFO basehttp 187 "GET /static/plugins/bootstrap/css/bootstrap.min.css HTTP/1.1" 200 163873
INFO basehttp 187 "GET /static/plugins/bootstrap/css/bootstrap.min.css.map HTTP/1.1" 200 451427
INFO basehttp 187 "GET /static/dist/js/BSA.js HTTP/1.1" 200 24803
INFO basehttp 187 "GET /static/plugins/bootstrap/js/bootstrap.bundle.min.js HTTP/1.1" 200 78129
INFO basehttp 187 "GET /static/plugins/bootstrap-icons/fonts/bootstrap-icons.woff2?8d200481aa7f02a2d63a331fc782cfaf HTTP/1.1" 200 112440
INFO basehttp 187 "GET /static/dist/js/BSA.js.map HTTP/1.1" 200 80969
INFO basehttp 187 "GET /static/plugins/bootstrap/js/bootstrap.bundle.min.js.map HTTP/1.1" 200 331017
INFO basehttp 187 "GET /static/pages/plugin-ztree.html HTTP/1.1" 200 4528
INFO basehttp 187 "GET /static/dist/css/BSA.css HTTP/1.1" 200 20169
INFO basehttp 187 "GET /static/plugins/ztree_v3/css/zTreeStyle-bsaex.css HTTP/1.1" 200 268
INFO basehttp 187 "GET /static/plugins/ztree_v3/css/zTreeStyle/zTreeStyle.css HTTP/1.1" 200 6223
INFO basehttp 187 "GET /static/plugins/bootstrap-icons/bootstrap-icons.css HTTP/1.1" 200 88585
INFO basehttp 187 "GET /static/plugins/bootstrap/css/bootstrap.min.css HTTP/1.1" 200 163873
INFO basehttp 187 "GET /static/dist/js/BSA.js HTTP/1.1" 200 24803
INFO basehttp 187 "GET /static/plugins/bootstrap/js/bootstrap.bundle.min.js HTTP/1.1" 200 78129
INFO basehttp 187 "GET /static/plugins/ztree_v3/js/jquery.ztree.all.min.js HTTP/1.1" 200 68217
INFO basehttp 187 "GET /static/plugins/jquery/jquery.js HTTP/1.1" 200 288580
INFO basehttp 187 "GET /static/plugins/bootstrap/css/bootstrap.min.css.map HTTP/1.1" 200 451427
INFO basehttp 187 "GET /static/dist/js/BSA.js.map HTTP/1.1" 200 80969
INFO basehttp 187 "GET /static/plugins/bootstrap/js/bootstrap.bundle.min.js.map HTTP/1.1" 200 331017
INFO basehttp 187 "GET /static/plugins/ztree_v3/css/zTreeStyle/img/zTreeStandard.png HTTP/1.1" 200 11173
INFO basehttp 187 "GET /static/plugins/ztree_v3/css/zTreeStyle/img/line_conn.gif HTTP/1.1" 200 45
INFO basehttp 187 "GET /static/plugins/bootstrap-icons/fonts/bootstrap-icons.woff2?8d200481aa7f02a2d63a331fc782cfaf HTTP/1.1" 200 112440
INFO basehttp 187 "GET /static/pages/page-article-list.html HTTP/1.1" 200 15018
INFO basehttp 187 "GET /static/plugins/bootstrap-icons/bootstrap-icons.css HTTP/1.1" 200 88585
INFO basehttp 187 "GET /static/dist/css/BSA.css HTTP/1.1" 200 20169
INFO basehttp 187 "GET /static/plugins/bootstrap/css/bootstrap.min.css HTTP/1.1" 200 163873
INFO basehttp 187 "GET /static/plugins/bootstrap-icons/fonts/bootstrap-icons.woff2?8d200481aa7f02a2d63a331fc782cfaf HTTP/1.1" 200 112440
INFO basehttp 187 "GET /static/plugins/bootstrap/css/bootstrap.min.css.map HTTP/1.1" 200 451427
INFO basehttp 187 "GET /static/dist/js/BSA.js HTTP/1.1" 200 24803
INFO basehttp 187 "GET /static/plugins/bootstrap/js/bootstrap.bundle.min.js HTTP/1.1" 200 78129
INFO basehttp 187 "GET /static/dist/js/BSA.js.map HTTP/1.1" 200 80969
INFO basehttp 187 "GET /static/plugins/bootstrap/js/bootstrap.bundle.min.js.map HTTP/1.1" 200 331017
INFO basehttp 187 "GET /static/pages/plugin-echarts.html HTTP/1.1" 200 6727
INFO basehttp 187 "GET /static/plugins/bootstrap-icons/bootstrap-icons.css HTTP/1.1" 200 88585
INFO basehttp 187 "GET /static/dist/css/BSA.css HTTP/1.1" 200 20169
INFO basehttp 187 "GET /static/dist/js/BSA.js HTTP/1.1" 200 24803
INFO basehttp 187 "GET /static/plugins/bootstrap/js/bootstrap.bundle.min.js HTTP/1.1" 200 78129
INFO basehttp 187 "GET /static/plugins/bootstrap/css/bootstrap.min.css HTTP/1.1" 200 163873
INFO basehttp 187 "GET /static/plugins/echarts/echarts.min.js HTTP/1.1" 200 1017477
INFO basehttp 187 "GET /static/plugins/bootstrap/css/bootstrap.min.css.map HTTP/1.1" 200 451427
INFO basehttp 187 "GET /static/dist/js/BSA.js.map HTTP/1.1" 200 80969
INFO basehttp 187 "GET /static/plugins/bootstrap/js/bootstrap.bundle.min.js.map HTTP/1.1" 200 331017
INFO basehttp 187 "GET /static/pages/plugin-sweetalert2.html HTTP/1.1" 200 1239
INFO basehttp 187 "GET /static/dist/css/BSA.css HTTP/1.1" 200 20169
INFO basehttp 187 "GET /static/plugins/bootstrap-icons/bootstrap-icons.css HTTP/1.1" 200 88585
INFO basehttp 187 "GET /static/plugins/bootstrap/css/bootstrap.min.css HTTP/1.1" 200 163873
INFO basehttp 187 "GET /static/plugins/bootstrap/css/bootstrap.min.css.map HTTP/1.1" 200 451427
INFO basehttp 187 "GET /static/plugins/bootstrap/js/bootstrap.bundle.min.js HTTP/1.1" 200 78129
INFO basehttp 187 "GET /static/dist/js/BSA.js HTTP/1.1" 200 24803
INFO basehttp 187 "GET /static/plugins/bootstrap/js/bootstrap.bundle.min.js.map HTTP/1.1" 200 331017
INFO basehttp 187 "GET /static/dist/js/BSA.js.map HTTP/1.1" 200 80969
INFO basehttp 187 "GET /static/pages/plugin-tempus-dominus.html HTTP/1.1" 200 4976
INFO basehttp 187 "GET /static/dist/css/BSA.css HTTP/1.1" 200 20169
INFO basehttp 187 "GET /static/plugins/tempus-dominus/css/tempus-dominus.min.css HTTP/1.1" 200 21651
INFO basehttp 187 "GET /static/plugins/bootstrap-icons/bootstrap-icons.css HTTP/1.1" 200 88585
INFO basehttp 187 "GET /static/plugins/bootstrap/css/bootstrap.min.css HTTP/1.1" 200 163873
INFO basehttp 187 "GET /static/plugins/bootstrap-icons/fonts/bootstrap-icons.woff2?8d200481aa7f02a2d63a331fc782cfaf HTTP/1.1" 200 112440
INFO basehttp 187 "GET /static/plugins/bootstrap/js/bootstrap.bundle.min.js HTTP/1.1" 200 78129
INFO basehttp 187 "GET /static/dist/js/BSA.js HTTP/1.1" 200 24803
INFO basehttp 187 "GET /static/plugins/popperjs/umd/popper.min.js HTTP/1.1" 200 19766
INFO basehttp 187 "GET /static/plugins/tempus-dominus/js/tempus-dominus.min.js HTTP/1.1" 200 65789
INFO basehttp 187 "GET /static/plugins/moment/moment.min.js HTTP/1.1" 200 58103
INFO basehttp 187 "GET /static/plugins/bootstrap/css/bootstrap.min.css.map HTTP/1.1" 200 451427
INFO basehttp 187 "GET /static/plugins/moment/moment.min.js.map HTTP/1.1" 200 86041
INFO basehttp 187 "GET /static/dist/js/BSA.js.map HTTP/1.1" 200 80969
INFO basehttp 187 "GET /static/plugins/popperjs/umd/popper.min.js.map HTTP/1.1" 200 113318
INFO basehttp 187 "GET /static/plugins/bootstrap/js/bootstrap.bundle.min.js.map HTTP/1.1" 200 331017
INFO basehttp 187 "GET /static/pages/plugin-formvalidation.html HTTP/1.1" 200 22496
INFO basehttp 187 "GET /static/dist/css/BSA.css HTTP/1.1" 200 20169
INFO basehttp 187 "GET /static/plugins/bootstrap-icons/bootstrap-icons.css HTTP/1.1" 200 88585
INFO basehttp 187 "GET /static/plugins/bootstrap/css/bootstrap.min.css HTTP/1.1" 200 163873
INFO basehttp 187 "GET /static/plugins/formvalidation/js/framework/bootstrap.js HTTP/1.1" 200 10513
INFO basehttp 187 "GET /static/dist/js/BSA.js HTTP/1.1" 200 24803
INFO basehttp 187 "GET /static/plugins/formvalidation/js/language/zh_CN.js HTTP/1.1" 200 13803
INFO basehttp 187 "GET /static/plugins/bootstrap/js/bootstrap.bundle.min.js HTTP/1.1" 200 78129
INFO basehttp 187 "GET /static/plugins/formvalidation/js/formValidation.js HTTP/1.1" 200 368926
INFO basehttp 187 "GET /static/plugins/jquery/jquery.js HTTP/1.1" 200 288580
INFO basehttp 187 "GET /static/plugins/bootstrap/css/bootstrap.min.css.map HTTP/1.1" 200 451427
INFO basehttp 187 "GET /static/dist/js/BSA.js.map HTTP/1.1" 200 80969
INFO basehttp 187 "GET /static/plugins/bootstrap/js/bootstrap.bundle.min.js.map HTTP/1.1" 200 331017
INFO basehttp 187 "GET /static/pages/plugin-tinymce.html HTTP/1.1" 200 6175
INFO basehttp 187 "GET /static/dist/css/BSA.css HTTP/1.1" 200 20169
INFO basehttp 187 "GET /static/plugins/bootstrap-icons/bootstrap-icons.css HTTP/1.1" 200 88585
INFO basehttp 187 "GET /static/plugins/bootstrap/css/bootstrap.min.css HTTP/1.1" 200 163873
INFO basehttp 187 "GET /static/plugins/bootstrap/css/bootstrap.min.css.map HTTP/1.1" 200 451427
INFO basehttp 187 "GET /static/plugins/bootstrap/js/bootstrap.bundle.min.js HTTP/1.1" 200 78129
INFO basehttp 187 "GET /static/dist/js/BSA.js HTTP/1.1" 200 24803
INFO basehttp 187 "GET /static/plugins/jquery/jquery.js HTTP/1.1" 200 288580
INFO basehttp 187 "GET /static/plugins/tinymce/tinymce.min.js HTTP/1.1" 200 390631
INFO basehttp 187 "GET /static/plugins/tinymce/themes/silver/theme.min.js HTTP/1.1" 200 344437
INFO basehttp 187 "GET /static/plugins/tinymce/langs/zh-Hans.js HTTP/1.1" 200 18079
INFO basehttp 187 "GET /static/plugins/tinymce/models/dom/model.min.js HTTP/1.1" 200 95440
INFO basehttp 187 "GET /static/plugins/tinymce/plugins/preview/plugin.min.js HTTP/1.1" 200 1703
INFO basehttp 187 "GET /static/plugins/tinymce/icons/default/icons.min.js HTTP/1.1" 200 63894
INFO basehttp 187 "GET /static/plugins/tinymce/plugins/importcss/plugin.min.js HTTP/1.1" 200 4036
INFO basehttp 187 "GET /static/plugins/tinymce/plugins/autosave/plugin.min.js HTTP/1.1" 200 3257
INFO basehttp 187 "GET /static/plugins/tinymce/plugins/autolink/plugin.min.js HTTP/1.1" 200 2826
INFO basehttp 187 "GET /static/plugins/tinymce/plugins/searchreplace/plugin.min.js HTTP/1.1" 200 13265
INFO basehttp 187 "GET /static/dist/js/BSA.js.map HTTP/1.1" 200 80969
INFO basehttp 187 "GET /static/plugins/tinymce/plugins/save/plugin.min.js HTTP/1.1" 200 1592
INFO basehttp 187 "GET /static/plugins/bootstrap/js/bootstrap.bundle.min.js.map HTTP/1.1" 200 331017
INFO basehttp 187 "GET /static/plugins/tinymce/plugins/directionality/plugin.min.js HTTP/1.1" 200 4360
INFO basehttp 187 "GET /static/plugins/tinymce/plugins/code/plugin.min.js HTTP/1.1" 200 877
INFO basehttp 187 "GET /static/plugins/tinymce/plugins/visualblocks/plugin.min.js HTTP/1.1" 200 1230
INFO basehttp 187 "GET /static/plugins/tinymce/plugins/visualchars/plugin.min.js HTTP/1.1" 200 5172
INFO basehttp 187 "GET /static/plugins/tinymce/plugins/fullscreen/plugin.min.js HTTP/1.1" 200 14603
INFO basehttp 187 "GET /static/plugins/tinymce/plugins/image/plugin.min.js HTTP/1.1" 200 19054
INFO basehttp 187 "GET /static/plugins/tinymce/plugins/link/plugin.min.js HTTP/1.1" 200 14982
INFO basehttp 187 "GET /static/plugins/tinymce/plugins/media/plugin.min.js HTTP/1.1" 200 16187
INFO basehttp 187 "GET /static/plugins/tinymce/plugins/template/plugin.min.js HTTP/1.1" 200 8063
INFO basehttp 187 "GET /static/plugins/tinymce/plugins/codesample/plugin.min.js HTTP/1.1" 200 46812
INFO basehttp 187 "GET /static/plugins/tinymce/plugins/charmap/plugin.min.js HTTP/1.1" 200 10981
INFO basehttp 187 "GET /static/plugins/tinymce/plugins/table/plugin.min.js HTTP/1.1" 200 46758
INFO basehttp 187 "GET /static/plugins/tinymce/plugins/pagebreak/plugin.min.js HTTP/1.1" 200 1503
INFO basehttp 187 "GET /static/plugins/tinymce/plugins/anchor/plugin.min.js HTTP/1.1" 200 2537
INFO basehttp 187 "GET /static/plugins/tinymce/plugins/insertdatetime/plugin.min.js HTTP/1.1" 200 2911
INFO basehttp 187 "GET /static/plugins/tinymce/plugins/nonbreaking/plugin.min.js HTTP/1.1" 200 1416
INFO basehttp 187 "GET /static/plugins/tinymce/plugins/advlist/plugin.min.js HTTP/1.1" 200 3376
INFO basehttp 187 "GET /static/plugins/tinymce/plugins/wordcount/plugin.min.js HTTP/1.1" 200 11913
INFO basehttp 187 "GET /static/plugins/tinymce/plugins/lists/plugin.min.js HTTP/1.1" 200 21934
INFO basehttp 187 "GET /static/plugins/tinymce/plugins/quickbars/plugin.min.js HTTP/1.1" 200 4908
INFO basehttp 187 "GET /static/plugins/tinymce/plugins/help/plugin.min.js HTTP/1.1" 200 13050
INFO basehttp 187 "GET /static/plugins/tinymce/plugins/emoticons/plugin.min.js HTTP/1.1" 200 6321
INFO basehttp 187 "GET /static/plugins/tinymce/skins/ui/oxide/skin.min.css HTTP/1.1" 200 61662
INFO basehttp 187 "GET /static/pages/plugin-dropzone.html HTTP/1.1" 200 4820
INFO basehttp 187 "GET /static/plugins/tinymce/skins/content/default/content.min.css HTTP/1.1" 200 1149
INFO basehttp 187 "GET /static/plugins/tinymce/skins/ui/oxide/content.min.css HTTP/1.1" 200 21730
INFO basehttp 187 "GET /static/plugins/bootstrap-icons/bootstrap-icons.css HTTP/1.1" 200 88585
INFO basehttp 187 "GET /static/plugins/dropzone/dropzone.css HTTP/1.1" 200 4772
INFO basehttp 187 "GET /static/dist/css/BSA.css HTTP/1.1" 200 20169
INFO basehttp 187 "GET /static/plugins/bootstrap/css/bootstrap.min.css HTTP/1.1" 200 163873
INFO basehttp 187 "GET /static/plugins/dropzone/dropzone_bsaex.css HTTP/1.1" 200 682
INFO basehttp 187 "GET /static/plugins/bootstrap/js/bootstrap.bundle.min.js HTTP/1.1" 200 78129
INFO basehttp 187 "GET /static/dist/js/BSA.js HTTP/1.1" 200 24803
INFO basehttp 187 "GET /static/plugins/dropzone/dropzone2-min.js HTTP/1.1" 200 46509
INFO basehttp 187 "GET /static/plugins/tinymce/plugins/emoticons/js/emojis.min.js HTTP/1.1" 200 192856
INFO basehttp 187 "GET /static/plugins/bootstrap/css/bootstrap.min.css.map HTTP/1.1" 200 451427
WARNING basehttp 187 "GET /static/plugins/dropzone/dropzone.css.map HTTP/1.1" 404 1858
INFO basehttp 187 "GET /static/dist/js/BSA.js.map HTTP/1.1" 200 80969
INFO basehttp 187 "GET /static/plugins/bootstrap/js/bootstrap.bundle.min.js.map HTTP/1.1" 200 331017
INFO basehttp 187 "GET /static/pages/page-blank.html HTTP/1.1" 200 1338
INFO basehttp 187 "GET /static/plugins/bootstrap-icons/bootstrap-icons.css HTTP/1.1" 200 88585
INFO basehttp 187 "GET /static/dist/css/BSA.css HTTP/1.1" 200 20169
INFO basehttp 187 "GET /static/plugins/bootstrap/css/bootstrap.min.css HTTP/1.1" 200 163873
INFO basehttp 187 "GET /static/plugins/bootstrap/css/bootstrap.min.css.map HTTP/1.1" 200 451427
INFO basehttp 187 "GET /static/plugins/bootstrap/js/bootstrap.bundle.min.js HTTP/1.1" 200 78129
INFO basehttp 187 "GET /static/dist/js/BSA.js HTTP/1.1" 200 24803
INFO basehttp 187 "GET /static/dist/js/BSA.js.map HTTP/1.1" 200 80969
INFO basehttp 187 "GET /static/plugins/bootstrap/js/bootstrap.bundle.min.js.map HTTP/1.1" 200 331017
INFO basehttp 187 "GET /static/pages/page-login2.html HTTP/1.1" 200 6066
INFO basehttp 187 "GET /static/dist/img/login-bg-1.jpg HTTP/1.1" 200 91151
INFO basehttp 187 "GET /static/pages/page-comment.html HTTP/1.1" 200 20626
INFO basehttp 187 "GET /static/plugins/bootstrap-icons/bootstrap-icons.css HTTP/1.1" 200 88585
INFO basehttp 187 "GET /static/dist/css/BSA.css HTTP/1.1" 200 20169
INFO basehttp 187 "GET /static/plugins/bootstrap/css/bootstrap.min.css HTTP/1.1" 200 163873
INFO basehttp 187 "GET /static/plugins/bootstrap/css/bootstrap.min.css.map HTTP/1.1" 200 451427
INFO basehttp 187 "GET /static/plugins/bootstrap/js/bootstrap.bundle.min.js HTTP/1.1" 200 78129
INFO basehttp 187 "GET /static/dist/js/BSA.js HTTP/1.1" 200 24803
INFO basehttp 187 "GET /static/plugins/bootstrap-icons/fonts/bootstrap-icons.woff2?8d200481aa7f02a2d63a331fc782cfaf HTTP/1.1" 200 112440
INFO basehttp 187 "GET /static/dist/js/BSA.js.map HTTP/1.1" 200 80969
INFO basehttp 187 "GET /static/plugins/bootstrap/js/bootstrap.bundle.min.js.map HTTP/1.1" 200 331017
INFO basehttp 187 "GET /static/pages/page-profile.html HTTP/1.1" 200 8438
INFO basehttp 187 "GET /static/dist/css/BSA.css HTTP/1.1" 200 20169
INFO basehttp 187 "GET /static/plugins/bootstrap-icons/bootstrap-icons.css HTTP/1.1" 200 88585
INFO basehttp 187 "GET /static/plugins/bootstrap/css/bootstrap.min.css HTTP/1.1" 200 163873
INFO basehttp 187 "GET /static/plugins/bootstrap-icons/fonts/bootstrap-icons.woff2?8d200481aa7f02a2d63a331fc782cfaf HTTP/1.1" 200 112440
INFO basehttp 187 "GET /static/dist/js/BSA.js HTTP/1.1" 200 24803
INFO basehttp 187 "GET /static/plugins/bootstrap/js/bootstrap.bundle.min.js HTTP/1.1" 200 78129
INFO basehttp 187 "GET /static/dist/js/BSA.js.map HTTP/1.1" 200 80969
INFO basehttp 187 "GET /static/plugins/bootstrap/css/bootstrap.min.css.map HTTP/1.1" 200 451427
INFO basehttp 187 "GET /static/plugins/bootstrap/js/bootstrap.bundle.min.js.map HTTP/1.1" 200 331017
INFO basehttp 187 "GET /static/pages/page-timeline.html HTTP/1.1" 200 11260
INFO basehttp 187 "GET /static/dist/css/BSA.css HTTP/1.1" 200 20169
INFO basehttp 187 "GET /static/plugins/bootstrap-icons/bootstrap-icons.css HTTP/1.1" 200 88585
INFO basehttp 187 "GET /static/plugins/bootstrap/css/bootstrap.min.css HTTP/1.1" 200 163873
INFO basehttp 187 "GET /static/plugins/bootstrap/css/bootstrap.min.css.map HTTP/1.1" 200 451427
INFO basehttp 187 "GET /static/plugins/bootstrap/js/bootstrap.bundle.min.js HTTP/1.1" 200 78129
INFO basehttp 187 "GET /static/dist/js/BSA.js HTTP/1.1" 200 24803
INFO basehttp 187 "GET /static/dist/js/BSA.js.map HTTP/1.1" 200 80969
INFO basehttp 187 "GET /static/plugins/bootstrap/js/bootstrap.bundle.min.js.map HTTP/1.1" 200 331017
INFO basehttp 187 "GET /static/pages/page-error.html HTTP/1.1" 200 2458
INFO basehttp 187 "GET /static/dist/css/BSA.css HTTP/1.1" 200 20169
INFO basehttp 187 "GET /static/plugins/bootstrap-icons/bootstrap-icons.css HTTP/1.1" 200 88585
INFO basehttp 187 "GET /static/plugins/bootstrap/css/bootstrap.min.css HTTP/1.1" 200 163873
INFO basehttp 187 "GET /static/dist/js/BSA.js HTTP/1.1" 200 24803
INFO basehttp 187 "GET /static/plugins/bootstrap/js/bootstrap.bundle.min.js HTTP/1.1" 200 78129
INFO basehttp 187 "GET /static/plugins/bootstrap/css/bootstrap.min.css.map HTTP/1.1" 200 451427
INFO basehttp 187 "GET /static/dist/js/BSA.js.map HTTP/1.1" 200 80969
INFO basehttp 187 "GET /static/plugins/bootstrap/js/bootstrap.bundle.min.js.map HTTP/1.1" 200 331017
INFO basehttp 187 "GET /spiders HTTP/1.1" 301 0
INFO basehttp 187 "GET /spiders/ HTTP/1.1" 200 7294
INFO basehttp 187 "GET /static/dist/css/BSA.css HTTP/1.1" 200 20169
INFO basehttp 187 "GET /static/css/bootstrap.min.css HTTP/1.1" 200 194901
INFO basehttp 187 "GET /static/css/bootstrap.min.css.map HTTP/1.1" 200 522639
INFO basehttp 187 "GET /static/js/axios-0.18.0.js HTTP/1.1" 200 12912
INFO basehttp 187 "GET /static/dist/js/BSA.js HTTP/1.1" 200 24803
INFO basehttp 187 "GET /static/js/bootstrap.min.js HTTP/1.1" 200 60404
INFO basehttp 187 "GET /static/plugins/bootstrap/js/bootstrap.bundle.min.js HTTP/1.1" 200 78129
INFO basehttp 187 "GET /static/js/vue.js HTTP/1.1" 200 408232
INFO basehttp 187 "GET /static/dist/js/BSA.js.map HTTP/1.1" 200 80969
INFO basehttp 187 "GET /static/js/bootstrap.min.js.map HTTP/1.1" 200 216913
INFO basehttp 187 "GET /static/plugins/bootstrap/js/bootstrap.bundle.min.js.map HTTP/1.1" 200 331017
WARNING log 241 Not Found: /spiders/jobs
WARNING basehttp 187 "GET /spiders/jobs HTTP/1.1" 404 3071
WARNING log 241 Not Found: /spiders/logs
WARNING basehttp 187 "GET /spiders/logs HTTP/1.1" 404 3071
INFO autoreload 266 B:\02_Important\Python\0a_project\zol_phone\apps\crawler\views.py changed, reloading.
INFO autoreload 677 Watching for file changes with StatReloader
INFO autoreload 266 B:\02_Important\Python\0a_project\zol_phone\apps\crawler\urls.py changed, reloading.
INFO autoreload 677 Watching for file changes with StatReloader
INFO autoreload 266 B:\02_Important\Python\0a_project\zol_phone\apps\crawler\views.py changed, reloading.
INFO autoreload 677 Watching for file changes with StatReloader
INFO basehttp 187 "GET /static/index.html HTTP/1.1" 200 28828
INFO basehttp 187 "GET /static/plugins/bootstrap-icons/bootstrap-icons.css HTTP/1.1" 200 88585
INFO basehttp 187 "GET /static/plugins/bootstrap/css/bootstrap.min.css HTTP/1.1" 200 163873
INFO basehttp 187 "GET /static/dist/css/BSA.css HTTP/1.1" 200 20169
INFO basehttp 187 "GET /static/dist/img/logo-icon.png HTTP/1.1" 200 2065
INFO basehttp 187 "GET /static/dist/js/BSA.js HTTP/1.1" 200 24803
INFO basehttp 187 "GET /static/plugins/bootstrap/js/bootstrap.bundle.min.js HTTP/1.1" 200 78129
INFO basehttp 187 "GET /static/plugins/bootstrap-icons/fonts/bootstrap-icons.woff2?8d200481aa7f02a2d63a331fc782cfaf HTTP/1.1" 200 112440
INFO basehttp 187 "GET /home_page HTTP/1.1" 301 0
INFO basehttp 187 "GET /home_page/ HTTP/1.1" 200 22162
INFO basehttp 187 "GET /static/dist/css/BSA.css HTTP/1.1" 200 20169
INFO basehttp 187 "GET /static/css/bootstrap.min.css HTTP/1.1" 200 194901
INFO basehttp 187 "GET /static/js/axios-0.18.0.js HTTP/1.1" 200 12912
INFO basehttp 187 "GET /static/js/bootstrap.min.js HTTP/1.1" 200 60404
INFO basehttp 187 "GET /static/js/vue.js HTTP/1.1" 200 408232
INFO basehttp 187 "GET /static/plugins/bootstrap/js/bootstrap.bundle.min.js HTTP/1.1" 200 78129
INFO basehttp 187 "GET /static/plugins/chart.js/chart.min.js HTTP/1.1" 200 197005
INFO basehttp 187 "GET /static/dist/js/BSA.js HTTP/1.1" 200 24803
INFO basehttp 187 "GET /static/dist/img/favicon-32x32.png HTTP/1.1" 200 513
ERROR log 241 Internal Server Error: /spiders/jobs
Traceback (most recent call last):
  File "C:\env\Anaconda3\envs\django4\lib\site-packages\django\core\handlers\exception.py", line 55, in inner
    response = get_response(request)
  File "C:\env\Anaconda3\envs\django4\lib\site-packages\django\core\handlers\base.py", line 204, in _get_response
    self.check_response(response, callback)
  File "C:\env\Anaconda3\envs\django4\lib\site-packages\django\core\handlers\base.py", line 332, in check_response
    raise ValueError(
ValueError: The view apps.crawler.views.view didn't return an HttpResponse object. It returned None instead.
ERROR basehttp 187 "GET /spiders/jobs HTTP/1.1" 500 74239
INFO basehttp 187 "GET /static/plugins/bootstrap/css/bootstrap.min.css.map HTTP/1.1" 200 451427
INFO basehttp 187 "GET /static/css/bootstrap.min.css.map HTTP/1.1" 200 522639
INFO basehttp 187 "GET /static/dist/js/BSA.js.map HTTP/1.1" 200 80969
INFO basehttp 187 "GET /static/plugins/bootstrap/js/bootstrap.bundle.min.js.map HTTP/1.1" 200 331017
INFO basehttp 187 "GET /static/dist/js/BSA.js.map HTTP/1.1" 200 80969
INFO basehttp 187 "GET /static/plugins/bootstrap/js/bootstrap.bundle.min.js.map HTTP/1.1" 200 331017
INFO basehttp 187 "GET /static/js/bootstrap.min.js.map HTTP/1.1" 200 216913
INFO autoreload 266 B:\02_Important\Python\0a_project\zol_phone\apps\crawler\urls.py changed, reloading.
INFO autoreload 677 Watching for file changes with StatReloader
INFO basehttp 187 "GET /static/index.html HTTP/1.1" 200 28828
INFO basehttp 187 "GET /static/dist/img/logo-icon.png HTTP/1.1" 200 2065
INFO basehttp 187 "GET /static/dist/css/BSA.css HTTP/1.1" 200 20169
INFO basehttp 187 "GET /static/plugins/bootstrap-icons/bootstrap-icons.css HTTP/1.1" 200 88585
INFO basehttp 187 "GET /static/plugins/bootstrap/css/bootstrap.min.css HTTP/1.1" 200 163873
INFO basehttp 187 "GET /static/dist/js/BSA.js HTTP/1.1" 200 24803
INFO basehttp 187 "GET /static/plugins/bootstrap/js/bootstrap.bundle.min.js HTTP/1.1" 200 78129
INFO basehttp 187 "GET /static/plugins/bootstrap-icons/fonts/bootstrap-icons.woff2?8d200481aa7f02a2d63a331fc782cfaf HTTP/1.1" 200 112440
INFO basehttp 187 "GET /spiders/jobs HTTP/1.1" 301 0
ERROR log 241 Internal Server Error: /spiders/jobs/
Traceback (most recent call last):
  File "C:\env\Anaconda3\envs\django4\lib\site-packages\django\core\handlers\exception.py", line 55, in inner
    response = get_response(request)
  File "C:\env\Anaconda3\envs\django4\lib\site-packages\django\core\handlers\base.py", line 204, in _get_response
    self.check_response(response, callback)
  File "C:\env\Anaconda3\envs\django4\lib\site-packages\django\core\handlers\base.py", line 332, in check_response
    raise ValueError(
ValueError: The view apps.crawler.views.view didn't return an HttpResponse object. It returned None instead.
ERROR basehttp 187 "GET /spiders/jobs/ HTTP/1.1" 500 74117
INFO basehttp 187 "GET /static/dist/img/favicon-32x32.png HTTP/1.1" 200 513
INFO basehttp 187 "GET /static/plugins/bootstrap/css/bootstrap.min.css.map HTTP/1.1" 200 451427
INFO basehttp 187 "GET /static/dist/js/BSA.js.map HTTP/1.1" 200 80969
INFO basehttp 187 "GET /static/plugins/bootstrap/js/bootstrap.bundle.min.js.map HTTP/1.1" 200 331017
INFO autoreload 266 B:\02_Important\Python\0a_project\zol_phone\apps\crawler\views.py changed, reloading.
INFO autoreload 677 Watching for file changes with StatReloader
INFO autoreload 266 B:\02_Important\Python\0a_project\zol_phone\apps\crawler\views.py changed, reloading.
INFO autoreload 677 Watching for file changes with StatReloader
INFO autoreload 266 B:\02_Important\Python\0a_project\zol_phone\apps\crawler\views.py changed, reloading.
INFO autoreload 677 Watching for file changes with StatReloader
INFO basehttp 187 "GET /static/index.html HTTP/1.1" 200 28828
INFO basehttp 187 "GET /static/plugins/bootstrap-icons/bootstrap-icons.css HTTP/1.1" 200 88585
INFO basehttp 187 "GET /static/plugins/bootstrap/css/bootstrap.min.css HTTP/1.1" 200 163873
INFO basehttp 187 "GET /static/dist/css/BSA.css HTTP/1.1" 200 20169
INFO basehttp 187 "GET /static/dist/img/logo-icon.png HTTP/1.1" 200 2065
INFO basehttp 187 "GET /static/plugins/bootstrap-icons/fonts/bootstrap-icons.woff2?8d200481aa7f02a2d63a331fc782cfaf HTTP/1.1" 200 112440
INFO basehttp 187 "GET /static/dist/js/BSA.js HTTP/1.1" 200 24803
INFO basehttp 187 "GET /static/plugins/bootstrap/js/bootstrap.bundle.min.js HTTP/1.1" 200 78129
INFO basehttp 187 "GET /spiders/jobs HTTP/1.1" 301 0
INFO basehttp 187 "GET /spiders/jobs/ HTTP/1.1" 200 1449
INFO basehttp 187 "GET /static/dist/css/BSA.css HTTP/1.1" 200 20169
INFO basehttp 187 "GET /static/css/bootstrap.min.css HTTP/1.1" 200 194901
INFO basehttp 187 "GET /static/js/axios-0.18.0.js HTTP/1.1" 200 12912
INFO basehttp 187 "GET /static/dist/js/BSA.js HTTP/1.1" 200 24803
INFO basehttp 187 "GET /static/js/bootstrap.min.js HTTP/1.1" 200 60404
INFO basehttp 187 "GET /static/plugins/bootstrap/js/bootstrap.bundle.min.js HTTP/1.1" 200 78129
INFO basehttp 187 "GET /static/js/vue.js HTTP/1.1" 200 408232
INFO basehttp 187 "GET /static/dist/img/favicon-32x32.png HTTP/1.1" 200 513
INFO basehttp 187 "GET /static/plugins/bootstrap/css/bootstrap.min.css.map HTTP/1.1" 200 451427
INFO basehttp 187 "GET /static/css/bootstrap.min.css.map HTTP/1.1" 200 522639
INFO basehttp 187 "GET /static/dist/js/BSA.js.map HTTP/1.1" 200 80969
INFO basehttp 187 "GET /static/plugins/bootstrap/js/bootstrap.bundle.min.js.map HTTP/1.1" 200 331017
INFO basehttp 187 "GET /static/dist/js/BSA.js.map HTTP/1.1" 200 80969
INFO basehttp 187 "GET /static/js/bootstrap.min.js.map HTTP/1.1" 200 216913
INFO basehttp 187 "GET /static/plugins/bootstrap/js/bootstrap.bundle.min.js.map HTTP/1.1" 200 331017
INFO basehttp 187 "GET /static/index.html HTTP/1.1" 200 28828
INFO basehttp 187 "GET /static/plugins/bootstrap-icons/bootstrap-icons.css HTTP/1.1" 200 88585
INFO basehttp 187 "GET /static/dist/css/BSA.css HTTP/1.1" 200 20169
INFO basehttp 187 "GET /static/plugins/bootstrap/css/bootstrap.min.css HTTP/1.1" 200 163873
INFO basehttp 187 "GET /static/dist/img/logo-icon.png HTTP/1.1" 200 2065
INFO basehttp 187 "GET /static/dist/js/BSA.js HTTP/1.1" 200 24803
INFO basehttp 187 "GET /static/plugins/bootstrap/js/bootstrap.bundle.min.js HTTP/1.1" 200 78129
INFO basehttp 187 "GET /static/plugins/bootstrap-icons/fonts/bootstrap-icons.woff2?8d200481aa7f02a2d63a331fc782cfaf HTTP/1.1" 200 112440
INFO basehttp 187 "GET /spiders/jobs HTTP/1.1" 301 0
INFO basehttp 187 "GET /spiders/jobs/ HTTP/1.1" 200 2190
INFO basehttp 187 "GET /static/dist/css/BSA.css HTTP/1.1" 200 20169
INFO basehttp 187 "GET /static/css/bootstrap.min.css HTTP/1.1" 200 194901
INFO basehttp 187 "GET /static/js/axios-0.18.0.js HTTP/1.1" 200 12912
INFO basehttp 187 "GET /static/dist/js/BSA.js HTTP/1.1" 200 24803
INFO basehttp 187 "GET /static/js/bootstrap.min.js HTTP/1.1" 200 60404
INFO basehttp 187 "GET /static/plugins/bootstrap/js/bootstrap.bundle.min.js HTTP/1.1" 200 78129
INFO basehttp 187 "GET /static/js/vue.js HTTP/1.1" 200 408232
INFO basehttp 187 "GET /static/dist/img/favicon-32x32.png HTTP/1.1" 200 513
INFO basehttp 187 "GET /static/plugins/bootstrap/css/bootstrap.min.css.map HTTP/1.1" 200 451427
INFO basehttp 187 "GET /static/css/bootstrap.min.css.map HTTP/1.1" 200 522639
INFO basehttp 187 "GET /static/dist/js/BSA.js.map HTTP/1.1" 200 80969
INFO basehttp 187 "GET /static/plugins/bootstrap/js/bootstrap.bundle.min.js.map HTTP/1.1" 200 331017
INFO basehttp 187 "GET /static/dist/js/BSA.js.map HTTP/1.1" 200 80969
INFO basehttp 187 "GET /static/plugins/bootstrap/js/bootstrap.bundle.min.js.map HTTP/1.1" 200 331017
INFO basehttp 187 "GET /static/js/bootstrap.min.js.map HTTP/1.1" 200 216913
INFO basehttp 187 "GET /static/index.html HTTP/1.1" 200 28828
INFO basehttp 187 "GET /static/dist/img/logo-icon.png HTTP/1.1" 200 2065
INFO basehttp 187 "GET /static/dist/css/BSA.css HTTP/1.1" 200 20169
INFO basehttp 187 "GET /static/plugins/bootstrap-icons/bootstrap-icons.css HTTP/1.1" 200 88585
INFO basehttp 187 "GET /static/plugins/bootstrap/css/bootstrap.min.css HTTP/1.1" 200 163873
INFO basehttp 187 "GET /static/dist/js/BSA.js HTTP/1.1" 200 24803
INFO basehttp 187 "GET /static/plugins/bootstrap/js/bootstrap.bundle.min.js HTTP/1.1" 200 78129
INFO basehttp 187 "GET /static/plugins/bootstrap-icons/fonts/bootstrap-icons.woff2?8d200481aa7f02a2d63a331fc782cfaf HTTP/1.1" 200 112440
INFO basehttp 187 "GET /spiders/jobs HTTP/1.1" 301 0
INFO basehttp 187 "GET /spiders/jobs/ HTTP/1.1" 200 2190
INFO basehttp 187 "GET /static/dist/css/BSA.css HTTP/1.1" 200 20169
INFO basehttp 187 "GET /static/css/bootstrap.min.css HTTP/1.1" 200 194901
INFO basehttp 187 "GET /static/dist/js/BSA.js HTTP/1.1" 200 24803
INFO basehttp 187 "GET /static/js/axios-0.18.0.js HTTP/1.1" 200 12912
INFO basehttp 187 "GET /static/js/bootstrap.min.js HTTP/1.1" 200 60404
INFO basehttp 187 "GET /static/plugins/bootstrap/js/bootstrap.bundle.min.js HTTP/1.1" 200 78129
INFO basehttp 187 "GET /static/js/vue.js HTTP/1.1" 200 408232
INFO basehttp 187 "GET /static/dist/img/favicon-32x32.png HTTP/1.1" 200 513
INFO basehttp 187 "GET /static/plugins/bootstrap/css/bootstrap.min.css.map HTTP/1.1" 200 451427
INFO basehttp 187 "GET /static/css/bootstrap.min.css.map HTTP/1.1" 200 522639
INFO basehttp 187 "GET /static/plugins/bootstrap/js/bootstrap.bundle.min.js.map HTTP/1.1" 200 331017
INFO basehttp 187 "GET /static/dist/js/BSA.js.map HTTP/1.1" 200 80969
INFO basehttp 187 "GET /static/js/bootstrap.min.js.map HTTP/1.1" 200 216913
INFO basehttp 187 "GET /static/dist/js/BSA.js.map HTTP/1.1" 200 80969
INFO basehttp 187 "GET /static/plugins/bootstrap/js/bootstrap.bundle.min.js.map HTTP/1.1" 200 331017
INFO basehttp 187 "GET /spiders HTTP/1.1" 301 0
INFO basehttp 187 "GET /spiders/ HTTP/1.1" 200 7294
INFO basehttp 187 "GET /static/css/bootstrap.min.css HTTP/1.1" 200 194901
INFO basehttp 187 "GET /static/dist/css/BSA.css HTTP/1.1" 200 20169
INFO basehttp 187 "GET /static/js/axios-0.18.0.js HTTP/1.1" 200 12912
INFO basehttp 187 "GET /static/js/bootstrap.min.js HTTP/1.1" 200 60404
INFO basehttp 187 "GET /static/dist/js/BSA.js HTTP/1.1" 200 24803
INFO basehttp 187 "GET /static/plugins/bootstrap/js/bootstrap.bundle.min.js HTTP/1.1" 200 78129
INFO basehttp 187 "GET /static/js/vue.js HTTP/1.1" 200 408232
INFO basehttp 187 "GET /static/css/bootstrap.min.css.map HTTP/1.1" 200 522639
INFO basehttp 187 "GET /static/dist/js/BSA.js.map HTTP/1.1" 200 80969
INFO basehttp 187 "GET /static/js/bootstrap.min.js.map HTTP/1.1" 200 216913
INFO basehttp 187 "GET /static/plugins/bootstrap/js/bootstrap.bundle.min.js.map HTTP/1.1" 200 331017
INFO basehttp 187 "GET /static/index.html HTTP/1.1" 200 28828
INFO basehttp 187 "GET /static/plugins/bootstrap-icons/bootstrap-icons.css HTTP/1.1" 200 88585
INFO basehttp 187 "GET /static/dist/css/BSA.css HTTP/1.1" 200 20169
INFO basehttp 187 "GET /static/dist/img/logo-icon.png HTTP/1.1" 200 2065
INFO basehttp 187 "GET /static/plugins/bootstrap/css/bootstrap.min.css HTTP/1.1" 200 163873
INFO basehttp 187 "GET /static/plugins/bootstrap-icons/fonts/bootstrap-icons.woff2?8d200481aa7f02a2d63a331fc782cfaf HTTP/1.1" 200 112440
INFO basehttp 187 "GET /static/dist/js/BSA.js HTTP/1.1" 200 24803
INFO basehttp 187 "GET /static/plugins/bootstrap/js/bootstrap.bundle.min.js HTTP/1.1" 200 78129
INFO basehttp 187 "GET /spiders HTTP/1.1" 301 0
INFO basehttp 187 "GET /spiders/ HTTP/1.1" 200 7297
INFO basehttp 187 "GET /static/dist/css/BSA.css HTTP/1.1" 200 20169
INFO basehttp 187 "GET /static/css/bootstrap.min.css HTTP/1.1" 200 194901
INFO basehttp 187 "GET /static/js/axios-0.18.0.js HTTP/1.1" 200 12912
INFO basehttp 187 "GET /static/dist/js/BSA.js HTTP/1.1" 200 24803
INFO basehttp 187 "GET /static/js/bootstrap.min.js HTTP/1.1" 200 60404
INFO basehttp 187 "GET /static/plugins/bootstrap/js/bootstrap.bundle.min.js HTTP/1.1" 200 78129
INFO basehttp 187 "GET /static/js/vue.js HTTP/1.1" 200 408232
INFO basehttp 187 "GET /static/dist/img/favicon-32x32.png HTTP/1.1" 200 513
INFO basehttp 187 "GET /static/plugins/bootstrap/css/bootstrap.min.css.map HTTP/1.1" 200 451427
INFO basehttp 187 "GET /static/css/bootstrap.min.css.map HTTP/1.1" 200 522639
INFO basehttp 187 "GET /static/dist/js/BSA.js.map HTTP/1.1" 200 80969
INFO basehttp 187 "GET /static/plugins/bootstrap/js/bootstrap.bundle.min.js.map HTTP/1.1" 200 331017
INFO basehttp 187 "GET /static/dist/js/BSA.js.map HTTP/1.1" 200 80969
INFO basehttp 187 "GET /static/plugins/bootstrap/js/bootstrap.bundle.min.js.map HTTP/1.1" 200 331017
INFO basehttp 187 "GET /static/js/bootstrap.min.js.map HTTP/1.1" 200 216913
INFO basehttp 187 "GET /static/index.html HTTP/1.1" 200 28828
INFO basehttp 187 "GET /static/plugins/bootstrap-icons/bootstrap-icons.css HTTP/1.1" 200 88585
INFO basehttp 187 "GET /static/dist/css/BSA.css HTTP/1.1" 200 20169
INFO basehttp 187 "GET /static/plugins/bootstrap/css/bootstrap.min.css HTTP/1.1" 200 163873
INFO basehttp 187 "GET /static/dist/img/logo-icon.png HTTP/1.1" 200 2065
INFO basehttp 187 "GET /static/plugins/bootstrap-icons/fonts/bootstrap-icons.woff2?8d200481aa7f02a2d63a331fc782cfaf HTTP/1.1" 200 112440
INFO basehttp 187 "GET /static/dist/js/BSA.js HTTP/1.1" 200 24803
INFO basehttp 187 "GET /static/plugins/bootstrap/js/bootstrap.bundle.min.js HTTP/1.1" 200 78129
INFO basehttp 187 "GET /spiders HTTP/1.1" 301 0
INFO basehttp 187 "GET /spiders/ HTTP/1.1" 200 7300
INFO basehttp 187 "GET /static/css/bootstrap.min.css HTTP/1.1" 200 194901
INFO basehttp 187 "GET /static/dist/css/BSA.css HTTP/1.1" 200 20169
INFO basehttp 187 "GET /static/js/axios-0.18.0.js HTTP/1.1" 200 12912
INFO basehttp 187 "GET /static/plugins/bootstrap/js/bootstrap.bundle.min.js HTTP/1.1" 200 78129
INFO basehttp 187 "GET /static/js/bootstrap.min.js HTTP/1.1" 200 60404
INFO basehttp 187 "GET /static/dist/js/BSA.js HTTP/1.1" 200 24803
INFO basehttp 187 "GET /static/js/vue.js HTTP/1.1" 200 408232
INFO basehttp 187 "GET /static/dist/img/favicon-32x32.png HTTP/1.1" 200 513
INFO basehttp 187 "GET /static/plugins/bootstrap/css/bootstrap.min.css.map HTTP/1.1" 200 451427
INFO basehttp 187 "GET /static/css/bootstrap.min.css.map HTTP/1.1" 200 522639
INFO basehttp 187 "GET /static/index.html HTTP/1.1" 200 28828
INFO basehttp 187 "GET /static/plugins/bootstrap-icons/bootstrap-icons.css HTTP/1.1" 200 88585
INFO basehttp 187 "GET /static/plugins/bootstrap/css/bootstrap.min.css HTTP/1.1" 200 163873
INFO basehttp 187 "GET /static/dist/css/BSA.css HTTP/1.1" 200 20169
INFO basehttp 187 "GET /static/dist/img/logo-icon.png HTTP/1.1" 200 2065
INFO basehttp 187 "GET /static/plugins/bootstrap-icons/fonts/bootstrap-icons.woff2?8d200481aa7f02a2d63a331fc782cfaf HTTP/1.1" 200 112440
INFO basehttp 187 "GET /static/dist/js/BSA.js HTTP/1.1" 200 24803
INFO basehttp 187 "GET /static/plugins/bootstrap/js/bootstrap.bundle.min.js HTTP/1.1" 200 78129
INFO basehttp 187 "GET /spiders HTTP/1.1" 301 0
INFO basehttp 187 "GET /spiders/ HTTP/1.1" 200 7294
INFO basehttp 187 "GET /static/css/bootstrap.min.css HTTP/1.1" 200 194901
INFO basehttp 187 "GET /static/dist/css/BSA.css HTTP/1.1" 200 20169
INFO basehttp 187 "GET /static/js/vue.js HTTP/1.1" 200 408232
INFO basehttp 187 "GET /static/js/axios-0.18.0.js HTTP/1.1" 200 12912
INFO basehttp 187 "GET /static/dist/js/BSA.js HTTP/1.1" 200 24803
INFO basehttp 187 "GET /static/js/bootstrap.min.js HTTP/1.1" 200 60404
INFO basehttp 187 "GET /static/plugins/bootstrap/js/bootstrap.bundle.min.js HTTP/1.1" 200 78129
INFO basehttp 187 "GET /static/plugins/bootstrap/css/bootstrap.min.css.map HTTP/1.1" 200 451427
INFO basehttp 187 "GET /static/css/bootstrap.min.css.map HTTP/1.1" 200 522639
INFO basehttp 187 "GET /static/dist/img/favicon-32x32.png HTTP/1.1" 200 513
INFO basehttp 187 "GET /static/index.html HTTP/1.1" 200 28828
INFO basehttp 187 "GET /static/dist/css/BSA.css HTTP/1.1" 200 20169
INFO basehttp 187 "GET /static/plugins/bootstrap-icons/bootstrap-icons.css HTTP/1.1" 200 88585
INFO basehttp 187 "GET /static/plugins/bootstrap/css/bootstrap.min.css HTTP/1.1" 200 163873
INFO basehttp 187 "GET /static/dist/img/logo-icon.png HTTP/1.1" 200 2065
INFO basehttp 187 "GET /static/index.html HTTP/1.1" 200 28828
INFO basehttp 187 "GET /static/plugins/bootstrap/js/bootstrap.bundle.min.js HTTP/1.1" 200 78129
INFO basehttp 187 "GET /static/dist/js/BSA.js HTTP/1.1" 200 24803
INFO basehttp 187 "GET /static/plugins/bootstrap-icons/fonts/bootstrap-icons.woff2?8d200481aa7f02a2d63a331fc782cfaf HTTP/1.1" 200 112440
INFO basehttp 187 "GET /static/plugins/bootstrap-icons/bootstrap-icons.css HTTP/1.1" 200 88585
INFO basehttp 187 "GET /static/dist/css/BSA.css HTTP/1.1" 200 20169
INFO basehttp 187 "GET /static/plugins/bootstrap/css/bootstrap.min.css HTTP/1.1" 200 163873
INFO basehttp 187 "GET /static/dist/img/logo-icon.png HTTP/1.1" 200 2065
INFO basehttp 187 "GET /static/dist/js/BSA.js HTTP/1.1" 200 24803
INFO basehttp 187 "GET /static/plugins/bootstrap/js/bootstrap.bundle.min.js HTTP/1.1" 200 78129
INFO basehttp 187 "GET /static/plugins/bootstrap-icons/fonts/bootstrap-icons.woff2?8d200481aa7f02a2d63a331fc782cfaf HTTP/1.1" 200 112440
INFO basehttp 187 "GET /spiders HTTP/1.1" 301 0
INFO basehttp 187 "GET /spiders/ HTTP/1.1" 200 7294
INFO basehttp 187 "GET /static/dist/css/BSA.css HTTP/1.1" 200 20169
INFO basehttp 187 "GET /static/css/bootstrap.min.css HTTP/1.1" 200 194901
INFO basehttp 187 "GET /static/dist/js/BSA.js HTTP/1.1" 200 24803
INFO basehttp 187 "GET /static/js/axios-0.18.0.js HTTP/1.1" 200 12912
INFO basehttp 187 "GET /static/js/bootstrap.min.js HTTP/1.1" 200 60404
INFO basehttp 187 "GET /static/plugins/bootstrap/js/bootstrap.bundle.min.js HTTP/1.1" 200 78129
INFO basehttp 187 "GET /static/js/vue.js HTTP/1.1" 200 408232
INFO basehttp 187 "GET /static/dist/img/favicon-32x32.png HTTP/1.1" 200 513
INFO basehttp 187 "GET /static/plugins/bootstrap/css/bootstrap.min.css.map HTTP/1.1" 200 451427
INFO basehttp 187 "GET /static/plugins/bootstrap/css/bootstrap.min.css.map HTTP/1.1" 200 451427
INFO basehttp 187 "GET /static/css/bootstrap.min.css.map HTTP/1.1" 200 522639
INFO basehttp 187 "GET /static/index.html HTTP/1.1" 200 28828
INFO basehttp 187 "GET /static/plugins/bootstrap/js/bootstrap.bundle.min.js.map HTTP/1.1" 200 331017
INFO basehttp 187 "GET /static/plugins/bootstrap-icons/bootstrap-icons.css HTTP/1.1" 200 88585
INFO basehttp 187 "GET /static/dist/css/BSA.css HTTP/1.1" 200 20169
INFO basehttp 187 "GET /static/plugins/bootstrap/css/bootstrap.min.css HTTP/1.1" 200 163873
INFO basehttp 187 "GET /static/dist/img/logo-icon.png HTTP/1.1" 200 2065
INFO basehttp 187 "GET /static/plugins/bootstrap-icons/fonts/bootstrap-icons.woff2?8d200481aa7f02a2d63a331fc782cfaf HTTP/1.1" 200 112440
INFO basehttp 187 "GET /static/dist/js/BSA.js HTTP/1.1" 200 24803
INFO basehttp 187 "GET /static/plugins/bootstrap/js/bootstrap.bundle.min.js HTTP/1.1" 200 78129
INFO basehttp 187 "GET /spiders HTTP/1.1" 301 0
INFO basehttp 187 "GET /spiders/ HTTP/1.1" 200 7294
INFO basehttp 187 "GET /static/dist/css/BSA.css HTTP/1.1" 200 20169
INFO basehttp 187 "GET /static/css/bootstrap.min.css HTTP/1.1" 200 194901
INFO basehttp 187 "GET /static/js/axios-0.18.0.js HTTP/1.1" 200 12912
INFO basehttp 187 "GET /static/dist/js/BSA.js HTTP/1.1" 200 24803
INFO basehttp 187 "GET /static/js/bootstrap.min.js HTTP/1.1" 200 60404
INFO basehttp 187 "GET /static/plugins/bootstrap/js/bootstrap.bundle.min.js HTTP/1.1" 200 78129
INFO basehttp 187 "GET /static/js/vue.js HTTP/1.1" 200 408232
INFO basehttp 187 "GET /static/dist/img/favicon-32x32.png HTTP/1.1" 200 513
INFO basehttp 187 "GET /static/plugins/bootstrap/css/bootstrap.min.css.map HTTP/1.1" 200 451427
INFO basehttp 187 "GET /static/css/bootstrap.min.css.map HTTP/1.1" 200 522639
INFO basehttp 187 "GET /static/index.html HTTP/1.1" 200 28828
INFO basehttp 187 "GET /static/plugins/bootstrap-icons/bootstrap-icons.css HTTP/1.1" 200 88585
INFO basehttp 187 "GET /static/dist/css/BSA.css HTTP/1.1" 200 20169
INFO basehttp 187 "GET /static/plugins/bootstrap/css/bootstrap.min.css HTTP/1.1" 200 163873
INFO basehttp 187 "GET /static/dist/img/logo-icon.png HTTP/1.1" 200 2065
INFO basehttp 187 "GET /static/dist/js/BSA.js HTTP/1.1" 200 24803
INFO basehttp 187 "GET /static/plugins/bootstrap/js/bootstrap.bundle.min.js HTTP/1.1" 200 78129
INFO basehttp 187 "GET /static/plugins/bootstrap-icons/fonts/bootstrap-icons.woff2?8d200481aa7f02a2d63a331fc782cfaf HTTP/1.1" 200 112440
INFO basehttp 187 "GET /spiders HTTP/1.1" 301 0
INFO basehttp 187 "GET /spiders/ HTTP/1.1" 200 7294
INFO basehttp 187 "GET /static/dist/css/BSA.css HTTP/1.1" 200 20169
INFO basehttp 187 "GET /static/css/bootstrap.min.css HTTP/1.1" 200 194901
INFO basehttp 187 "GET /static/js/axios-0.18.0.js HTTP/1.1" 200 12912
INFO basehttp 187 "GET /static/js/bootstrap.min.js HTTP/1.1" 200 60404
INFO basehttp 187 "GET /static/dist/js/BSA.js HTTP/1.1" 200 24803
INFO basehttp 187 "GET /static/plugins/bootstrap/js/bootstrap.bundle.min.js HTTP/1.1" 200 78129
INFO basehttp 187 "GET /static/js/vue.js HTTP/1.1" 200 408232
INFO basehttp 187 "GET /static/dist/img/favicon-32x32.png HTTP/1.1" 200 513
INFO basehttp 187 "GET /static/plugins/bootstrap/css/bootstrap.min.css.map HTTP/1.1" 200 451427
INFO basehttp 187 "GET /static/css/bootstrap.min.css.map HTTP/1.1" 200 522639
INFO basehttp 187 "GET /static/dist/js/BSA.js.map HTTP/1.1" 200 80969
INFO basehttp 187 "GET /static/dist/js/BSA.js.map HTTP/1.1" 200 80969
INFO basehttp 187 "GET /static/dist/js/BSA.js.map HTTP/1.1" 200 80969
INFO basehttp 187 "GET /static/index.html HTTP/1.1" 200 28828
INFO basehttp 187 "GET /static/js/bootstrap.min.js.map HTTP/1.1" 200 216913
INFO basehttp 187 "GET /static/plugins/bootstrap/js/bootstrap.bundle.min.js.map HTTP/1.1" 200 331017
INFO basehttp 187 "GET /static/plugins/bootstrap/js/bootstrap.bundle.min.js.map HTTP/1.1" 200 331017
INFO basehttp 187 "GET /static/js/bootstrap.min.js.map HTTP/1.1" 200 216913
INFO basehttp 187 "GET /static/plugins/bootstrap/js/bootstrap.bundle.min.js.map HTTP/1.1" 200 331017
INFO basehttp 187 "GET /static/dist/js/BSA.js.map HTTP/1.1" 200 80969
INFO basehttp 187 "GET /static/plugins/bootstrap-icons/bootstrap-icons.css HTTP/1.1" 200 88585
INFO basehttp 187 "GET /static/dist/css/BSA.css HTTP/1.1" 200 20169
INFO basehttp 187 "GET /static/plugins/bootstrap/css/bootstrap.min.css HTTP/1.1" 200 163873
INFO basehttp 187 "GET /static/dist/img/logo-icon.png HTTP/1.1" 200 2065
INFO basehttp 187 "GET /static/dist/js/BSA.js.map HTTP/1.1" 200 80969
INFO basehttp 187 "GET /static/plugins/bootstrap/js/bootstrap.bundle.min.js.map HTTP/1.1" 200 331017
INFO basehttp 187 "GET /static/plugins/bootstrap-icons/fonts/bootstrap-icons.woff2?8d200481aa7f02a2d63a331fc782cfaf HTTP/1.1" 200 112440
INFO basehttp 187 "GET /static/dist/js/BSA.js HTTP/1.1" 200 24803
INFO basehttp 187 "GET /static/plugins/bootstrap/js/bootstrap.bundle.min.js HTTP/1.1" 200 78129
INFO basehttp 187 "GET /spiders HTTP/1.1" 301 0
INFO basehttp 187 "GET /spiders/ HTTP/1.1" 200 7294
INFO basehttp 187 "GET /static/css/bootstrap.min.css HTTP/1.1" 200 194901
INFO basehttp 187 "GET /static/dist/css/BSA.css HTTP/1.1" 200 20169
INFO basehttp 187 "GET /static/js/axios-0.18.0.js HTTP/1.1" 200 12912
INFO basehttp 187 "GET /static/dist/js/BSA.js HTTP/1.1" 200 24803
INFO basehttp 187 "GET /static/js/bootstrap.min.js HTTP/1.1" 200 60404
INFO basehttp 187 "GET /static/plugins/bootstrap/js/bootstrap.bundle.min.js HTTP/1.1" 200 78129
INFO basehttp 187 "GET /static/js/vue.js HTTP/1.1" 200 408232
INFO basehttp 187 "GET /static/dist/img/favicon-32x32.png HTTP/1.1" 200 513
INFO basehttp 187 "GET /static/plugins/bootstrap/css/bootstrap.min.css.map HTTP/1.1" 200 451427
INFO basehttp 187 "GET /static/css/bootstrap.min.css.map HTTP/1.1" 200 522639
INFO basehttp 187 "GET /static/index.html HTTP/1.1" 200 28828
INFO basehttp 187 "GET /static/plugins/bootstrap-icons/bootstrap-icons.css HTTP/1.1" 200 88585
INFO basehttp 187 "GET /static/plugins/bootstrap/css/bootstrap.min.css HTTP/1.1" 200 163873
INFO basehttp 187 "GET /static/dist/css/BSA.css HTTP/1.1" 200 20169
INFO basehttp 187 "GET /static/dist/img/logo-icon.png HTTP/1.1" 200 2065
INFO basehttp 187 "GET /static/dist/js/BSA.js HTTP/1.1" 200 24803
INFO basehttp 187 "GET /static/plugins/bootstrap/js/bootstrap.bundle.min.js HTTP/1.1" 200 78129
INFO basehttp 187 "GET /static/plugins/bootstrap-icons/fonts/bootstrap-icons.woff2?8d200481aa7f02a2d63a331fc782cfaf HTTP/1.1" 200 112440
INFO basehttp 187 "GET /spiders HTTP/1.1" 301 0
INFO basehttp 187 "GET /spiders/ HTTP/1.1" 200 7294
INFO basehttp 187 "GET /static/dist/css/BSA.css HTTP/1.1" 200 20169
INFO basehttp 187 "GET /static/css/bootstrap.min.css HTTP/1.1" 200 194901
INFO basehttp 187 "GET /static/js/axios-0.18.0.js HTTP/1.1" 200 12912
INFO basehttp 187 "GET /static/js/bootstrap.min.js HTTP/1.1" 200 60404
INFO basehttp 187 "GET /static/js/vue.js HTTP/1.1" 200 408232
INFO basehttp 187 "GET /static/dist/js/BSA.js HTTP/1.1" 200 24803
INFO basehttp 187 "GET /static/plugins/bootstrap/js/bootstrap.bundle.min.js HTTP/1.1" 200 78129
INFO basehttp 187 "GET /static/dist/img/favicon-32x32.png HTTP/1.1" 200 513
INFO basehttp 187 "GET /static/plugins/bootstrap/css/bootstrap.min.css.map HTTP/1.1" 200 451427
INFO basehttp 187 "GET /static/css/bootstrap.min.css.map HTTP/1.1" 200 522639
INFO basehttp 187 "GET /static/js/bootstrap.min.js.map HTTP/1.1" 200 216913
INFO basehttp 187 "GET /static/dist/js/BSA.js.map HTTP/1.1" 200 80969
INFO basehttp 187 "GET /static/plugins/bootstrap/js/bootstrap.bundle.min.js.map HTTP/1.1" 200 331017
INFO basehttp 187 "GET /static/dist/js/BSA.js.map HTTP/1.1" 200 80969
INFO basehttp 187 "GET /static/plugins/bootstrap/js/bootstrap.bundle.min.js.map HTTP/1.1" 200 331017
INFO basehttp 187 "GET /static/dist/js/BSA.js.map HTTP/1.1" 200 80969
INFO basehttp 187 "GET /static/js/bootstrap.min.js.map HTTP/1.1" 200 216913
INFO basehttp 187 "GET /static/plugins/bootstrap/js/bootstrap.bundle.min.js.map HTTP/1.1" 200 331017
INFO basehttp 187 "GET /static/dist/js/BSA.js.map HTTP/1.1" 200 80969
INFO basehttp 187 "GET /static/plugins/bootstrap/js/bootstrap.bundle.min.js.map HTTP/1.1" 200 331017
INFO basehttp 187 "GET /static/dist/js/BSA.js.map HTTP/1.1" 200 80969
INFO basehttp 187 "GET /static/js/bootstrap.min.js.map HTTP/1.1" 200 216913
INFO basehttp 187 "GET /static/plugins/bootstrap/js/bootstrap.bundle.min.js.map HTTP/1.1" 200 331017
INFO basehttp 187 "GET /static/dist/js/BSA.js.map HTTP/1.1" 200 80969
INFO basehttp 187 "GET /static/plugins/bootstrap/js/bootstrap.bundle.min.js.map HTTP/1.1" 200 331017
INFO basehttp 187 "GET /static/dist/js/BSA.js.map HTTP/1.1" 200 80969
INFO basehttp 187 "GET /static/dist/js/BSA.js.map HTTP/1.1" 200 80969
INFO basehttp 187 "GET /static/js/bootstrap.min.js.map HTTP/1.1" 200 216913
INFO basehttp 187 "GET /static/plugins/bootstrap/js/bootstrap.bundle.min.js.map HTTP/1.1" 200 331017
INFO basehttp 187 "GET /static/plugins/bootstrap/js/bootstrap.bundle.min.js.map HTTP/1.1" 200 331017
INFO basehttp 187 "GET /static/dist/js/BSA.js.map HTTP/1.1" 200 80969
INFO basehttp 187 "GET /static/js/bootstrap.min.js.map HTTP/1.1" 200 216913
INFO basehttp 187 "GET /static/plugins/bootstrap/js/bootstrap.bundle.min.js.map HTTP/1.1" 200 331017
INFO autoreload 266 B:\02_Important\Python\0a_project\zol_phone\apps\crawler\views.py changed, reloading.
INFO autoreload 677 Watching for file changes with StatReloader
INFO autoreload 266 B:\02_Important\Python\0a_project\zol_phone\apps\crawler\views.py changed, reloading.
INFO autoreload 677 Watching for file changes with StatReloader
INFO autoreload 266 B:\02_Important\Python\0a_project\zol_phone\apps\crawler\views.py changed, reloading.
INFO autoreload 677 Watching for file changes with StatReloader
INFO autoreload 266 B:\02_Important\Python\0a_project\zol_phone\apps\crawler\views.py changed, reloading.
INFO autoreload 677 Watching for file changes with StatReloader
INFO autoreload 266 B:\02_Important\Python\0a_project\zol_phone\apps\crawler\views.py changed, reloading.
INFO autoreload 677 Watching for file changes with StatReloader
INFO autoreload 266 B:\02_Important\Python\0a_project\zol_phone\apps\crawler\views.py changed, reloading.
INFO autoreload 677 Watching for file changes with StatReloader
INFO autoreload 266 B:\02_Important\Python\0a_project\zol_phone\apps\crawler\views.py changed, reloading.
INFO autoreload 677 Watching for file changes with StatReloader
INFO autoreload 266 B:\02_Important\Python\0a_project\zol_phone\apps\crawler\views.py changed, reloading.
INFO autoreload 677 Watching for file changes with StatReloader
INFO autoreload 266 B:\02_Important\Python\0a_project\zol_phone\apps\crawler\views.py changed, reloading.
INFO autoreload 677 Watching for file changes with StatReloader
INFO autoreload 266 B:\02_Important\Python\0a_project\zol_phone\apps\crawler\views.py changed, reloading.
INFO autoreload 677 Watching for file changes with StatReloader
INFO autoreload 266 B:\02_Important\Python\0a_project\zol_phone\apps\crawler\views.py changed, reloading.
INFO autoreload 677 Watching for file changes with StatReloader
INFO autoreload 266 B:\02_Important\Python\0a_project\zol_phone\apps\crawler\views.py changed, reloading.
INFO autoreload 677 Watching for file changes with StatReloader
INFO basehttp 187 "GET /static/index.html HTTP/1.1" 200 28828
INFO basehttp 187 "GET /static/plugins/bootstrap-icons/bootstrap-icons.css HTTP/1.1" 200 88585
INFO basehttp 187 "GET /static/plugins/bootstrap/css/bootstrap.min.css HTTP/1.1" 200 163873
INFO basehttp 187 "GET /static/dist/css/BSA.css HTTP/1.1" 200 20169
INFO basehttp 187 "GET /static/dist/img/logo-icon.png HTTP/1.1" 200 2065
INFO basehttp 187 "GET /static/plugins/bootstrap-icons/fonts/bootstrap-icons.woff2?8d200481aa7f02a2d63a331fc782cfaf HTTP/1.1" 200 112440
INFO basehttp 187 "GET /static/dist/js/BSA.js HTTP/1.1" 200 24803
INFO basehttp 187 "GET /static/plugins/bootstrap/js/bootstrap.bundle.min.js HTTP/1.1" 200 78129
INFO basehttp 187 "GET /spiders HTTP/1.1" 301 0
INFO basehttp 187 "GET /spiders/ HTTP/1.1" 200 871
INFO basehttp 187 "GET /static/dist/css/BSA.css HTTP/1.1" 200 20169
INFO basehttp 187 "GET /static/css/bootstrap.min.css HTTP/1.1" 200 194901
INFO basehttp 187 "GET /static/js/axios-0.18.0.js HTTP/1.1" 200 12912
INFO basehttp 187 "GET /static/dist/js/BSA.js HTTP/1.1" 200 24803
INFO basehttp 187 "GET /static/js/bootstrap.min.js HTTP/1.1" 200 60404
INFO basehttp 187 "GET /static/plugins/bootstrap/js/bootstrap.bundle.min.js HTTP/1.1" 200 78129
INFO basehttp 187 "GET /static/js/vue.js HTTP/1.1" 200 408232
INFO basehttp 187 "GET /static/dist/img/favicon-32x32.png HTTP/1.1" 200 513
INFO basehttp 187 "GET /static/plugins/bootstrap/css/bootstrap.min.css.map HTTP/1.1" 200 451427
INFO basehttp 187 "GET /static/css/bootstrap.min.css.map HTTP/1.1" 200 522639
INFO basehttp 187 "GET /static/dist/js/BSA.js.map HTTP/1.1" 200 80969
INFO basehttp 187 "GET /static/plugins/bootstrap/js/bootstrap.bundle.min.js.map HTTP/1.1" 200 331017
INFO basehttp 187 "GET /static/dist/js/BSA.js.map HTTP/1.1" 200 80969
INFO basehttp 187 "GET /static/js/bootstrap.min.js.map HTTP/1.1" 200 216913
INFO basehttp 187 "GET /static/plugins/bootstrap/js/bootstrap.bundle.min.js.map HTTP/1.1" 200 331017
INFO autoreload 266 B:\02_Important\Python\0a_project\zol_phone\apps\crawler\views.py changed, reloading.
INFO autoreload 677 Watching for file changes with StatReloader
INFO autoreload 266 B:\02_Important\Python\0a_project\zol_phone\utils\cacher.py changed, reloading.
INFO autoreload 677 Watching for file changes with StatReloader
INFO autoreload 266 B:\02_Important\Python\0a_project\zol_phone\utils\cacher.py changed, reloading.
INFO autoreload 677 Watching for file changes with StatReloader
INFO autoreload 266 B:\02_Important\Python\0a_project\zol_phone\utils\cacher.py changed, reloading.
INFO autoreload 677 Watching for file changes with StatReloader
INFO autoreload 677 Watching for file changes with StatReloader
INFO basehttp 187 "GET /static/index.html HTTP/1.1" 200 28828
INFO basehttp 187 "GET /static/plugins/bootstrap-icons/bootstrap-icons.css HTTP/1.1" 200 88585
INFO basehttp 187 "GET /static/dist/css/BSA.css HTTP/1.1" 200 20169
INFO basehttp 187 "GET /static/plugins/bootstrap/css/bootstrap.min.css HTTP/1.1" 200 163873
INFO basehttp 187 "GET /static/dist/img/logo-icon.png HTTP/1.1" 200 2065
INFO basehttp 187 "GET /static/plugins/bootstrap-icons/fonts/bootstrap-icons.woff2?8d200481aa7f02a2d63a331fc782cfaf HTTP/1.1" 200 112440
INFO basehttp 187 "GET /static/dist/js/BSA.js HTTP/1.1" 200 24803
INFO basehttp 187 "GET /static/plugins/bootstrap/js/bootstrap.bundle.min.js HTTP/1.1" 200 78129
INFO basehttp 187 "GET /spiders HTTP/1.1" 301 0
INFO basehttp 187 "GET /spiders/ HTTP/1.1" 200 7294
INFO basehttp 187 "GET /static/dist/css/BSA.css HTTP/1.1" 200 20169
INFO basehttp 187 "GET /static/css/bootstrap.min.css HTTP/1.1" 200 194901
INFO basehttp 187 "GET /static/js/axios-0.18.0.js HTTP/1.1" 200 12912
INFO basehttp 187 "GET /static/dist/js/BSA.js HTTP/1.1" 200 24803
INFO basehttp 187 "GET /static/js/bootstrap.min.js HTTP/1.1" 200 60404
INFO basehttp 187 "GET /static/plugins/bootstrap/js/bootstrap.bundle.min.js HTTP/1.1" 200 78129
INFO basehttp 187 "GET /static/js/vue.js HTTP/1.1" 200 408232
INFO basehttp 187 "GET /static/dist/img/favicon-32x32.png HTTP/1.1" 200 513
INFO basehttp 187 "GET /static/plugins/bootstrap/css/bootstrap.min.css.map HTTP/1.1" 200 451427
INFO basehttp 187 "GET /static/css/bootstrap.min.css.map HTTP/1.1" 200 522639
INFO basehttp 187 "GET /static/dist/js/BSA.js.map HTTP/1.1" 200 80969
INFO basehttp 187 "GET /static/plugins/bootstrap/js/bootstrap.bundle.min.js.map HTTP/1.1" 200 331017
INFO basehttp 187 "GET /static/dist/js/BSA.js.map HTTP/1.1" 200 80969
INFO basehttp 187 "GET /static/js/bootstrap.min.js.map HTTP/1.1" 200 216913
INFO basehttp 187 "GET /static/plugins/bootstrap/js/bootstrap.bundle.min.js.map HTTP/1.1" 200 331017
INFO basehttp 187 "GET /static/index.html HTTP/1.1" 200 28828
INFO basehttp 187 "GET /static/plugins/bootstrap-icons/bootstrap-icons.css HTTP/1.1" 200 88585
INFO basehttp 187 "GET /static/dist/css/BSA.css HTTP/1.1" 200 20169
INFO basehttp 187 "GET /static/plugins/bootstrap/css/bootstrap.min.css HTTP/1.1" 200 163873
INFO basehttp 187 "GET /static/dist/img/logo-icon.png HTTP/1.1" 200 2065
INFO basehttp 187 "GET /static/plugins/bootstrap-icons/fonts/bootstrap-icons.woff2?8d200481aa7f02a2d63a331fc782cfaf HTTP/1.1" 200 112440
INFO basehttp 187 "GET /static/plugins/bootstrap/css/bootstrap.min.css.map HTTP/1.1" 200 451427
INFO basehttp 187 "GET /static/dist/js/BSA.js HTTP/1.1" 200 24803
INFO basehttp 187 "GET /static/plugins/bootstrap/js/bootstrap.bundle.min.js HTTP/1.1" 200 78129
INFO basehttp 187 "GET /spiders HTTP/1.1" 301 0
INFO basehttp 187 "GET /spiders/ HTTP/1.1" 200 7294
INFO basehttp 187 "GET /static/dist/css/BSA.css HTTP/1.1" 200 20169
INFO basehttp 187 "GET /static/css/bootstrap.min.css HTTP/1.1" 200 194901
INFO basehttp 187 "GET /static/js/axios-0.18.0.js HTTP/1.1" 200 12912
INFO basehttp 187 "GET /static/dist/js/BSA.js HTTP/1.1" 200 24803
INFO basehttp 187 "GET /static/js/bootstrap.min.js HTTP/1.1" 200 60404
INFO basehttp 187 "GET /static/plugins/bootstrap/js/bootstrap.bundle.min.js HTTP/1.1" 200 78129
INFO basehttp 187 "GET /static/js/vue.js HTTP/1.1" 200 408232
INFO basehttp 187 "GET /static/dist/img/favicon-32x32.png HTTP/1.1" 200 513
INFO basehttp 187 "GET /static/css/bootstrap.min.css.map HTTP/1.1" 200 522639
INFO basehttp 187 "GET /static/index.html HTTP/1.1" 200 28828
INFO basehttp 187 "GET /static/plugins/bootstrap-icons/bootstrap-icons.css HTTP/1.1" 200 88585
INFO basehttp 187 "GET /static/plugins/bootstrap/css/bootstrap.min.css HTTP/1.1" 200 163873
INFO basehttp 187 "GET /static/dist/css/BSA.css HTTP/1.1" 200 20169
INFO basehttp 187 "GET /static/dist/img/logo-icon.png HTTP/1.1" 200 2065
INFO basehttp 187 "GET /static/plugins/bootstrap-icons/fonts/bootstrap-icons.woff2?8d200481aa7f02a2d63a331fc782cfaf HTTP/1.1" 200 112440
INFO basehttp 187 "GET /static/dist/js/BSA.js HTTP/1.1" 200 24803
INFO basehttp 187 "GET /static/plugins/bootstrap/js/bootstrap.bundle.min.js HTTP/1.1" 200 78129
INFO basehttp 187 "GET /spiders HTTP/1.1" 301 0
INFO basehttp 187 "GET /spiders/ HTTP/1.1" 200 7294
INFO basehttp 187 "GET /static/css/bootstrap.min.css HTTP/1.1" 200 194901
INFO basehttp 187 "GET /static/dist/css/BSA.css HTTP/1.1" 200 20169
INFO basehttp 187 "GET /static/js/axios-0.18.0.js HTTP/1.1" 200 12912
INFO basehttp 187 "GET /static/js/bootstrap.min.js HTTP/1.1" 200 60404
INFO basehttp 187 "GET /static/dist/js/BSA.js HTTP/1.1" 200 24803
INFO basehttp 187 "GET /static/plugins/bootstrap/js/bootstrap.bundle.min.js HTTP/1.1" 200 78129
INFO basehttp 187 "GET /static/js/vue.js HTTP/1.1" 200 408232
INFO basehttp 187 "GET /static/dist/img/favicon-32x32.png HTTP/1.1" 200 513
INFO basehttp 187 "GET /static/plugins/bootstrap/css/bootstrap.min.css.map HTTP/1.1" 200 451427
INFO basehttp 187 "GET /static/css/bootstrap.min.css.map HTTP/1.1" 200 522639
INFO basehttp 187 "GET /static/plugins/bootstrap/js/bootstrap.bundle.min.js.map HTTP/1.1" 200 331017
INFO basehttp 187 "GET /static/dist/js/BSA.js.map HTTP/1.1" 200 80969
INFO basehttp 187 "GET /static/js/bootstrap.min.js.map HTTP/1.1" 200 216913
INFO basehttp 187 "GET /static/dist/js/BSA.js.map HTTP/1.1" 200 80969
INFO basehttp 187 "GET /static/plugins/bootstrap/js/bootstrap.bundle.min.js.map HTTP/1.1" 200 331017
INFO basehttp 187 "GET /static/dist/js/BSA.js.map HTTP/1.1" 200 80969
INFO basehttp 187 "GET /static/plugins/bootstrap/js/bootstrap.bundle.min.js.map HTTP/1.1" 200 331017
INFO basehttp 187 "GET /static/dist/js/BSA.js.map HTTP/1.1" 200 80969
INFO basehttp 187 "GET /static/js/bootstrap.min.js.map HTTP/1.1" 200 216913
INFO basehttp 187 "GET /static/plugins/bootstrap/js/bootstrap.bundle.min.js.map HTTP/1.1" 200 331017
INFO basehttp 187 "GET /static/index.html HTTP/1.1" 200 28828
INFO basehttp 187 "GET /static/dist/css/BSA.css HTTP/1.1" 200 20169
INFO basehttp 187 "GET /static/plugins/bootstrap-icons/bootstrap-icons.css HTTP/1.1" 200 88585
INFO basehttp 187 "GET /static/plugins/bootstrap/css/bootstrap.min.css HTTP/1.1" 200 163873
INFO basehttp 187 "GET /static/dist/img/logo-icon.png HTTP/1.1" 200 2065
INFO basehttp 187 "GET /static/plugins/bootstrap/js/bootstrap.bundle.min.js HTTP/1.1" 200 78129
INFO basehttp 187 "GET /static/dist/js/BSA.js HTTP/1.1" 200 24803
INFO basehttp 187 "GET /static/plugins/bootstrap-icons/fonts/bootstrap-icons.woff2?8d200481aa7f02a2d63a331fc782cfaf HTTP/1.1" 200 112440
INFO basehttp 187 "GET /static/plugins/bootstrap/css/bootstrap.min.css.map HTTP/1.1" 200 451427
INFO basehttp 187 "GET /static/dist/js/BSA.js.map HTTP/1.1" 200 80969
INFO basehttp 187 "GET /static/plugins/bootstrap/js/bootstrap.bundle.min.js.map HTTP/1.1" 200 331017
INFO basehttp 187 "GET /spiders HTTP/1.1" 301 0
INFO basehttp 187 "GET /spiders/ HTTP/1.1" 200 7294
INFO basehttp 187 "GET /static/dist/css/BSA.css HTTP/1.1" 200 20169
INFO basehttp 187 "GET /static/css/bootstrap.min.css HTTP/1.1" 200 194901
INFO basehttp 187 "GET /static/js/axios-0.18.0.js HTTP/1.1" 200 12912
INFO basehttp 187 "GET /static/dist/js/BSA.js HTTP/1.1" 200 24803
INFO basehttp 187 "GET /static/js/bootstrap.min.js HTTP/1.1" 200 60404
INFO basehttp 187 "GET /static/plugins/bootstrap/js/bootstrap.bundle.min.js HTTP/1.1" 200 78129
INFO basehttp 187 "GET /static/js/vue.js HTTP/1.1" 200 408232
INFO basehttp 187 "GET /static/css/bootstrap.min.css.map HTTP/1.1" 200 522639
INFO basehttp 187 "GET /static/dist/js/BSA.js.map HTTP/1.1" 200 80969
INFO basehttp 187 "GET /static/js/bootstrap.min.js.map HTTP/1.1" 200 216913
INFO basehttp 187 "GET /static/plugins/bootstrap/js/bootstrap.bundle.min.js.map HTTP/1.1" 200 331017
INFO basehttp 187 "GET /static/dist/img/favicon-32x32.png HTTP/1.1" 200 513
INFO basehttp 187 "GET /static/index.html HTTP/1.1" 200 28828
INFO basehttp 187 "GET /static/dist/css/BSA.css HTTP/1.1" 200 20169
INFO basehttp 187 "GET /static/plugins/bootstrap-icons/bootstrap-icons.css HTTP/1.1" 200 88585
INFO basehttp 187 "GET /static/plugins/bootstrap/css/bootstrap.min.css HTTP/1.1" 200 163873
INFO basehttp 187 "GET /static/dist/img/logo-icon.png HTTP/1.1" 200 2065
INFO basehttp 187 "GET /static/plugins/bootstrap-icons/fonts/bootstrap-icons.woff2?8d200481aa7f02a2d63a331fc782cfaf HTTP/1.1" 200 112440
INFO basehttp 187 "GET /static/dist/js/BSA.js HTTP/1.1" 200 24803
INFO basehttp 187 "GET /static/plugins/bootstrap/js/bootstrap.bundle.min.js HTTP/1.1" 200 78129
INFO basehttp 187 "GET /static/plugins/bootstrap/css/bootstrap.min.css.map HTTP/1.1" 200 451427
INFO basehttp 187 "GET /spiders HTTP/1.1" 301 0
INFO basehttp 187 "GET /spiders/ HTTP/1.1" 200 7193
INFO basehttp 187 "GET /static/dist/js/BSA.js.map HTTP/1.1" 200 80969
INFO basehttp 187 "GET /static/plugins/bootstrap/js/bootstrap.bundle.min.js.map HTTP/1.1" 200 331017
INFO basehttp 187 "GET /static/css/bootstrap.min.css HTTP/1.1" 200 194901
INFO basehttp 187 "GET /static/dist/css/BSA.css HTTP/1.1" 200 20169
INFO basehttp 187 "GET /static/dist/js/BSA.js HTTP/1.1" 200 24803
INFO basehttp 187 "GET /static/js/bootstrap.min.js HTTP/1.1" 200 60404
INFO basehttp 187 "GET /static/plugins/bootstrap/js/bootstrap.bundle.min.js HTTP/1.1" 200 78129
INFO basehttp 187 "GET /static/css/bootstrap.min.css.map HTTP/1.1" 200 522639
INFO basehttp 187 "GET /static/js/bootstrap.min.js.map HTTP/1.1" 200 216913
INFO basehttp 187 "GET /static/dist/js/BSA.js.map HTTP/1.1" 200 80969
INFO basehttp 187 "GET /static/plugins/bootstrap/js/bootstrap.bundle.min.js.map HTTP/1.1" 200 331017
INFO basehttp 187 "GET /static/dist/img/favicon-32x32.png HTTP/1.1" 200 513
INFO basehttp 187 "GET /static/index.html HTTP/1.1" 200 28828
INFO basehttp 187 "GET /static/dist/css/BSA.css HTTP/1.1" 200 20169
INFO basehttp 187 "GET /static/plugins/bootstrap-icons/bootstrap-icons.css HTTP/1.1" 200 88585
INFO basehttp 187 "GET /static/plugins/bootstrap/css/bootstrap.min.css HTTP/1.1" 200 163873
INFO basehttp 187 "GET /static/dist/img/logo-icon.png HTTP/1.1" 200 2065
INFO basehttp 187 "GET /static/dist/js/BSA.js HTTP/1.1" 200 24803
INFO basehttp 187 "GET /static/plugins/bootstrap/js/bootstrap.bundle.min.js HTTP/1.1" 200 78129
INFO basehttp 187 "GET /static/plugins/bootstrap-icons/fonts/bootstrap-icons.woff2?8d200481aa7f02a2d63a331fc782cfaf HTTP/1.1" 200 112440
INFO basehttp 187 "GET /static/plugins/bootstrap/css/bootstrap.min.css.map HTTP/1.1" 200 451427
INFO basehttp 187 "GET /spiders HTTP/1.1" 301 0
INFO basehttp 187 "GET /spiders/ HTTP/1.1" 200 7193
INFO basehttp 187 "GET /static/dist/css/BSA.css HTTP/1.1" 200 20169
INFO basehttp 187 "GET /static/css/bootstrap.min.css HTTP/1.1" 200 194901
INFO basehttp 187 "GET /static/dist/js/BSA.js HTTP/1.1" 200 24803
INFO basehttp 187 "GET /static/js/bootstrap.min.js HTTP/1.1" 200 60404
INFO basehttp 187 "GET /static/dist/js/BSA.js.map HTTP/1.1" 200 80969
INFO basehttp 187 "GET /static/plugins/bootstrap/js/bootstrap.bundle.min.js HTTP/1.1" 200 78129
INFO basehttp 187 "GET /static/plugins/bootstrap/js/bootstrap.bundle.min.js.map HTTP/1.1" 200 331017
INFO basehttp 187 "GET /static/css/bootstrap.min.css.map HTTP/1.1" 200 522639
INFO basehttp 187 "GET /static/dist/js/BSA.js.map HTTP/1.1" 200 80969
INFO basehttp 187 "GET /static/js/bootstrap.min.js.map HTTP/1.1" 200 216913
INFO basehttp 187 "GET /static/plugins/bootstrap/js/bootstrap.bundle.min.js.map HTTP/1.1" 200 331017
INFO basehttp 187 "GET /static/dist/img/favicon-32x32.png HTTP/1.1" 200 513
INFO basehttp 187 "GET /static/index.html HTTP/1.1" 200 28828
INFO basehttp 187 "GET /static/dist/css/BSA.css HTTP/1.1" 200 20169
INFO basehttp 187 "GET /static/plugins/bootstrap-icons/bootstrap-icons.css HTTP/1.1" 200 88585
INFO basehttp 187 "GET /static/plugins/bootstrap/css/bootstrap.min.css HTTP/1.1" 200 163873
INFO basehttp 187 "GET /static/dist/img/logo-icon.png HTTP/1.1" 200 2065
INFO basehttp 187 "GET /static/dist/js/BSA.js HTTP/1.1" 200 24803
INFO basehttp 187 "GET /static/plugins/bootstrap/js/bootstrap.bundle.min.js HTTP/1.1" 200 78129
INFO basehttp 187 "GET /static/plugins/bootstrap-icons/fonts/bootstrap-icons.woff2?8d200481aa7f02a2d63a331fc782cfaf HTTP/1.1" 200 112440
INFO basehttp 187 "GET /static/plugins/bootstrap/css/bootstrap.min.css.map HTTP/1.1" 200 451427
INFO basehttp 187 "GET /spiders HTTP/1.1" 301 0
INFO basehttp 187 "GET /spiders/ HTTP/1.1" 200 7193
INFO basehttp 187 "GET /static/css/bootstrap.min.css HTTP/1.1" 200 194901
INFO basehttp 187 "GET /static/dist/css/BSA.css HTTP/1.1" 200 20169
INFO basehttp 187 "GET /static/js/bootstrap.min.js HTTP/1.1" 200 60404
INFO basehttp 187 "GET /static/dist/js/BSA.js HTTP/1.1" 200 24803
INFO basehttp 187 "GET /static/plugins/bootstrap/js/bootstrap.bundle.min.js HTTP/1.1" 200 78129
INFO basehttp 187 "GET /static/css/bootstrap.min.css.map HTTP/1.1" 200 522639
INFO basehttp 187 "GET /static/dist/js/BSA.js.map HTTP/1.1" 200 80969
INFO basehttp 187 "GET /static/plugins/bootstrap/js/bootstrap.bundle.min.js.map HTTP/1.1" 200 331017
INFO basehttp 187 "GET /static/dist/js/BSA.js.map HTTP/1.1" 200 80969
INFO basehttp 187 "GET /static/js/bootstrap.min.js.map HTTP/1.1" 200 216913
INFO basehttp 187 "GET /static/plugins/bootstrap/js/bootstrap.bundle.min.js.map HTTP/1.1" 200 331017
INFO basehttp 187 "GET /static/dist/img/favicon-32x32.png HTTP/1.1" 200 513
INFO basehttp 187 "GET /static/index.html HTTP/1.1" 200 28828
INFO basehttp 187 "GET /static/dist/css/BSA.css HTTP/1.1" 200 20169
INFO basehttp 187 "GET /static/plugins/bootstrap-icons/bootstrap-icons.css HTTP/1.1" 200 88585
INFO basehttp 187 "GET /static/plugins/bootstrap/css/bootstrap.min.css HTTP/1.1" 200 163873
INFO basehttp 187 "GET /static/dist/img/logo-icon.png HTTP/1.1" 200 2065
INFO basehttp 187 "GET /static/dist/js/BSA.js HTTP/1.1" 200 24803
INFO basehttp 187 "GET /static/plugins/bootstrap/js/bootstrap.bundle.min.js HTTP/1.1" 200 78129
INFO basehttp 187 "GET /static/plugins/bootstrap-icons/fonts/bootstrap-icons.woff2?8d200481aa7f02a2d63a331fc782cfaf HTTP/1.1" 200 112440
INFO basehttp 187 "GET /static/plugins/bootstrap/css/bootstrap.min.css.map HTTP/1.1" 200 451427
INFO basehttp 187 "GET /spiders HTTP/1.1" 301 0
INFO basehttp 187 "GET /spiders/ HTTP/1.1" 200 7193
INFO basehttp 187 "GET /static/css/bootstrap.min.css HTTP/1.1" 200 194901
INFO basehttp 187 "GET /static/dist/css/BSA.css HTTP/1.1" 200 20169
INFO basehttp 187 "GET /static/js/bootstrap.min.js HTTP/1.1" 200 60404
INFO basehttp 187 "GET /static/dist/js/BSA.js HTTP/1.1" 200 24803
INFO basehttp 187 "GET /static/plugins/bootstrap/js/bootstrap.bundle.min.js HTTP/1.1" 200 78129
INFO basehttp 187 "GET /static/css/bootstrap.min.css.map HTTP/1.1" 200 522639
INFO basehttp 187 "GET /static/dist/js/BSA.js.map HTTP/1.1" 200 80969
INFO basehttp 187 "GET /static/plugins/bootstrap/js/bootstrap.bundle.min.js.map HTTP/1.1" 200 331017
INFO basehttp 187 "GET /static/js/bootstrap.min.js.map HTTP/1.1" 200 216913
INFO basehttp 187 "GET /static/dist/js/BSA.js.map HTTP/1.1" 200 80969
INFO basehttp 187 "GET /static/plugins/bootstrap/js/bootstrap.bundle.min.js.map HTTP/1.1" 200 331017
INFO basehttp 187 "GET /static/dist/img/favicon-32x32.png HTTP/1.1" 200 513
INFO basehttp 187 "GET /static/index.html HTTP/1.1" 200 28828
INFO basehttp 187 "GET /static/plugins/bootstrap-icons/bootstrap-icons.css HTTP/1.1" 200 88585
INFO basehttp 187 "GET /static/plugins/bootstrap/css/bootstrap.min.css HTTP/1.1" 200 163873
INFO basehttp 187 "GET /static/dist/img/logo-icon.png HTTP/1.1" 200 2065
INFO basehttp 187 "GET /static/dist/css/BSA.css HTTP/1.1" 200 20169
INFO basehttp 187 "GET /static/dist/js/BSA.js HTTP/1.1" 200 24803
INFO basehttp 187 "GET /static/plugins/bootstrap/js/bootstrap.bundle.min.js HTTP/1.1" 200 78129
INFO basehttp 187 "GET /static/plugins/bootstrap-icons/fonts/bootstrap-icons.woff2?8d200481aa7f02a2d63a331fc782cfaf HTTP/1.1" 200 112440
INFO basehttp 187 "GET /spiders HTTP/1.1" 301 0
INFO basehttp 187 "GET /static/plugins/bootstrap/css/bootstrap.min.css.map HTTP/1.1" 200 451427
INFO basehttp 187 "GET /static/dist/js/BSA.js.map HTTP/1.1" 200 80969
INFO basehttp 187 "GET /static/plugins/bootstrap/js/bootstrap.bundle.min.js.map HTTP/1.1" 200 331017
INFO basehttp 187 "GET /spiders/ HTTP/1.1" 200 7193
INFO basehttp 187 "GET /static/dist/css/BSA.css HTTP/1.1" 200 20169
INFO basehttp 187 "GET /static/css/bootstrap.min.css HTTP/1.1" 200 194901
INFO basehttp 187 "GET /static/js/bootstrap.min.js HTTP/1.1" 200 60404
INFO basehttp 187 "GET /static/dist/js/BSA.js HTTP/1.1" 200 24803
INFO basehttp 187 "GET /static/plugins/bootstrap/js/bootstrap.bundle.min.js HTTP/1.1" 200 78129
INFO basehttp 187 "GET /static/css/bootstrap.min.css.map HTTP/1.1" 200 522639
INFO basehttp 187 "GET /static/dist/js/BSA.js.map HTTP/1.1" 200 80969
INFO basehttp 187 "GET /static/js/bootstrap.min.js.map HTTP/1.1" 200 216913
INFO basehttp 187 "GET /static/plugins/bootstrap/js/bootstrap.bundle.min.js.map HTTP/1.1" 200 331017
INFO basehttp 187 "GET /static/dist/img/favicon-32x32.png HTTP/1.1" 200 513
INFO basehttp 187 "GET /static/index.html HTTP/1.1" 200 28828
INFO basehttp 187 "GET /static/plugins/bootstrap-icons/bootstrap-icons.css HTTP/1.1" 200 88585
INFO basehttp 187 "GET /static/dist/css/BSA.css HTTP/1.1" 200 20169
INFO basehttp 187 "GET /static/plugins/bootstrap/css/bootstrap.min.css HTTP/1.1" 200 163873
INFO basehttp 187 "GET /static/plugins/bootstrap/js/bootstrap.bundle.min.js HTTP/1.1" 200 78129
INFO basehttp 187 "GET /static/dist/js/BSA.js HTTP/1.1" 200 24803
INFO basehttp 187 "GET /static/dist/img/logo-icon.png HTTP/1.1" 200 2065
INFO basehttp 187 "GET /static/plugins/bootstrap-icons/fonts/bootstrap-icons.woff2?8d200481aa7f02a2d63a331fc782cfaf HTTP/1.1" 200 112440
INFO basehttp 187 "GET /static/plugins/bootstrap/css/bootstrap.min.css.map HTTP/1.1" 200 451427
INFO basehttp 187 "GET /spiders HTTP/1.1" 301 0
INFO basehttp 187 "GET /static/plugins/bootstrap/js/bootstrap.bundle.min.js.map HTTP/1.1" 200 331017
INFO basehttp 187 "GET /static/dist/js/BSA.js.map HTTP/1.1" 200 80969
INFO basehttp 187 "GET /spiders/ HTTP/1.1" 200 7193
INFO basehttp 187 "GET /static/dist/css/BSA.css HTTP/1.1" 200 20169
INFO basehttp 187 "GET /static/css/bootstrap.min.css HTTP/1.1" 200 194901
INFO basehttp 187 "GET /static/dist/js/BSA.js HTTP/1.1" 200 24803
INFO basehttp 187 "GET /static/js/bootstrap.min.js HTTP/1.1" 200 60404
INFO basehttp 187 "GET /static/plugins/bootstrap/js/bootstrap.bundle.min.js HTTP/1.1" 200 78129
INFO basehttp 187 "GET /static/css/bootstrap.min.css.map HTTP/1.1" 200 522639
INFO basehttp 187 "GET /static/js/bootstrap.min.js.map HTTP/1.1" 200 216913
INFO basehttp 187 "GET /static/dist/js/BSA.js.map HTTP/1.1" 200 80969
INFO basehttp 187 "GET /static/plugins/bootstrap/js/bootstrap.bundle.min.js.map HTTP/1.1" 200 331017
INFO basehttp 187 "GET /static/dist/img/favicon-32x32.png HTTP/1.1" 200 513
INFO basehttp 187 "GET /static/index.html HTTP/1.1" 200 28828
INFO basehttp 187 "GET /static/dist/css/BSA.css HTTP/1.1" 200 20169
INFO basehttp 187 "GET /static/plugins/bootstrap-icons/bootstrap-icons.css HTTP/1.1" 200 88585
INFO basehttp 187 "GET /static/plugins/bootstrap/css/bootstrap.min.css HTTP/1.1" 200 163873
INFO basehttp 187 "GET /static/dist/img/logo-icon.png HTTP/1.1" 200 2065
INFO basehttp 187 "GET /static/dist/js/BSA.js HTTP/1.1" 200 24803
INFO basehttp 187 "GET /static/plugins/bootstrap/js/bootstrap.bundle.min.js HTTP/1.1" 200 78129
INFO basehttp 187 "GET /static/plugins/bootstrap-icons/fonts/bootstrap-icons.woff2?8d200481aa7f02a2d63a331fc782cfaf HTTP/1.1" 200 112440
INFO basehttp 187 "GET /static/plugins/bootstrap/css/bootstrap.min.css.map HTTP/1.1" 200 451427
INFO basehttp 187 "GET /spiders HTTP/1.1" 301 0
INFO basehttp 187 "GET /static/dist/js/BSA.js.map HTTP/1.1" 200 80969
INFO basehttp 187 "GET /static/plugins/bootstrap/js/bootstrap.bundle.min.js.map HTTP/1.1" 200 331017
INFO basehttp 187 "GET /spiders/ HTTP/1.1" 200 7193
INFO basehttp 187 "GET /static/css/bootstrap.min.css HTTP/1.1" 200 194901
INFO basehttp 187 "GET /static/dist/css/BSA.css HTTP/1.1" 200 20169
INFO basehttp 187 "GET /static/js/bootstrap.min.js HTTP/1.1" 200 60404
INFO basehttp 187 "GET /static/dist/js/BSA.js HTTP/1.1" 200 24803
INFO basehttp 187 "GET /static/plugins/bootstrap/js/bootstrap.bundle.min.js HTTP/1.1" 200 78129
INFO basehttp 187 "GET /static/css/bootstrap.min.css.map HTTP/1.1" 200 522639
INFO basehttp 187 "GET /static/js/bootstrap.min.js.map HTTP/1.1" 200 216913
INFO basehttp 187 "GET /static/dist/js/BSA.js.map HTTP/1.1" 200 80969
INFO basehttp 187 "GET /static/plugins/bootstrap/js/bootstrap.bundle.min.js.map HTTP/1.1" 200 331017
INFO basehttp 187 "GET /static/dist/img/favicon-32x32.png HTTP/1.1" 200 513
INFO autoreload 266 B:\02_Important\Python\0a_project\zol_phone\apps\crawler\views.py changed, reloading.
INFO autoreload 677 Watching for file changes with StatReloader
