2023-05-26 20:55:04 [scrapy.utils.log] INFO: Scrapy 2.9.0 started (bot: phone_crawler)
2023-05-26 20:55:04 [scrapy.utils.log] INFO: Versions: lxml 4.9.2.0, libxml2 2.9.12, cssselect 1.2.0, parsel 1.8.1, w3lib 2.1.1, Twisted 22.10.0, Python 3.10.11 | packaged by Anaconda, Inc. | (main, Apr 20 2023, 18:56:50) [MSC v.1916 64 bit (AMD64)], pyOpenSSL 23.1.1 (OpenSSL 3.1.0 14 Mar 2023), cryptography 40.0.2, Platform Windows-10-10.0.19045-SP0
2023-05-26 20:55:04 [scrapy.crawler] INFO: Overridden settings:
{'BOT_NAME': 'phone_crawler',
 'FEED_EXPORT_ENCODING': 'utf-8',
 'LOG_FILE': 'logs\\phone_crawler\\PhoneBrandSpider\\85a1742bfbc411ed94908cc681ed1a0d.log',
 'LOG_LEVEL': 'INFO',
 'NEWSPIDER_MODULE': 'phone_crawler.spiders',
 'REQUEST_FINGERPRINTER_IMPLEMENTATION': '2.7',
 'ROBOTSTXT_OBEY': True,
 'SPIDER_MODULES': ['phone_crawler.spiders']}
2023-05-26 20:55:04 [scrapy.extensions.telnet] INFO: Telnet Password: 664de66b9e8aa96a
2023-05-26 20:55:05 [scrapy.middleware] INFO: Enabled extensions:
['scrapy.extensions.corestats.CoreStats',
 'scrapy.extensions.telnet.TelnetConsole',
 'scrapy.extensions.logstats.LogStats']
2023-05-26 20:55:05 [scrapy.middleware] INFO: Enabled downloader middlewares:
['scrapy.downloadermiddlewares.robotstxt.RobotsTxtMiddleware',
 'scrapy.downloadermiddlewares.httpauth.HttpAuthMiddleware',
 'scrapy.downloadermiddlewares.downloadtimeout.DownloadTimeoutMiddleware',
 'scrapy.downloadermiddlewares.defaultheaders.DefaultHeadersMiddleware',
 'scrapy.downloadermiddlewares.useragent.UserAgentMiddleware',
 'scrapy.downloadermiddlewares.retry.RetryMiddleware',
 'scrapy.downloadermiddlewares.redirect.MetaRefreshMiddleware',
 'scrapy.downloadermiddlewares.httpcompression.HttpCompressionMiddleware',
 'scrapy.downloadermiddlewares.redirect.RedirectMiddleware',
 'scrapy.downloadermiddlewares.cookies.CookiesMiddleware',
 'scrapy.downloadermiddlewares.httpproxy.HttpProxyMiddleware',
 'scrapy.downloadermiddlewares.stats.DownloaderStats']
2023-05-26 20:55:05 [scrapy.middleware] INFO: Enabled spider middlewares:
['scrapy.spidermiddlewares.httperror.HttpErrorMiddleware',
 'scrapy.spidermiddlewares.offsite.OffsiteMiddleware',
 'scrapy.spidermiddlewares.referer.RefererMiddleware',
 'scrapy.spidermiddlewares.urllength.UrlLengthMiddleware',
 'scrapy.spidermiddlewares.depth.DepthMiddleware']
2023-05-26 20:55:05 [scrapy.middleware] INFO: Enabled item pipelines:
['phone_crawler.pipelines.BrandImagePipeline',
 'phone_crawler.pipelines.MysqlPipeline']
2023-05-26 20:55:05 [scrapy.core.engine] INFO: Spider opened
2023-05-26 20:55:05 [scrapy.extensions.logstats] INFO: Crawled 0 pages (at 0 pages/min), scraped 0 items (at 0 items/min)
2023-05-26 20:55:05 [scrapy.extensions.telnet] INFO: Telnet console listening on 127.0.0.1:6023
2023-05-26 20:55:06 [scrapy.core.engine] INFO: Closing spider (finished)
2023-05-26 20:55:06 [scrapy.statscollectors] INFO: Dumping Scrapy stats:
{'downloader/request_bytes': 13179,
 'downloader/request_count': 56,
 'downloader/request_method_count/GET': 56,
 'downloader/response_bytes': 296314,
 'downloader/response_count': 56,
 'downloader/response_status_count/200': 51,
 'downloader/response_status_count/403': 4,
 'downloader/response_status_count/404': 1,
 'elapsed_time_seconds': 1.032546,
 'file_count': 50,
 'file_status_count/downloaded': 50,
 'finish_reason': 'finished',
 'finish_time': datetime.datetime(2023, 5, 26, 12, 55, 6, 865339),
 'item_scraped_count': 50,
 'log_count/INFO': 10,
 'response_received_count': 56,
 'robotstxt/request_count': 5,
 'robotstxt/response_count': 5,
 'robotstxt/response_status_count/403': 4,
 'robotstxt/response_status_count/404': 1,
 'scheduler/dequeued': 1,
 'scheduler/dequeued/memory': 1,
 'scheduler/enqueued': 1,
 'scheduler/enqueued/memory': 1,
 'start_time': datetime.datetime(2023, 5, 26, 12, 55, 5, 832793)}
2023-05-26 20:55:06 [scrapy.core.engine] INFO: Spider closed (finished)
